#    1 | steps:     7 | steps_t:     0 | t: 0.026528 | r:  -506.000000 | e:   1.000000 | Q:        nan | won: False 
#    2 | steps:    22 | steps_t:     0 | t: 0.040068 | r:  -514.000000 | e:   1.000000 | Q:        nan | won: False 
#    3 | steps:    35 | steps_t:     0 | t: 0.052331 | r:  -512.000000 | e:   1.000000 | Q:        nan | won: False 
#    4 | steps:    45 | steps_t:     0 | t: 0.061853 | r:  -509.000000 | e:   1.000000 | Q:        nan | won: False 
#    5 | steps:    53 | steps_t:     0 | t: 0.073963 | r:  -507.000000 | e:   1.000000 | Q:        nan | won: False 
#    6 | steps:    60 | steps_t:     0 | t: 0.082096 | r:  -506.000000 | e:   1.000000 | Q:        nan | won: False 
#    7 | steps:    71 | steps_t:     0 | t: 0.093265 | r:  -510.000000 | e:   1.000000 | Q:        nan | won: False 
#    8 | steps:    83 | steps_t:     0 | t: 0.104058 | r:  -511.000000 | e:   1.000000 | Q:        nan | won: False 
#    9 | steps:    93 | steps_t:     0 | t: 0.118033 | r:  -509.000000 | e:   1.000000 | Q:        nan | won: False 
#   10 | steps:   100 | steps_t:     0 | t: 0.125556 | r:  -506.000000 | e:   1.000000 | Q:        nan | won: False 
#   11 | steps:   111 | steps_t:     0 | t: 0.135288 | r:  -510.000000 | e:   1.000000 | Q:        nan | won: False 
#   12 | steps:   132 | steps_t:     0 | t: 0.158066 | r:  -520.000000 | e:   1.000000 | Q:        nan | won: False 
#   13 | steps:   141 | steps_t:     0 | t: 0.166130 | r:  -508.000000 | e:   1.000000 | Q:        nan | won: False 
#   14 | steps:   157 | steps_t:     0 | t: 0.184644 | r:  -515.000000 | e:   1.000000 | Q:        nan | won: False 
#   15 | steps:   164 | steps_t:     0 | t: 0.192723 | r:  -506.000000 | e:   1.000000 | Q:        nan | won: False 
#   16 | steps:   175 | steps_t:     0 | t: 0.203997 | r:  -510.000000 | e:   1.000000 | Q:        nan | won: False 
#   17 | steps:   181 | steps_t:     0 | t: 0.210305 | r:  -505.000000 | e:   1.000000 | Q:        nan | won: False 
#   18 | steps:   188 | steps_t:     0 | t: 0.222541 | r:  -506.000000 | e:   1.000000 | Q:        nan | won: False 
#   19 | steps:   199 | steps_t:     0 | t: 0.232621 | r:  -510.000000 | e:   1.000000 | Q:        nan | won: False 
#   20 | steps:   206 | steps_t:     0 | t: 0.239810 | r:  -506.000000 | e:   1.000000 | Q:        nan | won: False 
#   21 | steps:   215 | steps_t:     0 | t: 0.249097 | r:  -508.000000 | e:   1.000000 | Q:        nan | won: False 
#   22 | steps:   220 | steps_t:     0 | t: 0.257728 | r:  -504.000000 | e:   1.000000 | Q:        nan | won: False 
#   23 | steps:   230 | steps_t:     0 | t: 0.268563 | r:  -509.000000 | e:   1.000000 | Q:        nan | won: False 
#   24 | steps:   236 | steps_t:     0 | t: 0.274348 | r:  -505.000000 | e:   1.000000 | Q:        nan | won: False 
#   25 | steps:   248 | steps_t:     0 | t: 0.289094 | r:  -511.000000 | e:   1.000000 | Q:        nan | won: False 
#   26 | steps:   254 | steps_t:     0 | t: 0.299122 | r:  -505.000000 | e:   1.000000 | Q:        nan | won: False 
#   27 | steps:   272 | steps_t:     0 | t: 0.328387 | r:  -517.000000 | e:   1.000000 | Q:        nan | won: False 
#   28 | steps:   280 | steps_t:     0 | t: 0.342535 | r:  -507.000000 | e:   1.000000 | Q:        nan | won: False 
#   29 | steps:   287 | steps_t:     0 | t: 0.354683 | r:  -506.000000 | e:   1.000000 | Q:        nan | won: False 
#   30 | steps:   297 | steps_t:     0 | t: 0.371301 | r:  -509.000000 | e:   1.000000 | Q:        nan | won: False 
#   31 | steps:   305 | steps_t:     0 | t: 0.382538 | r:  -507.000000 | e:   1.000000 | Q:        nan | won: False 
#   32 | steps:   312 | steps_t:     0 | t: 0.393623 | r:  -506.000000 | e:   1.000000 | Q:        nan | won: False 
#   33 | steps:   320 | steps_t:     0 | t: 0.407297 | r:  -507.000000 | e:   1.000000 | Q:        nan | won: False 
#   34 | steps:   334 | steps_t:     0 | t: 0.423724 | r:  -502.000000 | e:   1.000000 | Q:        nan | won: False 
#   35 | steps:   346 | steps_t:     0 | t: 0.444851 | r:  -511.000000 | e:   1.000000 | Q:        nan | won: False 
#   36 | steps:   353 | steps_t:     0 | t: 0.456771 | r:  -506.000000 | e:   1.000000 | Q:        nan | won: False 
#   37 | steps:   376 | steps_t:     0 | t: 0.488728 | r:  -522.000000 | e:   1.000000 | Q:        nan | won: False 
#   38 | steps:   384 | steps_t:     0 | t: 0.501299 | r:  -507.000000 | e:   1.000000 | Q:        nan | won: False 
#   39 | steps:   394 | steps_t:     0 | t: 0.517840 | r:  -509.000000 | e:   1.000000 | Q:        nan | won: False 
#   40 | steps:   403 | steps_t:     0 | t: 0.532501 | r:  -508.000000 | e:   1.000000 | Q:        nan | won: False 
#   41 | steps:   412 | steps_t:     0 | t: 0.547037 | r:  -508.000000 | e:   1.000000 | Q:        nan | won: False 
#   42 | steps:   418 | steps_t:     0 | t: 0.557797 | r:  -505.000000 | e:   1.000000 | Q:        nan | won: False 
#   43 | steps:   429 | steps_t:     0 | t: 0.575409 | r:  -510.000000 | e:   1.000000 | Q:        nan | won: False 
#   44 | steps:   437 | steps_t:     0 | t: 0.588335 | r:  -507.000000 | e:   1.000000 | Q:        nan | won: False 
#   45 | steps:   456 | steps_t:     0 | t: 0.609608 | r:  -518.000000 | e:   1.000000 | Q:        nan | won: False 
#   46 | steps:   464 | steps_t:     0 | t: 0.621847 | r:  -507.000000 | e:   1.000000 | Q:        nan | won: False 
#   47 | steps:   473 | steps_t:     0 | t: 0.630893 | r:  -508.000000 | e:   1.000000 | Q:        nan | won: False 
#   48 | steps:   492 | steps_t:     0 | t: 0.652609 | r:  -507.000000 | e:   1.000000 | Q:        nan | won: False 
#   49 | steps:   501 | steps_t:     0 | t: 0.661690 | r:  -508.000000 | e:   1.000000 | Q:        nan | won: False 
#   50 | steps:   516 | steps_t:     0 | t: 0.677503 | r:  -514.000000 | e:   1.000000 | Q:        nan | won: False 
#   51 | steps:   523 | steps_t:     0 | t: 0.688184 | r:  -506.000000 | e:   1.000000 | Q:        nan | won: False 
#   52 | steps:   531 | steps_t:     0 | t: 0.701458 | r:  -507.000000 | e:   1.000000 | Q:        nan | won: False 
#   53 | steps:   543 | steps_t:     0 | t: 0.721255 | r:  -511.000000 | e:   1.000000 | Q:        nan | won: False 
#   54 | steps:   554 | steps_t:     0 | t: 0.738152 | r:  -510.000000 | e:   1.000000 | Q:        nan | won: False 
#   55 | steps:   566 | steps_t:     0 | t: 0.748635 | r:  -511.000000 | e:   1.000000 | Q:        nan | won: False 
#   56 | steps:   574 | steps_t:     0 | t: 0.756982 | r:  -507.000000 | e:   1.000000 | Q:        nan | won: False 
#   57 | steps:   583 | steps_t:     0 | t: 0.767309 | r:  -508.000000 | e:   1.000000 | Q:        nan | won: False 
#   58 | steps:   590 | steps_t:     0 | t: 0.774599 | r:  -506.000000 | e:   1.000000 | Q:        nan | won: False 
#   59 | steps:   599 | steps_t:     0 | t: 0.782904 | r:  -508.000000 | e:   1.000000 | Q:        nan | won: False 
#   60 | steps:   609 | steps_t:     0 | t: 0.793195 | r:  -509.000000 | e:   1.000000 | Q:        nan | won: False 
#   61 | steps:   618 | steps_t:     0 | t: 0.805516 | r:  -508.000000 | e:   1.000000 | Q:        nan | won: False 
#   62 | steps:   628 | steps_t:     0 | t: 0.816066 | r:  -509.000000 | e:   1.000000 | Q:        nan | won: False 
#   63 | steps:   638 | steps_t:     0 | t: 0.826462 | r:  -509.000000 | e:   1.000000 | Q:        nan | won: False 
#   64 | steps:   659 | steps_t:     0 | t: 0.851178 | r:  -520.000000 | e:   1.000000 | Q:        nan | won: False 
#   65 | steps:   673 | steps_t:     0 | t: 0.864485 | r:  -513.000000 | e:   1.000000 | Q:        nan | won: False 
#   66 | steps:   681 | steps_t:     0 | t: 0.872647 | r:  -507.000000 | e:   1.000000 | Q:        nan | won: False 
#   67 | steps:   697 | steps_t:     0 | t: 0.891703 | r:  -515.000000 | e:   1.000000 | Q:        nan | won: False 
#   68 | steps:   711 | steps_t:     0 | t: 0.904214 | r:  -513.000000 | e:   1.000000 | Q:        nan | won: False 
#   69 | steps:   718 | steps_t:     0 | t: 0.912096 | r:  -506.000000 | e:   1.000000 | Q:        nan | won: False 
#   70 | steps:   727 | steps_t:     0 | t: 0.922028 | r:  -508.000000 | e:   1.000000 | Q:        nan | won: False 
#   71 | steps:   734 | steps_t:     0 | t: 0.929163 | r:  -506.000000 | e:   1.000000 | Q:        nan | won: False 
#   72 | steps:   740 | steps_t:     0 | t: 0.936580 | r:  -505.000000 | e:   1.000000 | Q:        nan | won: False 
#   73 | steps:   761 | steps_t:     0 | t: 0.960022 | r:  -520.000000 | e:   1.000000 | Q:        nan | won: False 
#   74 | steps:   768 | steps_t:     0 | t: 0.968055 | r:  -506.000000 | e:   1.000000 | Q:        nan | won: False 
#   75 | steps:   775 | steps_t:     0 | t: 0.974535 | r:  -506.000000 | e:   1.000000 | Q:        nan | won: False 
#   76 | steps:   801 | steps_t:     0 | t: 1.008239 | r:  -514.000000 | e:   1.000000 | Q:        nan | won: False 
#   77 | steps:   811 | steps_t:     0 | t: 1.017460 | r:  -509.000000 | e:   1.000000 | Q:        nan | won: False 
#   78 | steps:   816 | steps_t:     0 | t: 1.024594 | r:  -504.000000 | e:   1.000000 | Q:        nan | won: False 
#   79 | steps:   831 | steps_t:     0 | t: 1.038843 | r:  -514.000000 | e:   1.000000 | Q:        nan | won: False 
#   80 | steps:   861 | steps_t:     0 | t: 1.068817 | r:  -529.000000 | e:   1.000000 | Q:        nan | won: False 
#   81 | steps:   872 | steps_t:     0 | t: 1.078831 | r:  -510.000000 | e:   1.000000 | Q:        nan | won: False 
#   82 | steps:   892 | steps_t:     0 | t: 1.101193 | r:  -519.000000 | e:   1.000000 | Q:        nan | won: False 
#   83 | steps:   914 | steps_t:     0 | t: 1.136464 | r:  -521.000000 | e:   1.000000 | Q:        nan | won: False 
#   84 | steps:   925 | steps_t:     0 | t: 1.155627 | r:  -510.000000 | e:   1.000000 | Q:        nan | won: False 
#   85 | steps:   955 | steps_t:     0 | t: 1.184944 | r:  -518.000000 | e:   1.000000 | Q:        nan | won: False 
#   86 | steps:   964 | steps_t:     0 | t: 1.193294 | r:  -508.000000 | e:   1.000000 | Q:        nan | won: False 
#   87 | steps:   973 | steps_t:     0 | t: 1.202420 | r:  -508.000000 | e:   1.000000 | Q:        nan | won: False 
#   88 | steps:   984 | steps_t:     0 | t: 1.216103 | r:  -510.000000 | e:   1.000000 | Q:        nan | won: False 
#   89 | steps:   991 | steps_t:     0 | t: 1.224060 | r:  -506.000000 | e:   1.000000 | Q:        nan | won: False 
#   90 | steps:  1004 | steps_t:     0 | t: 1.237566 | r:  -512.000000 | e:   1.000000 | Q:        nan | won: False 
#   91 | steps:  1012 | steps_t:     0 | t: 1.249576 | r:  -507.000000 | e:   1.000000 | Q:        nan | won: False 
#   92 | steps:  1024 | steps_t:     0 | t: 1.260608 | r:  -511.000000 | e:   1.000000 | Q:        nan | won: False 
#   93 | steps:  1034 | steps_t:     0 | t: 1.270663 | r:  -509.000000 | e:   1.000000 | Q:        nan | won: False 
#   94 | steps:  1045 | steps_t:     0 | t: 1.285532 | r:  -510.000000 | e:   1.000000 | Q:        nan | won: False 
#   95 | steps:  1055 | steps_t:     0 | t: 1.294691 | r:  -509.000000 | e:   1.000000 | Q:        nan | won: False 
#   96 | steps:  1064 | steps_t:     0 | t: 1.305968 | r:  -508.000000 | e:   1.000000 | Q:        nan | won: False 
#   97 | steps:  1072 | steps_t:     0 | t: 1.315449 | r:  -507.000000 | e:   1.000000 | Q:        nan | won: False 
#   98 | steps:  1081 | steps_t:     0 | t: 1.324784 | r:  -508.000000 | e:   1.000000 | Q:        nan | won: False 
#   99 | steps:  1102 | steps_t:     0 | t: 1.346573 | r:  -520.000000 | e:   1.000000 | Q:        nan | won: False 
#  100 | steps:  1111 | steps_t:     0 | t: 1.356591 | r:  -508.000000 | e:   1.000000 | Q:        nan | won: False 
#  101 | steps:  1119 | steps_t:     0 | t: 1.363930 | r:  -507.000000 | e:   1.000000 | Q:        nan | won: False 
#  102 | steps:  1131 | steps_t:     0 | t: 1.376348 | r:  -511.000000 | e:   1.000000 | Q:        nan | won: False 
#  103 | steps:  1139 | steps_t:     0 | t: 1.387780 | r:  -507.000000 | e:   1.000000 | Q:        nan | won: False 
#  104 | steps:  1146 | steps_t:     0 | t: 1.394336 | r:  -506.000000 | e:   1.000000 | Q:        nan | won: False 
#  105 | steps:  1155 | steps_t:     0 | t: 1.404343 | r:  -508.000000 | e:   1.000000 | Q:        nan | won: False 
#  106 | steps:  1170 | steps_t:     0 | t: 1.422051 | r:  -514.000000 | e:   1.000000 | Q:        nan | won: False 
#  107 | steps:  1184 | steps_t:     0 | t: 1.435847 | r:  -513.000000 | e:   1.000000 | Q:        nan | won: False 
#  108 | steps:  1191 | steps_t:     0 | t: 1.442272 | r:  -506.000000 | e:   1.000000 | Q:        nan | won: False 
#  109 | steps:  1200 | steps_t:     0 | t: 1.454343 | r:  -508.000000 | e:   1.000000 | Q:        nan | won: False 
#  110 | steps:  1208 | steps_t:     0 | t: 1.468087 | r:  -507.000000 | e:   1.000000 | Q:        nan | won: False 
#  111 | steps:  1219 | steps_t:     0 | t: 1.487325 | r:  -510.000000 | e:   1.000000 | Q:        nan | won: False 
#  112 | steps:  1230 | steps_t:     0 | t: 1.505135 | r:  -510.000000 | e:   1.000000 | Q:        nan | won: False 
#  113 | steps:  1237 | steps_t:     0 | t: 1.512979 | r:  -506.000000 | e:   1.000000 | Q:        nan | won: False 
#  114 | steps:  1254 | steps_t:     0 | t: 1.528609 | r:  -516.000000 | e:   1.000000 | Q:        nan | won: False 
#  115 | steps:  1263 | steps_t:     0 | t: 1.541165 | r:  -508.000000 | e:   1.000000 | Q:        nan | won: False 
#  116 | steps:  1269 | steps_t:     0 | t: 1.546563 | r:  -505.000000 | e:   1.000000 | Q:        nan | won: False 
#  117 | steps:  1276 | steps_t:     0 | t: 1.553902 | r:  -506.000000 | e:   1.000000 | Q:        nan | won: False 
#  118 | steps:  1293 | steps_t:     0 | t: 1.640773 | r:  -516.000000 | e:   1.000000 | Q:        nan | won: False 
#  119 | steps:  1301 | steps_t:     0 | t: 1.652243 | r:  -507.000000 | e:   1.000000 | Q:        nan | won: False 
#  120 | steps:  1325 | steps_t:     0 | t: 1.689875 | r:  -523.000000 | e:   1.000000 | Q:        nan | won: False 
#  121 | steps:  1335 | steps_t:     0 | t: 1.701906 | r:  -509.000000 | e:   1.000000 | Q:        nan | won: False 
#  122 | steps:  1343 | steps_t:     0 | t: 1.710097 | r:  -507.000000 | e:   1.000000 | Q:        nan | won: False 
#  123 | steps:  1352 | steps_t:     0 | t: 1.719007 | r:  -508.000000 | e:   1.000000 | Q:        nan | won: False 
#  124 | steps:  1360 | steps_t:     0 | t: 1.727692 | r:  -507.000000 | e:   1.000000 | Q:        nan | won: False 
#  125 | steps:  1367 | steps_t:     0 | t: 1.738780 | r:  -506.000000 | e:   1.000000 | Q:        nan | won: False 
#  126 | steps:  1389 | steps_t:     0 | t: 1.774689 | r:  -521.000000 | e:   1.000000 | Q:        nan | won: False 
#  127 | steps:  1396 | steps_t:     0 | t: 1.786651 | r:  -506.000000 | e:   1.000000 | Q:        nan | won: False 
#  128 | steps:  1404 | steps_t:     0 | t: 1.800245 | r:  -507.000000 | e:   1.000000 | Q:        nan | won: False 
#  129 | steps:  1419 | steps_t:     0 | t: 1.824968 | r:  -503.000000 | e:   1.000000 | Q:        nan | won: False 
#  130 | steps:  1430 | steps_t:     0 | t: 1.843125 | r:  -510.000000 | e:   1.000000 | Q:        nan | won: False 
#  131 | steps:  1438 | steps_t:     0 | t: 1.856259 | r:  -507.000000 | e:   1.000000 | Q:        nan | won: False 
#  132 | steps:  1445 | steps_t:     0 | t: 1.868017 | r:  -506.000000 | e:   1.000000 | Q:        nan | won: False 
#  133 | steps:  1454 | steps_t:     0 | t: 1.883210 | r:  -508.000000 | e:   1.000000 | Q:        nan | won: False 
#  134 | steps:  1469 | steps_t:     0 | t: 1.898704 | r:  -514.000000 | e:   1.000000 | Q:        nan | won: False 
#  135 | steps:  1475 | steps_t:     0 | t: 1.904953 | r:  -505.000000 | e:   1.000000 | Q:        nan | won: False 
#  136 | steps:  1483 | steps_t:     0 | t: 1.914159 | r:  -507.000000 | e:   1.000000 | Q:        nan | won: False 
#  137 | steps:  1492 | steps_t:     0 | t: 1.924256 | r:  -508.000000 | e:   1.000000 | Q:        nan | won: False 
#  138 | steps:  1508 | steps_t:     0 | t: 1.939463 | r:  -515.000000 | e:   1.000000 | Q:        nan | won: False 
#  139 | steps:  1527 | steps_t:     0 | t: 1.966919 | r:  -518.000000 | e:   1.000000 | Q:        nan | won: False 
#  140 | steps:  1540 | steps_t:     0 | t: 1.988247 | r:  -512.000000 | e:   1.000000 | Q:        nan | won: False 
#  141 | steps:  1547 | steps_t:     0 | t: 2.000353 | r:  -506.000000 | e:   1.000000 | Q:        nan | won: False 
#  142 | steps:  1557 | steps_t:     0 | t: 2.010829 | r:  -509.000000 | e:   1.000000 | Q:        nan | won: False 
#  143 | steps:  1577 | steps_t:     0 | t: 2.031308 | r:  -519.000000 | e:   1.000000 | Q:        nan | won: False 
#  144 | steps:  1586 | steps_t:     0 | t: 2.045663 | r:  -508.000000 | e:   1.000000 | Q:        nan | won: False 
#  145 | steps:  1596 | steps_t:     0 | t: 2.061945 | r:  -509.000000 | e:   1.000000 | Q:        nan | won: False 
#  146 | steps:  1603 | steps_t:     0 | t: 2.073459 | r:  -506.000000 | e:   1.000000 | Q:        nan | won: False 
#  147 | steps:  1614 | steps_t:     0 | t: 2.091677 | r:  -510.000000 | e:   1.000000 | Q:        nan | won: False 
#  148 | steps:  1627 | steps_t:     0 | t: 2.113489 | r:  -512.000000 | e:   1.000000 | Q:        nan | won: False 
#  149 | steps:  1644 | steps_t:     0 | t: 2.139140 | r:  -516.000000 | e:   1.000000 | Q:        nan | won: False 
#  150 | steps:  1661 | steps_t:     0 | t: 2.155539 | r:  -516.000000 | e:   1.000000 | Q:        nan | won: False 
#  151 | steps:  1672 | steps_t:     0 | t: 2.168965 | r:  -510.000000 | e:   1.000000 | Q:        nan | won: False 
#  152 | steps:  1682 | steps_t:     0 | t: 2.178264 | r:  -509.000000 | e:   1.000000 | Q:        nan | won: False 
#  153 | steps:  1704 | steps_t:     0 | t: 2.201350 | r:  -521.000000 | e:   1.000000 | Q:        nan | won: False 
#  154 | steps:  1712 | steps_t:     0 | t: 2.209516 | r:  -507.000000 | e:   1.000000 | Q:        nan | won: False 
#  155 | steps:  1718 | steps_t:     0 | t: 2.216351 | r:  -505.000000 | e:   1.000000 | Q:        nan | won: False 
#  156 | steps:  1726 | steps_t:     0 | t: 2.225300 | r:  -507.000000 | e:   1.000000 | Q:        nan | won: False 
#  157 | steps:  1747 | steps_t:     0 | t: 2.248110 | r:  -520.000000 | e:   1.000000 | Q:        nan | won: False 
#  158 | steps:  1766 | steps_t:     0 | t: 2.268748 | r:  -518.000000 | e:   1.000000 | Q:        nan | won: False 
#  159 | steps:  1773 | steps_t:     0 | t: 2.275751 | r:  -506.000000 | e:   1.000000 | Q:        nan | won: False 
#  160 | steps:  1781 | steps_t:     0 | t: 2.283739 | r:  -507.000000 | e:   1.000000 | Q:        nan | won: False 
#  161 | steps:  1794 | steps_t:     0 | t: 2.298121 | r:  -512.000000 | e:   1.000000 | Q:        nan | won: False 
#  162 | steps:  1804 | steps_t:     0 | t: 2.308576 | r:  -509.000000 | e:   1.000000 | Q:        nan | won: False 
#  163 | steps:  1811 | steps_t:     0 | t: 2.316203 | r:  -506.000000 | e:   1.000000 | Q:        nan | won: False 
#  164 | steps:  1824 | steps_t:     0 | t: 2.331208 | r:  -512.000000 | e:   1.000000 | Q:        nan | won: False 
#  165 | steps:  1837 | steps_t:     0 | t: 2.345055 | r:  -512.000000 | e:   1.000000 | Q:        nan | won: False 
#  166 | steps:  1852 | steps_t:     0 | t: 2.359559 | r:  -514.000000 | e:   1.000000 | Q:        nan | won: False 
#  167 | steps:  1865 | steps_t:     0 | t: 2.374475 | r:  -501.000000 | e:   1.000000 | Q:        nan | won: False 
#  168 | steps:  1873 | steps_t:     0 | t: 2.382497 | r:  -507.000000 | e:   1.000000 | Q:        nan | won: False 
#  169 | steps:  1884 | steps_t:     0 | t: 2.392950 | r:  -510.000000 | e:   1.000000 | Q:        nan | won: False 
#  170 | steps:  1891 | steps_t:     0 | t: 2.403351 | r:  -506.000000 | e:   1.000000 | Q:        nan | won: False 
#  171 | steps:  1900 | steps_t:     0 | t: 2.417780 | r:  -508.000000 | e:   1.000000 | Q:        nan | won: False 
#  172 | steps:  1905 | steps_t:     0 | t: 2.424596 | r:  -504.000000 | e:   1.000000 | Q:        nan | won: False 
#  173 | steps:  1925 | steps_t:     0 | t: 2.445702 | r:  -519.000000 | e:   1.000000 | Q:        nan | won: False 
#  174 | steps:  1940 | steps_t:     0 | t: 2.460780 | r:  -492.000000 | e:   1.000000 | Q:        nan | won: False 
#  175 | steps:  1956 | steps_t:     0 | t: 2.476487 | r:  -504.000000 | e:   1.000000 | Q:        nan | won: False 
#  176 | steps:  1966 | steps_t:     0 | t: 2.488357 | r:  -509.000000 | e:   1.000000 | Q:        nan | won: False 
#  177 | steps:  1988 | steps_t:     0 | t: 2.509764 | r:  -521.000000 | e:   1.000000 | Q:        nan | won: False 
#  178 | steps:  2008 | steps_t:     0 | t: 2.531753 | r:  -519.000000 | e:   1.000000 | Q:        nan | won: False 
#  179 | steps:  2024 | steps_t:     0 | t: 2.549279 | r:  -515.000000 | e:   1.000000 | Q:        nan | won: False 
#  180 | steps:  2033 | steps_t:     0 | t: 2.558431 | r:  -508.000000 | e:   1.000000 | Q:        nan | won: False 
#  181 | steps:  2042 | steps_t:     0 | t: 2.567598 | r:  -508.000000 | e:   1.000000 | Q:        nan | won: False 
#  182 | steps:  2053 | steps_t:     0 | t: 2.579109 | r:  -510.000000 | e:   1.000000 | Q:        nan | won: False 
#  183 | steps:  2060 | steps_t:     0 | t: 2.589505 | r:  -506.000000 | e:   1.000000 | Q:        nan | won: False 
#  184 | steps:  2068 | steps_t:     0 | t: 2.603441 | r:  -507.000000 | e:   1.000000 | Q:        nan | won: False 
#  185 | steps:  2076 | steps_t:     0 | t: 2.616919 | r:  -507.000000 | e:   1.000000 | Q:        nan | won: False 
#  186 | steps:  2084 | steps_t:     0 | t: 2.629973 | r:  -507.000000 | e:   1.000000 | Q:        nan | won: False 
#  187 | steps:  2092 | steps_t:     0 | t: 2.644283 | r:  -507.000000 | e:   1.000000 | Q:        nan | won: False 
#  188 | steps:  2100 | steps_t:     0 | t: 2.657818 | r:  -507.000000 | e:   1.000000 | Q:        nan | won: False 
#  189 | steps:  2122 | steps_t:     0 | t: 2.694219 | r:  -510.000000 | e:   1.000000 | Q:        nan | won: False 
#  190 | steps:  2129 | steps_t:     0 | t: 2.706223 | r:  -506.000000 | e:   1.000000 | Q:        nan | won: False 
#  191 | steps:  2148 | steps_t:     0 | t: 2.736690 | r:  -518.000000 | e:   1.000000 | Q:        nan | won: False 
#  192 | steps:  2168 | steps_t:     0 | t: 2.756250 | r:  -519.000000 | e:   1.000000 | Q:        nan | won: False 
#  193 | steps:  2183 | steps_t:     0 | t: 2.774341 | r:  -492.000000 | e:   1.000000 | Q:        nan | won: False 
#  194 | steps:  2191 | steps_t:     0 | t: 2.782663 | r:  -507.000000 | e:   1.000000 | Q:        nan | won: False 
#  195 | steps:  2199 | steps_t:     0 | t: 2.790355 | r:  -507.000000 | e:   1.000000 | Q:        nan | won: False 
#  196 | steps:  2206 | steps_t:     0 | t: 2.799687 | r:  -506.000000 | e:   1.000000 | Q:        nan | won: False 
#  197 | steps:  2218 | steps_t:     0 | t: 2.818445 | r:  -511.000000 | e:   1.000000 | Q:        nan | won: False 
#  198 | steps:  2229 | steps_t:     0 | t: 2.836539 | r:  -510.000000 | e:   1.000000 | Q:        nan | won: False 
#  199 | steps:  2244 | steps_t:     0 | t: 2.861794 | r:  -503.000000 | e:   1.000000 | Q:        nan | won: False 
#  200 | steps:  2253 | steps_t:     0 | t: 2.877004 | r:  -508.000000 | e:   1.000000 | Q:        nan | won: False 
#  201 | steps:  2261 | steps_t:     0 | t: 2.890203 | r:  -507.000000 | e:   1.000000 | Q:        nan | won: False 
#  202 | steps:  2270 | steps_t:     0 | t: 2.903224 | r:  -508.000000 | e:   1.000000 | Q:        nan | won: False 
#  203 | steps:  2285 | steps_t:     0 | t: 2.918134 | r:  -514.000000 | e:   1.000000 | Q:        nan | won: False 
#  204 | steps:  2296 | steps_t:     0 | t: 2.932786 | r:  -510.000000 | e:   1.000000 | Q:        nan | won: False 
#  205 | steps:  2312 | steps_t:     0 | t: 2.958310 | r:  -515.000000 | e:   1.000000 | Q:        nan | won: False 
#  206 | steps:  2323 | steps_t:     0 | t: 2.975739 | r:  -510.000000 | e:   1.000000 | Q:        nan | won: False 
#  207 | steps:  2332 | steps_t:     0 | t: 2.990746 | r:  -508.000000 | e:   1.000000 | Q:        nan | won: False 
#  208 | steps:  2342 | steps_t:     0 | t: 2.999698 | r:  -509.000000 | e:   1.000000 | Q:        nan | won: False 
#  209 | steps:  2353 | steps_t:     0 | t: 3.009857 | r:  -510.000000 | e:   1.000000 | Q:        nan | won: False 
#  210 | steps:  2376 | steps_t:     0 | t: 3.047448 | r:  -522.000000 | e:   1.000000 | Q:        nan | won: False 
#  211 | steps:  2394 | steps_t:     0 | t: 3.074733 | r:  -517.000000 | e:   1.000000 | Q:        nan | won: False 
#  212 | steps:  2415 | steps_t:     0 | t: 3.093835 | r:  -520.000000 | e:   1.000000 | Q:        nan | won: False 
#  213 | steps:  2423 | steps_t:     0 | t: 3.104829 | r:  -507.000000 | e:   1.000000 | Q:        nan | won: False 
#  214 | steps:  2437 | steps_t:     0 | t: 3.118472 | r:  -502.000000 | e:   1.000000 | Q:        nan | won: False 
#  215 | steps:  2452 | steps_t:     0 | t: 3.134154 | r:  -503.000000 | e:   1.000000 | Q:        nan | won: False 
#  216 | steps:  2463 | steps_t:     0 | t: 3.152308 | r:  -510.000000 | e:   1.000000 | Q:        nan | won: False 
#  217 | steps:  2477 | steps_t:     0 | t: 3.175267 | r:  -513.000000 | e:   1.000000 | Q:        nan | won: False 
#  218 | steps:  2490 | steps_t:     0 | t: 3.197989 | r:  -512.000000 | e:   1.000000 | Q:        nan | won: False 
#  219 | steps:  2498 | steps_t:     0 | t: 3.211293 | r:  -507.000000 | e:   1.000000 | Q:        nan | won: False 
#  220 | steps:  2506 | steps_t:     0 | t: 3.224422 | r:  -507.000000 | e:   1.000000 | Q:        nan | won: False 
#  221 | steps:  2513 | steps_t:     0 | t: 3.235047 | r:  -506.000000 | e:   1.000000 | Q:        nan | won: False 
#  222 | steps:  2520 | steps_t:     0 | t: 3.242351 | r:  -506.000000 | e:   1.000000 | Q:        nan | won: False 
#  223 | steps:  2534 | steps_t:     0 | t: 3.255193 | r:  -502.000000 | e:   1.000000 | Q:        nan | won: False 
#  224 | steps:  2542 | steps_t:     0 | t: 3.263698 | r:  -507.000000 | e:   1.000000 | Q:        nan | won: False 
#  225 | steps:  2550 | steps_t:     0 | t: 3.273908 | r:  -507.000000 | e:   1.000000 | Q:        nan | won: False 
#  226 | steps:  2560 | steps_t:     0 | t: 3.282749 | r:  -509.000000 | e:   1.000000 | Q:        nan | won: False 
#  227 | steps:  2572 | steps_t:     0 | t: 3.294332 | r:  -511.000000 | e:   1.000000 | Q:        nan | won: False 
#  228 | steps:  2582 | steps_t:     0 | t: 3.308172 | r:  -509.000000 | e:   1.000000 | Q:        nan | won: False 
#  229 | steps:  2594 | steps_t:     0 | t: 3.319777 | r:  -511.000000 | e:   1.000000 | Q:        nan | won: False 
#  230 | steps:  2613 | steps_t:     0 | t: 3.343643 | r:  -518.000000 | e:   1.000000 | Q:        nan | won: False 
#  231 | steps:  2630 | steps_t:     0 | t: 3.370831 | r:  -516.000000 | e:   1.000000 | Q:        nan | won: False 
#  232 | steps:  2638 | steps_t:     0 | t: 3.384951 | r:  -507.000000 | e:   1.000000 | Q:        nan | won: False 
#  233 | steps:  2646 | steps_t:     0 | t: 3.399335 | r:  -507.000000 | e:   1.000000 | Q:        nan | won: False 
#  234 | steps:  2656 | steps_t:     0 | t: 3.412309 | r:  -509.000000 | e:   1.000000 | Q:        nan | won: False 
#  235 | steps:  2663 | steps_t:     0 | t: 3.419327 | r:  -506.000000 | e:   1.000000 | Q:        nan | won: False 
#  236 | steps:  2676 | steps_t:     0 | t: 3.433489 | r:  -512.000000 | e:   1.000000 | Q:        nan | won: False 
#  237 | steps:  2686 | steps_t:     0 | t: 3.443151 | r:  -509.000000 | e:   1.000000 | Q:        nan | won: False 
#  238 | steps:  2695 | steps_t:     0 | t: 3.452147 | r:  -508.000000 | e:   1.000000 | Q:        nan | won: False 
#  239 | steps:  2720 | steps_t:     0 | t: 3.478364 | r:  -524.000000 | e:   1.000000 | Q:        nan | won: False 
#  240 | steps:  2737 | steps_t:     0 | t: 3.497530 | r:  -516.000000 | e:   1.000000 | Q:        nan | won: False 
#  241 | steps:  2753 | steps_t:     0 | t: 3.521722 | r:  -515.000000 | e:   1.000000 | Q:        nan | won: False 
#  242 | steps:  2763 | steps_t:     0 | t: 3.538123 | r:  -509.000000 | e:   1.000000 | Q:        nan | won: False 
#  243 | steps:  2772 | steps_t:     0 | t: 3.552917 | r:  -508.000000 | e:   1.000000 | Q:        nan | won: False 
#  244 | steps:  2779 | steps_t:     0 | t: 3.564929 | r:  -506.000000 | e:   1.000000 | Q:        nan | won: False 
#  245 | steps:  2790 | steps_t:     0 | t: 3.579816 | r:  -510.000000 | e:   1.000000 | Q:        nan | won: False 
#  246 | steps:  2803 | steps_t:     0 | t: 3.591674 | r:  -512.000000 | e:   1.000000 | Q:        nan | won: False 
#  247 | steps:  2820 | steps_t:     0 | t: 3.611070 | r:  -516.000000 | e:   1.000000 | Q:        nan | won: False 
#  248 | steps:  2827 | steps_t:     0 | t: 3.618259 | r:  -506.000000 | e:   1.000000 | Q:        nan | won: False 
#  249 | steps:  2838 | steps_t:     0 | t: 3.631548 | r:  -510.000000 | e:   1.000000 | Q:        nan | won: False 
#  250 | steps:  2855 | steps_t:     0 | t: 3.648161 | r:  -516.000000 | e:   1.000000 | Q:        nan | won: False 
#  251 | steps:  2861 | steps_t:     0 | t: 3.654480 | r:  -505.000000 | e:   1.000000 | Q:        nan | won: False 
#  252 | steps:  2874 | steps_t:     0 | t: 3.669519 | r:  -512.000000 | e:   1.000000 | Q:        nan | won: False 
#  253 | steps:  2884 | steps_t:     0 | t: 3.679338 | r:  -509.000000 | e:   1.000000 | Q:        nan | won: False 
#  254 | steps:  2891 | steps_t:     0 | t: 3.686065 | r:  -506.000000 | e:   1.000000 | Q:        nan | won: False 
#  255 | steps:  2904 | steps_t:     0 | t: 3.701881 | r:  -512.000000 | e:   1.000000 | Q:        nan | won: False 
#  256 | steps:  2916 | steps_t:     0 | t: 3.713712 | r:  -511.000000 | e:   1.000000 | Q:        nan | won: False 
#  257 | steps:  2936 | steps_t:     0 | t: 3.736535 | r:  -508.000000 | e:   1.000000 | Q:        nan | won: False 
#  258 | steps:  2945 | steps_t:     0 | t: 3.745273 | r:  -508.000000 | e:   1.000000 | Q:        nan | won: False 
#  259 | steps:  2955 | steps_t:     0 | t: 3.754735 | r:  -509.000000 | e:   1.000000 | Q:        nan | won: False 
#  260 | steps:  2963 | steps_t:     0 | t: 3.763366 | r:  -507.000000 | e:   1.000000 | Q:        nan | won: False 
#  261 | steps:  2971 | steps_t:     0 | t: 3.774815 | r:  -507.000000 | e:   1.000000 | Q:        nan | won: False 
#  262 | steps:  2987 | steps_t:     0 | t: 3.801237 | r:  -515.000000 | e:   1.000000 | Q:        nan | won: False 
#  263 | steps:  3000 | steps_t:     0 | t: 3.821445 | r:  -512.000000 | e:   1.000000 | Q:        nan | won: False 
#  264 | steps:  3010 | steps_t:     0 | t: 3.830260 | r:  -509.000000 | e:   1.000000 | Q:        nan | won: False 
#  265 | steps:  3027 | steps_t:     0 | t: 3.848156 | r:  -516.000000 | e:   1.000000 | Q:        nan | won: False 
#  266 | steps:  3037 | steps_t:     0 | t: 3.859382 | r:  -509.000000 | e:   1.000000 | Q:        nan | won: False 
#  267 | steps:  3048 | steps_t:     0 | t: 3.869544 | r:  -510.000000 | e:   1.000000 | Q:        nan | won: False 
#  268 | steps:  3056 | steps_t:     0 | t: 3.878646 | r:  -507.000000 | e:   1.000000 | Q:        nan | won: False 
#  269 | steps:  3066 | steps_t:     0 | t: 3.891250 | r:  -509.000000 | e:   1.000000 | Q:        nan | won: False 
#  270 | steps:  3080 | steps_t:     0 | t: 3.904732 | r:  -513.000000 | e:   1.000000 | Q:        nan | won: False 
#  271 | steps:  3090 | steps_t:     0 | t: 3.916848 | r:  -509.000000 | e:   1.000000 | Q:        nan | won: False 
#  272 | steps:  3099 | steps_t:     0 | t: 3.926152 | r:  -508.000000 | e:   1.000000 | Q:        nan | won: False 
#  273 | steps:  3117 | steps_t:     0 | t: 3.942918 | r:  -517.000000 | e:   1.000000 | Q:        nan | won: False 
#  274 | steps:  3127 | steps_t:     0 | t: 3.956076 | r:  -509.000000 | e:   1.000000 | Q:        nan | won: False 
#  275 | steps:  3137 | steps_t:     0 | t: 3.965466 | r:  -509.000000 | e:   1.000000 | Q:        nan | won: False 
#  276 | steps:  3154 | steps_t:     0 | t: 3.985040 | r:  -516.000000 | e:   1.000000 | Q:        nan | won: False 
#  277 | steps:  3162 | steps_t:     0 | t: 3.993395 | r:  -507.000000 | e:   1.000000 | Q:        nan | won: False 
#  278 | steps:  3174 | steps_t:     0 | t: 4.005301 | r:  -511.000000 | e:   1.000000 | Q:        nan | won: False 
#  279 | steps:  3186 | steps_t:     0 | t: 4.020241 | r:  -511.000000 | e:   1.000000 | Q:        nan | won: False 
#  280 | steps:  3200 | steps_t:     0 | t: 4.038331 | r:  -513.000000 | e:   1.000000 | Q:        nan | won: False 
#  281 | steps:  3221 | steps_t:     0 | t: 4.060669 | r:  -520.000000 | e:   1.000000 | Q:        nan | won: False 
#  282 | steps:  3249 | steps_t:     0 | t: 4.089864 | r:  -527.000000 | e:   1.000000 | Q:        nan | won: False 
#  283 | steps:  3266 | steps_t:     0 | t: 4.106913 | r:  -516.000000 | e:   1.000000 | Q:        nan | won: False 
#  284 | steps:  3273 | steps_t:     0 | t: 4.116072 | r:  -506.000000 | e:   1.000000 | Q:        nan | won: False 
#  285 | steps:  3307 | steps_t:     0 | t: 4.149684 | r:  -522.000000 | e:   1.000000 | Q:        nan | won: False 
#  286 | steps:  3316 | steps_t:     0 | t: 4.159142 | r:  -508.000000 | e:   1.000000 | Q:        nan | won: False 
#  287 | steps:  3324 | steps_t:     0 | t: 4.167016 | r:  -507.000000 | e:   1.000000 | Q:        nan | won: False 
#  288 | steps:  3339 | steps_t:     0 | t: 4.190998 | r:  -514.000000 | e:   1.000000 | Q:        nan | won: False 
#  289 | steps:  3345 | steps_t:     0 | t: 4.201230 | r:  -505.000000 | e:   1.000000 | Q:        nan | won: False 
#  290 | steps:  3355 | steps_t:     0 | t: 4.218436 | r:  -509.000000 | e:   1.000000 | Q:        nan | won: False 
#  291 | steps:  3362 | steps_t:     0 | t: 4.230231 | r:  -506.000000 | e:   1.000000 | Q:        nan | won: False 
#  292 | steps:  3370 | steps_t:     0 | t: 4.243336 | r:  -507.000000 | e:   1.000000 | Q:        nan | won: False 
#  293 | steps:  3379 | steps_t:     0 | t: 4.258131 | r:  -508.000000 | e:   1.000000 | Q:        nan | won: False 
#  294 | steps:  3387 | steps_t:     0 | t: 4.270644 | r:  -507.000000 | e:   1.000000 | Q:        nan | won: False 
#  295 | steps:  3394 | steps_t:     0 | t: 4.277602 | r:  -506.000000 | e:   1.000000 | Q:        nan | won: False 
#  296 | steps:  3402 | steps_t:     0 | t: 4.286165 | r:  -507.000000 | e:   1.000000 | Q:        nan | won: False 
#  297 | steps:  3413 | steps_t:     0 | t: 4.299450 | r:  -510.000000 | e:   1.000000 | Q:        nan | won: False 
#  298 | steps:  3425 | steps_t:     0 | t: 4.311440 | r:  -511.000000 | e:   1.000000 | Q:        nan | won: False 
#  299 | steps:  3432 | steps_t:     0 | t: 4.318751 | r:  -506.000000 | e:   1.000000 | Q:        nan | won: False 
#  300 | steps:  3455 | steps_t:     0 | t: 4.343789 | r:  -522.000000 | e:   1.000000 | Q:        nan | won: False 
#  301 | steps:  3471 | steps_t:     0 | t: 4.359027 | r:  -515.000000 | e:   1.000000 | Q:        nan | won: False 
#  302 | steps:  3483 | steps_t:     0 | t: 4.376898 | r:  -511.000000 | e:   1.000000 | Q:        nan | won: False 
#  303 | steps:  3504 | steps_t:     0 | t: 4.411178 | r:  -520.000000 | e:   1.000000 | Q:        nan | won: False 
#  304 | steps:  3516 | steps_t:     0 | t: 4.424995 | r:  -511.000000 | e:   1.000000 | Q:        nan | won: False 
#  305 | steps:  3521 | steps_t:     0 | t: 4.430350 | r:  -504.000000 | e:   1.000000 | Q:        nan | won: False 
#  306 | steps:  3531 | steps_t:     0 | t: 4.440716 | r:  -509.000000 | e:   1.000000 | Q:        nan | won: False 
#  307 | steps:  3548 | steps_t:     0 | t: 4.459031 | r:  -516.000000 | e:   1.000000 | Q:        nan | won: False 
#  308 | steps:  3561 | steps_t:     0 | t: 4.472004 | r:  -512.000000 | e:   1.000000 | Q:        nan | won: False 
#  309 | steps:  3568 | steps_t:     0 | t: 4.480262 | r:  -506.000000 | e:   1.000000 | Q:        nan | won: False 
#  310 | steps:  3588 | steps_t:     0 | t: 4.499562 | r:  -508.000000 | e:   1.000000 | Q:        nan | won: False 
#  311 | steps:  3601 | steps_t:     0 | t: 4.515563 | r:  -512.000000 | e:   1.000000 | Q:        nan | won: False 
#  312 | steps:  3612 | steps_t:     0 | t: 4.532564 | r:  -510.000000 | e:   1.000000 | Q:        nan | won: False 
#  313 | steps:  3625 | steps_t:     0 | t: 4.554107 | r:  -512.000000 | e:   1.000000 | Q:        nan | won: False 
#  314 | steps:  3633 | steps_t:     0 | t: 4.567914 | r:  -507.000000 | e:   1.000000 | Q:        nan | won: False 
#  315 | steps:  3643 | steps_t:     0 | t: 4.578845 | r:  -509.000000 | e:   1.000000 | Q:        nan | won: False 
#  316 | steps:  3651 | steps_t:     0 | t: 4.586778 | r:  -507.000000 | e:   1.000000 | Q:        nan | won: False 
#  317 | steps:  3661 | steps_t:     0 | t: 4.596645 | r:  -509.000000 | e:   1.000000 | Q:        nan | won: False 
#  318 | steps:  3667 | steps_t:     0 | t: 4.605780 | r:  -505.000000 | e:   1.000000 | Q:        nan | won: False 
#  319 | steps:  3675 | steps_t:     0 | t: 4.613160 | r:  -507.000000 | e:   1.000000 | Q:        nan | won: False 
#  320 | steps:  3682 | steps_t:     0 | t: 4.620525 | r:  -506.000000 | e:   1.000000 | Q:        nan | won: False 
#  321 | steps:  3688 | steps_t:     0 | t: 4.625808 | r:  -505.000000 | e:   1.000000 | Q:        nan | won: False 
#  322 | steps:  3696 | steps_t:     0 | t: 4.637097 | r:  -507.000000 | e:   1.000000 | Q:        nan | won: False 
#  323 | steps:  3705 | steps_t:     0 | t: 4.647992 | r:  -508.000000 | e:   1.000000 | Q:        nan | won: False 
#  324 | steps:  3711 | steps_t:     0 | t: 4.654495 | r:  -505.000000 | e:   1.000000 | Q:        nan | won: False 
#  325 | steps:  3719 | steps_t:     0 | t: 4.664214 | r:  -507.000000 | e:   1.000000 | Q:        nan | won: False 
#  326 | steps:  3733 | steps_t:     0 | t: 4.687580 | r:  -513.000000 | e:   1.000000 | Q:        nan | won: False 
#  327 | steps:  3744 | steps_t:     0 | t: 4.706129 | r:  -510.000000 | e:   1.000000 | Q:        nan | won: False 
#  328 | steps:  3753 | steps_t:     0 | t: 4.721529 | r:  -508.000000 | e:   1.000000 | Q:        nan | won: False 
#  329 | steps:  3764 | steps_t:     0 | t: 4.739302 | r:  -510.000000 | e:   1.000000 | Q:        nan | won: False 
#  330 | steps:  3771 | steps_t:     0 | t: 4.751172 | r:  -506.000000 | e:   1.000000 | Q:        nan | won: False 
#  331 | steps:  3781 | steps_t:     0 | t: 4.767380 | r:  -509.000000 | e:   1.000000 | Q:        nan | won: False 
#  332 | steps:  3788 | steps_t:     0 | t: 4.778747 | r:  -506.000000 | e:   1.000000 | Q:        nan | won: False 
#  333 | steps:  3810 | steps_t:     0 | t: 4.815128 | r:  -521.000000 | e:   1.000000 | Q:        nan | won: False 
#  334 | steps:  3818 | steps_t:     0 | t: 4.828987 | r:  -507.000000 | e:   1.000000 | Q:        nan | won: False 
#  335 | steps:  3830 | steps_t:     0 | t: 4.848606 | r:  -511.000000 | e:   1.000000 | Q:        nan | won: False 
#  336 | steps:  3840 | steps_t:     0 | t: 4.864664 | r:  -509.000000 | e:   1.000000 | Q:        nan | won: False 
#  337 | steps:  3848 | steps_t:     0 | t: 4.873230 | r:  -507.000000 | e:   1.000000 | Q:        nan | won: False 
#  338 | steps:  3858 | steps_t:     0 | t: 4.883214 | r:  -509.000000 | e:   1.000000 | Q:        nan | won: False 
#  339 | steps:  3865 | steps_t:     0 | t: 4.890297 | r:  -506.000000 | e:   1.000000 | Q:        nan | won: False 
#  340 | steps:  3872 | steps_t:     0 | t: 4.900137 | r:  -506.000000 | e:   1.000000 | Q:        nan | won: False 
#  341 | steps:  3880 | steps_t:     0 | t: 4.907936 | r:  -507.000000 | e:   1.000000 | Q:        nan | won: False 
#  342 | steps:  3889 | steps_t:     0 | t: 4.917429 | r:  -508.000000 | e:   1.000000 | Q:        nan | won: False 
#  343 | steps:  3900 | steps_t:     0 | t: 4.929805 | r:  -510.000000 | e:   1.000000 | Q:        nan | won: False 
#  344 | steps:  3910 | steps_t:     0 | t: 4.940505 | r:  -509.000000 | e:   1.000000 | Q:        nan | won: False 
#  345 | steps:  3925 | steps_t:     0 | t: 4.954579 | r:  -514.000000 | e:   1.000000 | Q:        nan | won: False 
#  346 | steps:  3933 | steps_t:     0 | t: 4.966143 | r:  -507.000000 | e:   1.000000 | Q:        nan | won: False 
#  347 | steps:  3943 | steps_t:     0 | t: 4.976105 | r:  -509.000000 | e:   1.000000 | Q:        nan | won: False 
#  348 | steps:  3949 | steps_t:     0 | t: 4.982271 | r:  -505.000000 | e:   1.000000 | Q:        nan | won: False 
#  349 | steps:  3959 | steps_t:     0 | t: 4.992557 | r:  -509.000000 | e:   1.000000 | Q:        nan | won: False 
#  350 | steps:  3976 | steps_t:     0 | t: 5.011057 | r:  -516.000000 | e:   1.000000 | Q:        nan | won: False 
#  351 | steps:  3985 | steps_t:     0 | t: 5.022063 | r:  -508.000000 | e:   1.000000 | Q:        nan | won: False 
#  352 | steps:  3994 | steps_t:     0 | t: 5.032777 | r:  -508.000000 | e:   1.000000 | Q:        nan | won: False 
#  353 | steps:  4017 | steps_t:     0 | t: 5.054226 | r:  -522.000000 | e:   1.000000 | Q:        nan | won: False 
#  354 | steps:  4024 | steps_t:     0 | t: 5.061878 | r:  -506.000000 | e:   1.000000 | Q:        nan | won: False 
#  355 | steps:  4030 | steps_t:     0 | t: 5.069086 | r:  -505.000000 | e:   1.000000 | Q:        nan | won: False 
#  356 | steps:  4041 | steps_t:     0 | t: 5.079667 | r:  -510.000000 | e:   1.000000 | Q:        nan | won: False 
#  357 | steps:  4059 | steps_t:     0 | t: 5.099667 | r:  -506.000000 | e:   1.000000 | Q:        nan | won: False 
#  358 | steps:  4076 | steps_t:     0 | t: 5.126279 | r:  -516.000000 | e:   1.000000 | Q:        nan | won: False 
#  359 | steps:  4085 | steps_t:     0 | t: 5.141045 | r:  -508.000000 | e:   1.000000 | Q:        nan | won: False 
#  360 | steps:  4094 | steps_t:     0 | t: 5.155666 | r:  -508.000000 | e:   1.000000 | Q:        nan | won: False 
#  361 | steps:  4104 | steps_t:     0 | t: 5.172526 | r:  -509.000000 | e:   1.000000 | Q:        nan | won: False 
#  362 | steps:  4117 | steps_t:     0 | t: 5.193811 | r:  -512.000000 | e:   1.000000 | Q:        nan | won: False 
#  363 | steps:  4125 | steps_t:     0 | t: 5.207941 | r:  -507.000000 | e:   1.000000 | Q:        nan | won: False 
#  364 | steps:  4143 | steps_t:     0 | t: 5.238373 | r:  -517.000000 | e:   1.000000 | Q:        nan | won: False 
#  365 | steps:  4154 | steps_t:     0 | t: 5.257065 | r:  -510.000000 | e:   1.000000 | Q:        nan | won: False 
#  366 | steps:  4164 | steps_t:     0 | t: 5.273304 | r:  -509.000000 | e:   1.000000 | Q:        nan | won: False 
#  367 | steps:  4178 | steps_t:     0 | t: 5.296042 | r:  -513.000000 | e:   1.000000 | Q:        nan | won: False 
#  368 | steps:  4196 | steps_t:     0 | t: 5.340090 | r:  -506.000000 | e:   1.000000 | Q:        nan | won: False 
#  369 | steps:  4202 | steps_t:     0 | t: 5.350459 | r:  -505.000000 | e:   1.000000 | Q:        nan | won: False 
#  370 | steps:  4215 | steps_t:     0 | t: 5.370198 | r:  -512.000000 | e:   1.000000 | Q:        nan | won: False 
#  371 | steps:  4221 | steps_t:     0 | t: 5.380893 | r:  -505.000000 | e:   1.000000 | Q:        nan | won: False 
#  372 | steps:  4229 | steps_t:     0 | t: 5.390521 | r:  -507.000000 | e:   1.000000 | Q:        nan | won: False 
#  373 | steps:  4238 | steps_t:     0 | t: 5.399968 | r:  -508.000000 | e:   1.000000 | Q:        nan | won: False 
#  374 | steps:  4255 | steps_t:     0 | t: 5.416387 | r:  -516.000000 | e:   1.000000 | Q:        nan | won: False 
#  375 | steps:  4261 | steps_t:     0 | t: 5.424203 | r:  -505.000000 | e:   1.000000 | Q:        nan | won: False 
#  376 | steps:  4273 | steps_t:     0 | t: 5.438533 | r:  -511.000000 | e:   1.000000 | Q:        nan | won: False 
#  377 | steps:  4281 | steps_t:     0 | t: 5.448058 | r:  -507.000000 | e:   1.000000 | Q:        nan | won: False 
#  378 | steps:  4289 | steps_t:     0 | t: 5.460313 | r:  -507.000000 | e:   1.000000 | Q:        nan | won: False 
#  379 | steps:  4297 | steps_t:     0 | t: 5.469481 | r:  -507.000000 | e:   1.000000 | Q:        nan | won: False 
#  380 | steps:  4304 | steps_t:     0 | t: 5.476382 | r:  -506.000000 | e:   1.000000 | Q:        nan | won: False 
#  381 | steps:  4311 | steps_t:     0 | t: 5.486922 | r:  -506.000000 | e:   1.000000 | Q:        nan | won: False 
#  382 | steps:  4318 | steps_t:     0 | t: 5.493879 | r:  -506.000000 | e:   1.000000 | Q:        nan | won: False 
#  383 | steps:  4324 | steps_t:     0 | t: 5.501025 | r:  -505.000000 | e:   1.000000 | Q:        nan | won: False 
#  384 | steps:  4333 | steps_t:     0 | t: 5.509696 | r:  -508.000000 | e:   1.000000 | Q:        nan | won: False 
#  385 | steps:  4345 | steps_t:     0 | t: 5.524683 | r:  -511.000000 | e:   1.000000 | Q:        nan | won: False 
#  386 | steps:  4356 | steps_t:     0 | t: 5.536094 | r:  -510.000000 | e:   1.000000 | Q:        nan | won: False 
#  387 | steps:  4375 | steps_t:     0 | t: 5.556833 | r:  -518.000000 | e:   1.000000 | Q:        nan | won: False 
#  388 | steps:  4386 | steps_t:     0 | t: 5.568480 | r:  -510.000000 | e:   1.000000 | Q:        nan | won: False 
#  389 | steps:  4405 | steps_t:     0 | t: 5.589989 | r:  -507.000000 | e:   1.000000 | Q:        nan | won: False 
#  390 | steps:  4423 | steps_t:     0 | t: 5.607394 | r:  -517.000000 | e:   1.000000 | Q:        nan | won: False 
#  391 | steps:  4429 | steps_t:     0 | t: 5.616125 | r:  -505.000000 | e:   1.000000 | Q:        nan | won: False 
#  392 | steps:  4444 | steps_t:     0 | t: 5.640564 | r:  -492.000000 | e:   1.000000 | Q:        nan | won: False 
#  393 | steps:  4456 | steps_t:     0 | t: 5.660221 | r:  -511.000000 | e:   1.000000 | Q:        nan | won: False 
#  394 | steps:  4464 | steps_t:     0 | t: 5.673276 | r:  -507.000000 | e:   1.000000 | Q:        nan | won: False 
#  395 | steps:  4474 | steps_t:     0 | t: 5.683187 | r:  -509.000000 | e:   1.000000 | Q:        nan | won: False 
#  396 | steps:  4495 | steps_t:     0 | t: 5.705469 | r:  -520.000000 | e:   1.000000 | Q:        nan | won: False 
#  397 | steps:  4503 | steps_t:     0 | t: 5.713481 | r:  -507.000000 | e:   1.000000 | Q:        nan | won: False 
#  398 | steps:  4536 | steps_t:     0 | t: 5.747858 | r:  -532.000000 | e:   1.000000 | Q:        nan | won: False 
#  399 | steps:  4545 | steps_t:     0 | t: 5.756427 | r:  -508.000000 | e:   1.000000 | Q:        nan | won: False 
#  400 | steps:  4554 | steps_t:     0 | t: 5.768494 | r:  -508.000000 | e:   1.000000 | Q:        nan | won: False 
#  401 | steps:  4559 | steps_t:     0 | t: 5.773279 | r:  -504.000000 | e:   1.000000 | Q:        nan | won: False 
#  402 | steps:  4579 | steps_t:     0 | t: 5.792245 | r:  -519.000000 | e:   1.000000 | Q:        nan | won: False 
#  403 | steps:  4590 | steps_t:     0 | t: 5.805602 | r:  -510.000000 | e:   1.000000 | Q:        nan | won: False 
#  404 | steps:  4596 | steps_t:     0 | t: 5.810896 | r:  -505.000000 | e:   1.000000 | Q:        nan | won: False 
#  405 | steps:  4607 | steps_t:     0 | t: 5.822128 | r:  -510.000000 | e:   1.000000 | Q:        nan | won: False 
#  406 | steps:  4614 | steps_t:     0 | t: 5.832174 | r:  -506.000000 | e:   1.000000 | Q:        nan | won: False 
#  407 | steps:  4620 | steps_t:     0 | t: 5.839396 | r:  -505.000000 | e:   1.000000 | Q:        nan | won: False 
#  408 | steps:  4628 | steps_t:     0 | t: 5.847731 | r:  -507.000000 | e:   1.000000 | Q:        nan | won: False 
#  409 | steps:  4633 | steps_t:     0 | t: 5.852718 | r:  -504.000000 | e:   1.000000 | Q:        nan | won: False 
#  410 | steps:  4651 | steps_t:     0 | t: 5.872144 | r:  -517.000000 | e:   1.000000 | Q:        nan | won: False 
#  411 | steps:  4665 | steps_t:     0 | t: 5.885688 | r:  -502.000000 | e:   1.000000 | Q:        nan | won: False 
#  412 | steps:  4679 | steps_t:     0 | t: 5.902885 | r:  -513.000000 | e:   1.000000 | Q:        nan | won: False 
#  413 | steps:  4686 | steps_t:     0 | t: 5.916214 | r:  -506.000000 | e:   1.000000 | Q:        nan | won: False 
#  414 | steps:  4699 | steps_t:     0 | t: 5.933961 | r:  -512.000000 | e:   1.000000 | Q:        nan | won: False 
#  415 | steps:  4706 | steps_t:     0 | t: 5.942267 | r:  -506.000000 | e:   1.000000 | Q:        nan | won: False 
#  416 | steps:  4715 | steps_t:     0 | t: 5.950969 | r:  -508.000000 | e:   1.000000 | Q:        nan | won: False 
#  417 | steps:  4727 | steps_t:     0 | t: 5.962404 | r:  -511.000000 | e:   1.000000 | Q:        nan | won: False 
#  418 | steps:  4734 | steps_t:     0 | t: 5.971530 | r:  -506.000000 | e:   1.000000 | Q:        nan | won: False 
#  419 | steps:  4750 | steps_t:     0 | t: 5.986823 | r:  -515.000000 | e:   1.000000 | Q:        nan | won: False 
#  420 | steps:  4757 | steps_t:     0 | t: 5.994951 | r:  -506.000000 | e:   1.000000 | Q:        nan | won: False 
#  421 | steps:  4765 | steps_t:     0 | t: 6.004042 | r:  -507.000000 | e:   1.000000 | Q:        nan | won: False 
#  422 | steps:  4771 | steps_t:     0 | t: 6.010728 | r:  -505.000000 | e:   1.000000 | Q:        nan | won: False 
#  423 | steps:  4782 | steps_t:     0 | t: 6.021367 | r:  -510.000000 | e:   1.000000 | Q:        nan | won: False 
#  424 | steps:  4788 | steps_t:     0 | t: 6.028435 | r:  -505.000000 | e:   1.000000 | Q:        nan | won: False 
#  425 | steps:  4802 | steps_t:     0 | t: 6.042875 | r:  -513.000000 | e:   1.000000 | Q:        nan | won: False 
#  426 | steps:  4811 | steps_t:     0 | t: 6.052405 | r:  -508.000000 | e:   1.000000 | Q:        nan | won: False 
#  427 | steps:  4834 | steps_t:     0 | t: 6.076102 | r:  -522.000000 | e:   1.000000 | Q:        nan | won: False 
#  428 | steps:  4846 | steps_t:     0 | t: 6.088094 | r:  -511.000000 | e:   1.000000 | Q:        nan | won: False 
#  429 | steps:  4855 | steps_t:     0 | t: 6.099941 | r:  -508.000000 | e:   1.000000 | Q:        nan | won: False 
#  430 | steps:  4869 | steps_t:     0 | t: 6.113175 | r:  -502.000000 | e:   1.000000 | Q:        nan | won: False 
#  431 | steps:  4878 | steps_t:     0 | t: 6.121646 | r:  -508.000000 | e:   1.000000 | Q:        nan | won: False 
#  432 | steps:  4886 | steps_t:     0 | t: 6.131076 | r:  -507.000000 | e:   1.000000 | Q:        nan | won: False 
#  433 | steps:  4897 | steps_t:     0 | t: 6.142541 | r:  -510.000000 | e:   1.000000 | Q:        nan | won: False 
#  434 | steps:  4912 | steps_t:     0 | t: 6.157442 | r:  -503.000000 | e:   1.000000 | Q:        nan | won: False 
#  435 | steps:  4920 | steps_t:     0 | t: 6.168865 | r:  -507.000000 | e:   1.000000 | Q:        nan | won: False 
#  436 | steps:  4935 | steps_t:     0 | t: 6.183029 | r:  -503.000000 | e:   1.000000 | Q:        nan | won: False 
#  437 | steps:  4944 | steps_t:     0 | t: 6.192158 | r:  -508.000000 | e:   1.000000 | Q:        nan | won: False 
#  438 | steps:  4955 | steps_t:     0 | t: 6.206553 | r:  -510.000000 | e:   1.000000 | Q:        nan | won: False 
#  439 | steps:  4978 | steps_t:     0 | t: 6.231746 | r:  -522.000000 | e:   1.000000 | Q:        nan | won: False 
#  440 | steps:  4993 | steps_t:     0 | t: 6.246082 | r:  -514.000000 | e:   1.000000 | Q:        nan | won: False 
#  441 | steps:  5004 | steps_t:     3 | t: 6.641606 | r:  -510.000000 | e:   0.999700 | Q:        nan | won: False 
#  442 | steps:  5012 | steps_t:    10 | t: 6.782804 | r:  -507.000000 | e:   0.999000 | Q:        nan | won: False 
#  443 | steps:  5026 | steps_t:    23 | t: 7.031816 | r:  -513.000000 | e:   0.997700 | Q:        nan | won: False 
#  444 | steps:  5038 | steps_t:    34 | t: 7.243124 | r:  -511.000000 | e:   0.996600 | Q:        nan | won: False 
#  445 | steps:  5050 | steps_t:    45 | t: 7.455709 | r:  -511.000000 | e:   0.995500 | Q:        nan | won: False 
#  446 | steps:  5073 | steps_t:    67 | t: 7.851743 | r:  -522.000000 | e:   0.993300 | Q:        nan | won: False 
#  447 | steps:  5097 | steps_t:    90 | t: 8.318753 | r:  -523.000000 | e:   0.991000 | Q: -33.695614 | won: False 
#  448 | steps:  5112 | steps_t:   104 | t: 8.591866 | r:  -492.000000 | e:   0.989600 | Q:        nan | won: False 
#  449 | steps:  5131 | steps_t:   122 | t: 8.938815 | r:  -518.000000 | e:   0.987800 | Q:        nan | won: False 
#  450 | steps:  5139 | steps_t:   129 | t: 9.129200 | r:  -507.000000 | e:   0.987100 | Q:        nan | won: False 
#  451 | steps:  5160 | steps_t:   149 | t: 9.516520 | r:  -520.000000 | e:   0.985100 | Q:        nan | won: False 
#  452 | steps:  5166 | steps_t:   154 | t: 9.620106 | r:  -505.000000 | e:   0.984600 | Q:        nan | won: False 
#  453 | steps:  5180 | steps_t:   167 | t: 9.889553 | r:  -513.000000 | e:   0.983300 | Q:        nan | won: False 
#  454 | steps:  5185 | steps_t:   171 | t: 9.978451 | r:  -504.000000 | e:   0.982900 | Q:        nan | won: False 
#  455 | steps:  5192 | steps_t:   177 | t: 10.103570 | r:  -506.000000 | e:   0.982300 | Q:        nan | won: False 
#  456 | steps:  5214 | steps_t:   198 | t: 10.530783 | r:  -521.000000 | e:   0.980200 | Q:        nan | won: False 
#  457 | steps:  5226 | steps_t:   209 | t: 10.760097 | r:  -511.000000 | e:   0.979100 | Q:        nan | won: False 
#  458 | steps:  5233 | steps_t:   215 | t: 10.876811 | r:  -506.000000 | e:   0.978500 | Q:        nan | won: False 
#  459 | steps:  5245 | steps_t:   226 | t: 11.102362 | r:  -511.000000 | e:   0.977400 | Q: -292.276337 | won: False 
#  460 | steps:  5265 | steps_t:   245 | t: 11.444992 | r:  -519.000000 | e:   0.975500 | Q:        nan | won: False 
#  461 | steps:  5279 | steps_t:   258 | t: 11.688267 | r:  -513.000000 | e:   0.974200 | Q:        nan | won: False 
#  462 | steps:  5289 | steps_t:   267 | t: 11.867561 | r:  -509.000000 | e:   0.973300 | Q:        nan | won: False 
#  463 | steps:  5321 | steps_t:   298 | t: 12.428666 | r:  -531.000000 | e:   0.970200 | Q: -318.134583 | won: False 
#  464 | steps:  5331 | steps_t:   307 | t: 12.601198 | r:  -509.000000 | e:   0.969300 | Q:        nan | won: False 
#  465 | steps:  5339 | steps_t:   314 | t: 12.743346 | r:  -507.000000 | e:   0.968600 | Q:        nan | won: False 
#  466 | steps:  5350 | steps_t:   324 | t: 12.938011 | r:  -510.000000 | e:   0.967600 | Q:        nan | won: False 
#  467 | steps:  5371 | steps_t:   344 | t: 13.308072 | r:  -520.000000 | e:   0.965600 | Q:        nan | won: False 
#  468 | steps:  5379 | steps_t:   351 | t: 13.451520 | r:  -507.000000 | e:   0.964900 | Q:        nan | won: False 
#  469 | steps:  5386 | steps_t:   357 | t: 13.583126 | r:  -506.000000 | e:   0.964300 | Q:        nan | won: False 
#  470 | steps:  5395 | steps_t:   365 | t: 13.744181 | r:  -508.000000 | e:   0.963500 | Q:        nan | won: False 
#  471 | steps:  5404 | steps_t:   373 | t: 13.907398 | r:  -508.000000 | e:   0.962700 | Q: -286.574707 | won: False 
#  472 | steps:  5409 | steps_t:   377 | t: 14.005172 | r:  -504.000000 | e:   0.962300 | Q:        nan | won: False 
#  473 | steps:  5432 | steps_t:   399 | t: 14.425769 | r:  -522.000000 | e:   0.960100 | Q: -289.884003 | won: False 
#  474 | steps:  5440 | steps_t:   406 | t: 14.581301 | r:  -507.000000 | e:   0.959400 | Q:        nan | won: False 
#  475 | steps:  5450 | steps_t:   415 | t: 14.783062 | r:  -509.000000 | e:   0.958500 | Q: -325.668579 | won: False 
#  476 | steps:  5461 | steps_t:   425 | t: 15.003714 | r:  -510.000000 | e:   0.957500 | Q:        nan | won: False 
#  477 | steps:  5472 | steps_t:   435 | t: 15.206514 | r:  -510.000000 | e:   0.956500 | Q: -282.202179 | won: False 
#  478 | steps:  5481 | steps_t:   443 | t: 15.385550 | r:  -508.000000 | e:   0.955700 | Q: -282.229584 | won: False 
#  479 | steps:  5489 | steps_t:   450 | t: 15.533703 | r:  -507.000000 | e:   0.955000 | Q: -294.360535 | won: False 
#  480 | steps:  5497 | steps_t:   457 | t: 15.678536 | r:  -507.000000 | e:   0.954300 | Q:        nan | won: False 
#  481 | steps:  5506 | steps_t:   465 | t: 15.842274 | r:  -508.000000 | e:   0.953500 | Q:        nan | won: False 
#  482 | steps:  5514 | steps_t:   472 | t: 15.985550 | r:  -507.000000 | e:   0.952800 | Q:        nan | won: False 
#  483 | steps:  5523 | steps_t:   480 | t: 16.152243 | r:  -508.000000 | e:   0.952000 | Q: -324.470245 | won: False 
#  484 | steps:  5530 | steps_t:   486 | t: 16.282055 | r:  -506.000000 | e:   0.951400 | Q:        nan | won: False 
#  485 | steps:  5540 | steps_t:   495 | t: 16.458193 | r:  -509.000000 | e:   0.950500 | Q:        nan | won: False 
#  486 | steps:  5548 | steps_t:   502 | t: 16.599355 | r:  -507.000000 | e:   0.949800 | Q:        nan | won: False 
#  487 | steps:  5566 | steps_t:   519 | t: 16.914288 | r:  -517.000000 | e:   0.948100 | Q: -291.507782 | won: False 
#  488 | steps:  5574 | steps_t:   526 | t: 17.061767 | r:  -507.000000 | e:   0.947400 | Q: -301.262299 | won: False 
#  489 | steps:  5581 | steps_t:   532 | t: 17.196481 | r:  -506.000000 | e:   0.946800 | Q: -306.033691 | won: False 
#  490 | steps:  5598 | steps_t:   548 | t: 17.497703 | r:  -505.000000 | e:   0.945200 | Q:        nan | won: False 
#  491 | steps:  5606 | steps_t:   555 | t: 17.643927 | r:  -507.000000 | e:   0.944500 | Q:        nan | won: False 
#  492 | steps:  5617 | steps_t:   565 | t: 17.849966 | r:  -510.000000 | e:   0.943500 | Q: -303.450378 | won: False 
#  493 | steps:  5623 | steps_t:   570 | t: 17.954533 | r:  -505.000000 | e:   0.943000 | Q:        nan | won: False 
#  494 | steps:  5630 | steps_t:   576 | t: 18.086691 | r:  -506.000000 | e:   0.942400 | Q:        nan | won: False 
#  495 | steps:  5639 | steps_t:   584 | t: 18.250062 | r:  -508.000000 | e:   0.941600 | Q:        nan | won: False 
#  496 | steps:  5646 | steps_t:   590 | t: 18.374594 | r:  -506.000000 | e:   0.941000 | Q:        nan | won: False 
#  497 | steps:  5652 | steps_t:   595 | t: 18.481424 | r:  -505.000000 | e:   0.940500 | Q:        nan | won: False 
#  498 | steps:  5668 | steps_t:   610 | t: 18.782703 | r:  -504.000000 | e:   0.939000 | Q: -277.194244 | won: False 
#  499 | steps:  5675 | steps_t:   616 | t: 18.912005 | r:  -506.000000 | e:   0.938400 | Q: -276.880707 | won: False 
#  500 | steps:  5692 | steps_t:   632 | t: 19.199773 | r:  -516.000000 | e:   0.936800 | Q: -278.342407 | won: False 
#  501 | steps:  5698 | steps_t:   637 | t: 19.309654 | r:  -505.000000 | e:   0.936300 | Q:        nan | won: False 
#  502 | steps:  5706 | steps_t:   644 | t: 19.457158 | r:  -507.000000 | e:   0.935600 | Q: -286.417786 | won: False 
#  503 | steps:  5716 | steps_t:   653 | t: 19.635144 | r:  -509.000000 | e:   0.934700 | Q:        nan | won: False 
#  504 | steps:  5722 | steps_t:   658 | t: 19.741870 | r:  -505.000000 | e:   0.934200 | Q:        nan | won: False 
#  505 | steps:  5733 | steps_t:   668 | t: 19.930769 | r:  -510.000000 | e:   0.933200 | Q:        nan | won: False 
