#    1 | steps:     8 | steps_t:     0 | t: 0.022913 | r:  -507.000000 | e:   1.000000 | Q:        nan | won: False 
#    2 | steps:    20 | steps_t:     0 | t: 0.042521 | r:  -511.000000 | e:   1.000000 | Q:        nan | won: False 
#    3 | steps:    30 | steps_t:     0 | t: 0.059426 | r:  -509.000000 | e:   1.000000 | Q:        nan | won: False 
#    4 | steps:    36 | steps_t:     0 | t: 0.070333 | r:  -505.000000 | e:   1.000000 | Q:        nan | won: False 
#    5 | steps:    45 | steps_t:     0 | t: 0.086749 | r:  -508.000000 | e:   1.000000 | Q:        nan | won: False 
#    6 | steps:    51 | steps_t:     0 | t: 0.096765 | r:  -505.000000 | e:   1.000000 | Q:        nan | won: False 
#    7 | steps:    60 | steps_t:     0 | t: 0.112061 | r:  -508.000000 | e:   1.000000 | Q:        nan | won: False 
#    8 | steps:    66 | steps_t:     0 | t: 0.123878 | r:  -505.000000 | e:   1.000000 | Q:        nan | won: False 
#    9 | steps:    86 | steps_t:     0 | t: 0.155935 | r:  -519.000000 | e:   1.000000 | Q:        nan | won: False 
#   10 | steps:    95 | steps_t:     0 | t: 0.170802 | r:  -508.000000 | e:   1.000000 | Q:        nan | won: False 
#   11 | steps:   105 | steps_t:     0 | t: 0.186422 | r:  -509.000000 | e:   1.000000 | Q:        nan | won: False 
#   12 | steps:   115 | steps_t:     0 | t: 0.197010 | r:  -509.000000 | e:   1.000000 | Q:        nan | won: False 
#   13 | steps:   124 | steps_t:     0 | t: 0.208367 | r:  -508.000000 | e:   1.000000 | Q:        nan | won: False 
#   14 | steps:   132 | steps_t:     0 | t: 0.219061 | r:  -507.000000 | e:   1.000000 | Q:        nan | won: False 
#   15 | steps:   142 | steps_t:     0 | t: 0.232561 | r:  -509.000000 | e:   1.000000 | Q:        nan | won: False 
#   16 | steps:   150 | steps_t:     0 | t: 0.242256 | r:  -507.000000 | e:   1.000000 | Q:        nan | won: False 
#   17 | steps:   163 | steps_t:     0 | t: 0.258781 | r:  -512.000000 | e:   1.000000 | Q:        nan | won: False 
#   18 | steps:   170 | steps_t:     0 | t: 0.267032 | r:  -506.000000 | e:   1.000000 | Q:        nan | won: False 
#   19 | steps:   205 | steps_t:     0 | t: 0.304527 | r:  -523.000000 | e:   1.000000 | Q:        nan | won: False 
#   20 | steps:   216 | steps_t:     0 | t: 0.317394 | r:  -510.000000 | e:   1.000000 | Q:        nan | won: False 
#   21 | steps:   226 | steps_t:     0 | t: 0.329422 | r:  -509.000000 | e:   1.000000 | Q:        nan | won: False 
#   22 | steps:   233 | steps_t:     0 | t: 0.338398 | r:  -506.000000 | e:   1.000000 | Q:        nan | won: False 
#   23 | steps:   238 | steps_t:     0 | t: 0.344323 | r:  -504.000000 | e:   1.000000 | Q:        nan | won: False 
#   24 | steps:   244 | steps_t:     0 | t: 0.352693 | r:  -505.000000 | e:   1.000000 | Q:        nan | won: False 
#   25 | steps:   255 | steps_t:     0 | t: 0.370000 | r:  -510.000000 | e:   1.000000 | Q:        nan | won: False 
#   26 | steps:   261 | steps_t:     0 | t: 0.377499 | r:  -505.000000 | e:   1.000000 | Q:        nan | won: False 
#   27 | steps:   270 | steps_t:     0 | t: 0.387487 | r:  -508.000000 | e:   1.000000 | Q:        nan | won: False 
#   28 | steps:   276 | steps_t:     0 | t: 0.398045 | r:  -505.000000 | e:   1.000000 | Q:        nan | won: False 
#   29 | steps:   292 | steps_t:     0 | t: 0.413994 | r:  -515.000000 | e:   1.000000 | Q:        nan | won: False 
#   30 | steps:   298 | steps_t:     0 | t: 0.421327 | r:  -505.000000 | e:   1.000000 | Q:        nan | won: False 
#   31 | steps:   308 | steps_t:     0 | t: 0.435282 | r:  -509.000000 | e:   1.000000 | Q:        nan | won: False 
#   32 | steps:   316 | steps_t:     0 | t: 0.444679 | r:  -507.000000 | e:   1.000000 | Q:        nan | won: False 
#   33 | steps:   326 | steps_t:     0 | t: 0.456462 | r:  -509.000000 | e:   1.000000 | Q:        nan | won: False 
#   34 | steps:   343 | steps_t:     0 | t: 0.475213 | r:  -505.000000 | e:   1.000000 | Q:        nan | won: False 
#   35 | steps:   358 | steps_t:     0 | t: 0.491925 | r:  -514.000000 | e:   1.000000 | Q:        nan | won: False 
#   36 | steps:   377 | steps_t:     0 | t: 0.510104 | r:  -518.000000 | e:   1.000000 | Q:        nan | won: False 
#   37 | steps:   386 | steps_t:     0 | t: 0.524434 | r:  -508.000000 | e:   1.000000 | Q:        nan | won: False 
#   38 | steps:   394 | steps_t:     0 | t: 0.532783 | r:  -507.000000 | e:   1.000000 | Q:        nan | won: False 
#   39 | steps:   404 | steps_t:     0 | t: 0.545040 | r:  -509.000000 | e:   1.000000 | Q:        nan | won: False 
#   40 | steps:   409 | steps_t:     0 | t: 0.553595 | r:  -504.000000 | e:   1.000000 | Q:        nan | won: False 
#   41 | steps:   420 | steps_t:     0 | t: 0.567882 | r:  -510.000000 | e:   1.000000 | Q:        nan | won: False 
#   42 | steps:   428 | steps_t:     0 | t: 0.578078 | r:  -507.000000 | e:   1.000000 | Q:        nan | won: False 
#   43 | steps:   435 | steps_t:     0 | t: 0.588043 | r:  -506.000000 | e:   1.000000 | Q:        nan | won: False 
#   44 | steps:   447 | steps_t:     0 | t: 0.605003 | r:  -511.000000 | e:   1.000000 | Q:        nan | won: False 
#   45 | steps:   454 | steps_t:     0 | t: 0.616748 | r:  -506.000000 | e:   1.000000 | Q:        nan | won: False 
#   46 | steps:   461 | steps_t:     0 | t: 0.628952 | r:  -506.000000 | e:   1.000000 | Q:        nan | won: False 
#   47 | steps:   470 | steps_t:     0 | t: 0.643921 | r:  -508.000000 | e:   1.000000 | Q:        nan | won: False 
#   48 | steps:   479 | steps_t:     0 | t: 0.658055 | r:  -508.000000 | e:   1.000000 | Q:        nan | won: False 
#   49 | steps:   486 | steps_t:     0 | t: 0.665872 | r:  -506.000000 | e:   1.000000 | Q:        nan | won: False 
#   50 | steps:   507 | steps_t:     0 | t: 0.700101 | r:  -509.000000 | e:   1.000000 | Q:        nan | won: False 
#   51 | steps:   513 | steps_t:     0 | t: 0.710502 | r:  -505.000000 | e:   1.000000 | Q:        nan | won: False 
#   52 | steps:   523 | steps_t:     0 | t: 0.727238 | r:  -509.000000 | e:   1.000000 | Q:        nan | won: False 
#   53 | steps:   531 | steps_t:     0 | t: 0.740879 | r:  -507.000000 | e:   1.000000 | Q:        nan | won: False 
#   54 | steps:   539 | steps_t:     0 | t: 0.754380 | r:  -507.000000 | e:   1.000000 | Q:        nan | won: False 
#   55 | steps:   556 | steps_t:     0 | t: 0.782046 | r:  -516.000000 | e:   1.000000 | Q:        nan | won: False 
#   56 | steps:   576 | steps_t:     0 | t: 0.814401 | r:  -519.000000 | e:   1.000000 | Q:        nan | won: False 
#   57 | steps:   584 | steps_t:     0 | t: 0.827870 | r:  -507.000000 | e:   1.000000 | Q:        nan | won: False 
#   58 | steps:   592 | steps_t:     0 | t: 0.841366 | r:  -507.000000 | e:   1.000000 | Q:        nan | won: False 
#   59 | steps:   606 | steps_t:     0 | t: 0.862711 | r:  -513.000000 | e:   1.000000 | Q:        nan | won: False 
#   60 | steps:   611 | steps_t:     0 | t: 0.870859 | r:  -504.000000 | e:   1.000000 | Q:        nan | won: False 
#   61 | steps:   622 | steps_t:     0 | t: 0.890289 | r:  -510.000000 | e:   1.000000 | Q:        nan | won: False 
#   62 | steps:   630 | steps_t:     0 | t: 0.898960 | r:  -507.000000 | e:   1.000000 | Q:        nan | won: False 
#   63 | steps:   644 | steps_t:     0 | t: 0.919587 | r:  -513.000000 | e:   1.000000 | Q:        nan | won: False 
#   64 | steps:   651 | steps_t:     0 | t: 0.928235 | r:  -506.000000 | e:   1.000000 | Q:        nan | won: False 
#   65 | steps:   663 | steps_t:     0 | t: 0.940686 | r:  -511.000000 | e:   1.000000 | Q:        nan | won: False 
#   66 | steps:   684 | steps_t:     0 | t: 0.968223 | r:  -509.000000 | e:   1.000000 | Q:        nan | won: False 
#   67 | steps:   697 | steps_t:     0 | t: 0.981319 | r:  -512.000000 | e:   1.000000 | Q:        nan | won: False 
#   68 | steps:   705 | steps_t:     0 | t: 0.990709 | r:  -507.000000 | e:   1.000000 | Q:        nan | won: False 
#   69 | steps:   711 | steps_t:     0 | t: 0.997938 | r:  -505.000000 | e:   1.000000 | Q:        nan | won: False 
#   70 | steps:   719 | steps_t:     0 | t: 1.011761 | r:  -507.000000 | e:   1.000000 | Q:        nan | won: False 
#   71 | steps:   728 | steps_t:     0 | t: 1.027105 | r:  -508.000000 | e:   1.000000 | Q:        nan | won: False 
#   72 | steps:   741 | steps_t:     0 | t: 1.047987 | r:  -512.000000 | e:   1.000000 | Q:        nan | won: False 
#   73 | steps:   751 | steps_t:     0 | t: 1.062413 | r:  -509.000000 | e:   1.000000 | Q:        nan | won: False 
#   74 | steps:   760 | steps_t:     0 | t: 1.075854 | r:  -508.000000 | e:   1.000000 | Q:        nan | won: False 
#   75 | steps:   769 | steps_t:     0 | t: 1.092485 | r:  -508.000000 | e:   1.000000 | Q:        nan | won: False 
#   76 | steps:   776 | steps_t:     0 | t: 1.102313 | r:  -506.000000 | e:   1.000000 | Q:        nan | won: False 
#   77 | steps:   788 | steps_t:     0 | t: 1.115437 | r:  -511.000000 | e:   1.000000 | Q:        nan | won: False 
#   78 | steps:   794 | steps_t:     0 | t: 1.124615 | r:  -505.000000 | e:   1.000000 | Q:        nan | won: False 
#   79 | steps:   803 | steps_t:     0 | t: 1.137208 | r:  -508.000000 | e:   1.000000 | Q:        nan | won: False 
#   80 | steps:   813 | steps_t:     0 | t: 1.147879 | r:  -509.000000 | e:   1.000000 | Q:        nan | won: False 
#   81 | steps:   822 | steps_t:     0 | t: 1.158720 | r:  -508.000000 | e:   1.000000 | Q:        nan | won: False 
#   82 | steps:   830 | steps_t:     0 | t: 1.170519 | r:  -507.000000 | e:   1.000000 | Q:        nan | won: False 
#   83 | steps:   843 | steps_t:     0 | t: 1.185612 | r:  -512.000000 | e:   1.000000 | Q:        nan | won: False 
#   84 | steps:   865 | steps_t:     0 | t: 1.210778 | r:  -521.000000 | e:   1.000000 | Q:        nan | won: False 
#   85 | steps:   872 | steps_t:     0 | t: 1.219642 | r:  -506.000000 | e:   1.000000 | Q:        nan | won: False 
#   86 | steps:   898 | steps_t:     0 | t: 1.249548 | r:  -525.000000 | e:   1.000000 | Q:        nan | won: False 
#   87 | steps:   912 | steps_t:     0 | t: 1.264271 | r:  -513.000000 | e:   1.000000 | Q:        nan | won: False 
#   88 | steps:   924 | steps_t:     0 | t: 1.285964 | r:  -511.000000 | e:   1.000000 | Q:        nan | won: False 
#   89 | steps:   932 | steps_t:     0 | t: 1.299845 | r:  -507.000000 | e:   1.000000 | Q:        nan | won: False 
#   90 | steps:   940 | steps_t:     0 | t: 1.313214 | r:  -507.000000 | e:   1.000000 | Q:        nan | won: False 
#   91 | steps:   948 | steps_t:     0 | t: 1.328402 | r:  -507.000000 | e:   1.000000 | Q:        nan | won: False 
#   92 | steps:   965 | steps_t:     0 | t: 1.356907 | r:  -516.000000 | e:   1.000000 | Q:        nan | won: False 
#   93 | steps:   976 | steps_t:     0 | t: 1.375358 | r:  -510.000000 | e:   1.000000 | Q:        nan | won: False 
#   94 | steps:   996 | steps_t:     0 | t: 1.395900 | r:  -519.000000 | e:   1.000000 | Q:        nan | won: False 
#   95 | steps:  1018 | steps_t:     0 | t: 1.420816 | r:  -521.000000 | e:   1.000000 | Q:        nan | won: False 
#   96 | steps:  1027 | steps_t:     0 | t: 1.435604 | r:  -508.000000 | e:   1.000000 | Q:        nan | won: False 
#   97 | steps:  1035 | steps_t:     0 | t: 1.448820 | r:  -507.000000 | e:   1.000000 | Q:        nan | won: False 
#   98 | steps:  1044 | steps_t:     0 | t: 1.464000 | r:  -508.000000 | e:   1.000000 | Q:        nan | won: False 
#   99 | steps:  1054 | steps_t:     0 | t: 1.477506 | r:  -509.000000 | e:   1.000000 | Q:        nan | won: False 
#  100 | steps:  1068 | steps_t:     0 | t: 1.491966 | r:  -502.000000 | e:   1.000000 | Q:        nan | won: False 
#  101 | steps:  1084 | steps_t:     0 | t: 1.513136 | r:  -515.000000 | e:   1.000000 | Q:        nan | won: False 
#  102 | steps:  1095 | steps_t:     0 | t: 1.525981 | r:  -510.000000 | e:   1.000000 | Q:        nan | won: False 
#  103 | steps:  1113 | steps_t:     0 | t: 1.546543 | r:  -517.000000 | e:   1.000000 | Q:        nan | won: False 
#  104 | steps:  1122 | steps_t:     0 | t: 1.557211 | r:  -508.000000 | e:   1.000000 | Q:        nan | won: False 
#  105 | steps:  1132 | steps_t:     0 | t: 1.570086 | r:  -509.000000 | e:   1.000000 | Q:        nan | won: False 
#  106 | steps:  1140 | steps_t:     0 | t: 1.580809 | r:  -507.000000 | e:   1.000000 | Q:        nan | won: False 
#  107 | steps:  1148 | steps_t:     0 | t: 1.589912 | r:  -507.000000 | e:   1.000000 | Q:        nan | won: False 
#  108 | steps:  1160 | steps_t:     0 | t: 1.604506 | r:  -511.000000 | e:   1.000000 | Q:        nan | won: False 
#  109 | steps:  1167 | steps_t:     0 | t: 1.614916 | r:  -506.000000 | e:   1.000000 | Q:        nan | won: False 
#  110 | steps:  1177 | steps_t:     0 | t: 1.627209 | r:  -509.000000 | e:   1.000000 | Q:        nan | won: False 
#  111 | steps:  1183 | steps_t:     0 | t: 1.634338 | r:  -505.000000 | e:   1.000000 | Q:        nan | won: False 
#  112 | steps:  1194 | steps_t:     0 | t: 1.650208 | r:  -510.000000 | e:   1.000000 | Q:        nan | won: False 
#  113 | steps:  1201 | steps_t:     0 | t: 1.657763 | r:  -506.000000 | e:   1.000000 | Q:        nan | won: False 
#  114 | steps:  1223 | steps_t:     0 | t: 1.683150 | r:  -521.000000 | e:   1.000000 | Q:        nan | won: False 
#  115 | steps:  1241 | steps_t:     0 | t: 1.702240 | r:  -506.000000 | e:   1.000000 | Q:        nan | won: False 
#  116 | steps:  1252 | steps_t:     0 | t: 1.713922 | r:  -510.000000 | e:   1.000000 | Q:        nan | won: False 
#  117 | steps:  1258 | steps_t:     0 | t: 1.724576 | r:  -505.000000 | e:   1.000000 | Q:        nan | won: False 
#  118 | steps:  1267 | steps_t:     0 | t: 1.740273 | r:  -508.000000 | e:   1.000000 | Q:        nan | won: False 
#  119 | steps:  1277 | steps_t:     0 | t: 1.756421 | r:  -509.000000 | e:   1.000000 | Q:        nan | won: False 
#  120 | steps:  1287 | steps_t:     0 | t: 1.774308 | r:  -509.000000 | e:   1.000000 | Q:        nan | won: False 
#  121 | steps:  1295 | steps_t:     0 | t: 1.787822 | r:  -507.000000 | e:   1.000000 | Q:        nan | won: False 
#  122 | steps:  1306 | steps_t:     0 | t: 1.805868 | r:  -510.000000 | e:   1.000000 | Q:        nan | won: False 
#  123 | steps:  1317 | steps_t:     0 | t: 1.825338 | r:  -510.000000 | e:   1.000000 | Q:        nan | won: False 
#  124 | steps:  1324 | steps_t:     0 | t: 1.838792 | r:  -506.000000 | e:   1.000000 | Q:        nan | won: False 
#  125 | steps:  1333 | steps_t:     0 | t: 1.857355 | r:  -508.000000 | e:   1.000000 | Q:        nan | won: False 
#  126 | steps:  1339 | steps_t:     0 | t: 1.867624 | r:  -505.000000 | e:   1.000000 | Q:        nan | won: False 
#  127 | steps:  1348 | steps_t:     0 | t: 1.881262 | r:  -508.000000 | e:   1.000000 | Q:        nan | won: False 
#  128 | steps:  1360 | steps_t:     0 | t: 1.902959 | r:  -511.000000 | e:   1.000000 | Q:        nan | won: False 
#  129 | steps:  1378 | steps_t:     0 | t: 1.933548 | r:  -517.000000 | e:   1.000000 | Q:        nan | won: False 
#  130 | steps:  1385 | steps_t:     0 | t: 1.944569 | r:  -506.000000 | e:   1.000000 | Q:        nan | won: False 
#  131 | steps:  1393 | steps_t:     0 | t: 1.958468 | r:  -507.000000 | e:   1.000000 | Q:        nan | won: False 
#  132 | steps:  1402 | steps_t:     0 | t: 2.030806 | r:  -508.000000 | e:   1.000000 | Q:        nan | won: False 
#  133 | steps:  1411 | steps_t:     0 | t: 2.040242 | r:  -508.000000 | e:   1.000000 | Q:        nan | won: False 
#  134 | steps:  1417 | steps_t:     0 | t: 2.047050 | r:  -505.000000 | e:   1.000000 | Q:        nan | won: False 
#  135 | steps:  1423 | steps_t:     0 | t: 2.054980 | r:  -505.000000 | e:   1.000000 | Q:        nan | won: False 
#  136 | steps:  1431 | steps_t:     0 | t: 2.064041 | r:  -507.000000 | e:   1.000000 | Q:        nan | won: False 
#  137 | steps:  1451 | steps_t:     0 | t: 2.087740 | r:  -519.000000 | e:   1.000000 | Q:        nan | won: False 
#  138 | steps:  1459 | steps_t:     0 | t: 2.096867 | r:  -507.000000 | e:   1.000000 | Q:        nan | won: False 
#  139 | steps:  1467 | steps_t:     0 | t: 2.108863 | r:  -507.000000 | e:   1.000000 | Q:        nan | won: False 
#  140 | steps:  1481 | steps_t:     0 | t: 2.127308 | r:  -513.000000 | e:   1.000000 | Q:        nan | won: False 
#  141 | steps:  1504 | steps_t:     0 | t: 2.153242 | r:  -522.000000 | e:   1.000000 | Q:        nan | won: False 
#  142 | steps:  1513 | steps_t:     0 | t: 2.162779 | r:  -508.000000 | e:   1.000000 | Q:        nan | won: False 
#  143 | steps:  1524 | steps_t:     0 | t: 2.178606 | r:  -510.000000 | e:   1.000000 | Q:        nan | won: False 
#  144 | steps:  1532 | steps_t:     0 | t: 2.187800 | r:  -507.000000 | e:   1.000000 | Q:        nan | won: False 
#  145 | steps:  1547 | steps_t:     0 | t: 2.212451 | r:  -514.000000 | e:   1.000000 | Q:        nan | won: False 
#  146 | steps:  1558 | steps_t:     0 | t: 2.231144 | r:  -510.000000 | e:   1.000000 | Q:        nan | won: False 
#  147 | steps:  1565 | steps_t:     0 | t: 2.244579 | r:  -506.000000 | e:   1.000000 | Q:        nan | won: False 
#  148 | steps:  1577 | steps_t:     0 | t: 2.264428 | r:  -511.000000 | e:   1.000000 | Q:        nan | won: False 
#  149 | steps:  1584 | steps_t:     0 | t: 2.273679 | r:  -506.000000 | e:   1.000000 | Q:        nan | won: False 
#  150 | steps:  1593 | steps_t:     0 | t: 2.293149 | r:  -508.000000 | e:   1.000000 | Q:        nan | won: False 
#  151 | steps:  1603 | steps_t:     0 | t: 2.312402 | r:  -509.000000 | e:   1.000000 | Q:        nan | won: False 
#  152 | steps:  1609 | steps_t:     0 | t: 2.325064 | r:  -505.000000 | e:   1.000000 | Q:        nan | won: False 
#  153 | steps:  1620 | steps_t:     0 | t: 2.340405 | r:  -510.000000 | e:   1.000000 | Q:        nan | won: False 
