#    1 | steps:    31 | steps_t:     0 | t: 0.036460 | r:  -530.000000 | e:   1.000000 | Q:        nan | won: False 
#    2 | steps:    41 | steps_t:     0 | t: 0.048870 | r:  -509.000000 | e:   1.000000 | Q:        nan | won: False 
#    3 | steps:    50 | steps_t:     0 | t: 0.058736 | r:  -508.000000 | e:   1.000000 | Q:        nan | won: False 
#    4 | steps:    57 | steps_t:     0 | t: 0.066783 | r:  -506.000000 | e:   1.000000 | Q:        nan | won: False 
#    5 | steps:    65 | steps_t:     0 | t: 0.075415 | r:  -507.000000 | e:   1.000000 | Q:        nan | won: False 
#    6 | steps:    76 | steps_t:     0 | t: 0.088948 | r:  -510.000000 | e:   1.000000 | Q:        nan | won: False 
#    7 | steps:    83 | steps_t:     0 | t: 0.100701 | r:  -506.000000 | e:   1.000000 | Q:        nan | won: False 
#    8 | steps:    95 | steps_t:     0 | t: 0.113722 | r:  -511.000000 | e:   1.000000 | Q:        nan | won: False 
#    9 | steps:   102 | steps_t:     0 | t: 0.121153 | r:  -506.000000 | e:   1.000000 | Q:        nan | won: False 
#   10 | steps:   113 | steps_t:     0 | t: 0.135403 | r:  -510.000000 | e:   1.000000 | Q:        nan | won: False 
#   11 | steps:   122 | steps_t:     0 | t: 0.145808 | r:  -508.000000 | e:   1.000000 | Q:        nan | won: False 
#   12 | steps:   128 | steps_t:     0 | t: 0.152475 | r:  -505.000000 | e:   1.000000 | Q:        nan | won: False 
#   13 | steps:   136 | steps_t:     0 | t: 0.160952 | r:  -507.000000 | e:   1.000000 | Q:        nan | won: False 
#   14 | steps:   143 | steps_t:     0 | t: 0.168354 | r:  -506.000000 | e:   1.000000 | Q:        nan | won: False 
#   15 | steps:   151 | steps_t:     0 | t: 0.178722 | r:  -507.000000 | e:   1.000000 | Q:        nan | won: False 
#   16 | steps:   159 | steps_t:     0 | t: 0.190957 | r:  -507.000000 | e:   1.000000 | Q:        nan | won: False 
#   17 | steps:   180 | steps_t:     0 | t: 0.210752 | r:  -520.000000 | e:   1.000000 | Q:        nan | won: False 
#   18 | steps:   188 | steps_t:     0 | t: 0.223889 | r:  -507.000000 | e:   1.000000 | Q:        nan | won: False 
#   19 | steps:   197 | steps_t:     0 | t: 0.232859 | r:  -508.000000 | e:   1.000000 | Q:        nan | won: False 
#   20 | steps:   205 | steps_t:     0 | t: 0.241287 | r:  -507.000000 | e:   1.000000 | Q:        nan | won: False 
#   21 | steps:   222 | steps_t:     0 | t: 0.270178 | r:  -516.000000 | e:   1.000000 | Q:        nan | won: False 
#   22 | steps:   232 | steps_t:     0 | t: 0.286517 | r:  -509.000000 | e:   1.000000 | Q:        nan | won: False 
#   23 | steps:   241 | steps_t:     0 | t: 0.302610 | r:  -508.000000 | e:   1.000000 | Q:        nan | won: False 
#   24 | steps:   251 | steps_t:     0 | t: 0.319551 | r:  -509.000000 | e:   1.000000 | Q:        nan | won: False 
#   25 | steps:   260 | steps_t:     0 | t: 0.334908 | r:  -508.000000 | e:   1.000000 | Q:        nan | won: False 
#   26 | steps:   266 | steps_t:     0 | t: 0.344903 | r:  -505.000000 | e:   1.000000 | Q:        nan | won: False 
#   27 | steps:   273 | steps_t:     0 | t: 0.355916 | r:  -506.000000 | e:   1.000000 | Q:        nan | won: False 
#   28 | steps:   283 | steps_t:     0 | t: 0.366266 | r:  -509.000000 | e:   1.000000 | Q:        nan | won: False 
#   29 | steps:   292 | steps_t:     0 | t: 0.377271 | r:  -508.000000 | e:   1.000000 | Q:        nan | won: False 
#   30 | steps:   301 | steps_t:     0 | t: 0.387733 | r:  -508.000000 | e:   1.000000 | Q:        nan | won: False 
#   31 | steps:   311 | steps_t:     0 | t: 0.401555 | r:  -509.000000 | e:   1.000000 | Q:        nan | won: False 
#   32 | steps:   328 | steps_t:     0 | t: 0.419661 | r:  -516.000000 | e:   1.000000 | Q:        nan | won: False 
#   33 | steps:   336 | steps_t:     0 | t: 0.431120 | r:  -507.000000 | e:   1.000000 | Q:        nan | won: False 
#   34 | steps:   354 | steps_t:     0 | t: 0.448764 | r:  -517.000000 | e:   1.000000 | Q:        nan | won: False 
#   35 | steps:   363 | steps_t:     0 | t: 0.460327 | r:  -508.000000 | e:   1.000000 | Q:        nan | won: False 
#   36 | steps:   379 | steps_t:     0 | t: 0.477377 | r:  -515.000000 | e:   1.000000 | Q:        nan | won: False 
#   37 | steps:   393 | steps_t:     0 | t: 0.491924 | r:  -513.000000 | e:   1.000000 | Q:        nan | won: False 
#   38 | steps:   401 | steps_t:     0 | t: 0.502437 | r:  -507.000000 | e:   1.000000 | Q:        nan | won: False 
#   39 | steps:   409 | steps_t:     0 | t: 0.511870 | r:  -507.000000 | e:   1.000000 | Q:        nan | won: False 
#   40 | steps:   414 | steps_t:     0 | t: 0.518570 | r:  -504.000000 | e:   1.000000 | Q:        nan | won: False 
#   41 | steps:   425 | steps_t:     0 | t: 0.533643 | r:  -510.000000 | e:   1.000000 | Q:        nan | won: False 
#   42 | steps:   447 | steps_t:     0 | t: 0.555187 | r:  -521.000000 | e:   1.000000 | Q:        nan | won: False 
#   43 | steps:   460 | steps_t:     0 | t: 0.571076 | r:  -512.000000 | e:   1.000000 | Q:        nan | won: False 
#   44 | steps:   475 | steps_t:     0 | t: 0.585720 | r:  -514.000000 | e:   1.000000 | Q:        nan | won: False 
#   45 | steps:   492 | steps_t:     0 | t: 0.611926 | r:  -516.000000 | e:   1.000000 | Q:        nan | won: False 
#   46 | steps:   513 | steps_t:     0 | t: 0.645782 | r:  -520.000000 | e:   1.000000 | Q:        nan | won: False 
#   47 | steps:   522 | steps_t:     0 | t: 0.656817 | r:  -508.000000 | e:   1.000000 | Q:        nan | won: False 
#   48 | steps:   533 | steps_t:     0 | t: 0.668062 | r:  -510.000000 | e:   1.000000 | Q:        nan | won: False 
#   49 | steps:   542 | steps_t:     0 | t: 0.677227 | r:  -508.000000 | e:   1.000000 | Q:        nan | won: False 
#   50 | steps:   562 | steps_t:     0 | t: 0.699422 | r:  -519.000000 | e:   1.000000 | Q:        nan | won: False 
#   51 | steps:   580 | steps_t:     0 | t: 0.717924 | r:  -517.000000 | e:   1.000000 | Q:        nan | won: False 
#   52 | steps:   588 | steps_t:     0 | t: 0.729554 | r:  -507.000000 | e:   1.000000 | Q:        nan | won: False 
#   53 | steps:   596 | steps_t:     0 | t: 0.739012 | r:  -507.000000 | e:   1.000000 | Q:        nan | won: False 
#   54 | steps:   603 | steps_t:     0 | t: 0.746958 | r:  -506.000000 | e:   1.000000 | Q:        nan | won: False 
#   55 | steps:   624 | steps_t:     0 | t: 0.771672 | r:  -520.000000 | e:   1.000000 | Q:        nan | won: False 
#   56 | steps:   632 | steps_t:     0 | t: 0.780178 | r:  -507.000000 | e:   1.000000 | Q:        nan | won: False 
#   57 | steps:   653 | steps_t:     0 | t: 0.805159 | r:  -520.000000 | e:   1.000000 | Q:        nan | won: False 
#   58 | steps:   664 | steps_t:     0 | t: 0.816137 | r:  -510.000000 | e:   1.000000 | Q:        nan | won: False 
#   59 | steps:   673 | steps_t:     0 | t: 0.826710 | r:  -508.000000 | e:   1.000000 | Q:        nan | won: False 
#   60 | steps:   683 | steps_t:     0 | t: 0.844046 | r:  -509.000000 | e:   1.000000 | Q:        nan | won: False 
#   61 | steps:   688 | steps_t:     0 | t: 0.852836 | r:  -504.000000 | e:   1.000000 | Q:        nan | won: False 
#   62 | steps:   710 | steps_t:     0 | t: 0.887192 | r:  -521.000000 | e:   1.000000 | Q:        nan | won: False 
#   63 | steps:   718 | steps_t:     0 | t: 0.895069 | r:  -507.000000 | e:   1.000000 | Q:        nan | won: False 
#   64 | steps:   728 | steps_t:     0 | t: 0.906145 | r:  -509.000000 | e:   1.000000 | Q:        nan | won: False 
#   65 | steps:   734 | steps_t:     0 | t: 0.913228 | r:  -505.000000 | e:   1.000000 | Q:        nan | won: False 
#   66 | steps:   750 | steps_t:     0 | t: 0.936074 | r:  -515.000000 | e:   1.000000 | Q:        nan | won: False 
#   67 | steps:   765 | steps_t:     0 | t: 0.950999 | r:  -514.000000 | e:   1.000000 | Q:        nan | won: False 
#   68 | steps:   775 | steps_t:     0 | t: 0.963098 | r:  -509.000000 | e:   1.000000 | Q:        nan | won: False 
#   69 | steps:   789 | steps_t:     0 | t: 0.978722 | r:  -513.000000 | e:   1.000000 | Q:        nan | won: False 
#   70 | steps:   798 | steps_t:     0 | t: 0.988869 | r:  -508.000000 | e:   1.000000 | Q:        nan | won: False 
#   71 | steps:   810 | steps_t:     0 | t: 1.005188 | r:  -511.000000 | e:   1.000000 | Q:        nan | won: False 
#   72 | steps:   817 | steps_t:     0 | t: 1.012941 | r:  -506.000000 | e:   1.000000 | Q:        nan | won: False 
#   73 | steps:   828 | steps_t:     0 | t: 1.024205 | r:  -510.000000 | e:   1.000000 | Q:        nan | won: False 
#   74 | steps:   844 | steps_t:     0 | t: 1.044254 | r:  -515.000000 | e:   1.000000 | Q:        nan | won: False 
#   75 | steps:   852 | steps_t:     0 | t: 1.053796 | r:  -507.000000 | e:   1.000000 | Q:        nan | won: False 
#   76 | steps:   863 | steps_t:     0 | t: 1.068676 | r:  -510.000000 | e:   1.000000 | Q:        nan | won: False 
#   77 | steps:   869 | steps_t:     0 | t: 1.075588 | r:  -505.000000 | e:   1.000000 | Q:        nan | won: False 
#   78 | steps:   884 | steps_t:     0 | t: 1.089958 | r:  -514.000000 | e:   1.000000 | Q:        nan | won: False 
#   79 | steps:   892 | steps_t:     0 | t: 1.103205 | r:  -507.000000 | e:   1.000000 | Q:        nan | won: False 
#   80 | steps:   903 | steps_t:     0 | t: 1.114471 | r:  -510.000000 | e:   1.000000 | Q:        nan | won: False 
#   81 | steps:   916 | steps_t:     0 | t: 1.132303 | r:  -512.000000 | e:   1.000000 | Q:        nan | won: False 
#   82 | steps:   929 | steps_t:     0 | t: 1.146834 | r:  -512.000000 | e:   1.000000 | Q:        nan | won: False 
#   83 | steps:   939 | steps_t:     0 | t: 1.158046 | r:  -509.000000 | e:   1.000000 | Q:        nan | won: False 
#   84 | steps:   953 | steps_t:     0 | t: 1.176168 | r:  -502.000000 | e:   1.000000 | Q:        nan | won: False 
#   85 | steps:   976 | steps_t:     0 | t: 1.199118 | r:  -522.000000 | e:   1.000000 | Q:        nan | won: False 
#   86 | steps:   987 | steps_t:     0 | t: 1.213547 | r:  -510.000000 | e:   1.000000 | Q:        nan | won: False 
#   87 | steps:   993 | steps_t:     0 | t: 1.223984 | r:  -505.000000 | e:   1.000000 | Q:        nan | won: False 
#   88 | steps:  1001 | steps_t:     0 | t: 1.237855 | r:  -507.000000 | e:   1.000000 | Q:        nan | won: False 
#   89 | steps:  1009 | steps_t:     0 | t: 1.251463 | r:  -507.000000 | e:   1.000000 | Q:        nan | won: False 
#   90 | steps:  1019 | steps_t:     0 | t: 1.269463 | r:  -509.000000 | e:   1.000000 | Q:        nan | won: False 
#   91 | steps:  1041 | steps_t:     0 | t: 1.305137 | r:  -521.000000 | e:   1.000000 | Q:        nan | won: False 
#   92 | steps:  1052 | steps_t:     0 | t: 1.324690 | r:  -510.000000 | e:   1.000000 | Q:        nan | won: False 
#   93 | steps:  1059 | steps_t:     0 | t: 1.336641 | r:  -506.000000 | e:   1.000000 | Q:        nan | won: False 
#   94 | steps:  1068 | steps_t:     0 | t: 1.351891 | r:  -508.000000 | e:   1.000000 | Q:        nan | won: False 
#   95 | steps:  1088 | steps_t:     0 | t: 1.377617 | r:  -519.000000 | e:   1.000000 | Q:        nan | won: False 
#   96 | steps:  1095 | steps_t:     0 | t: 1.385701 | r:  -506.000000 | e:   1.000000 | Q:        nan | won: False 
#   97 | steps:  1105 | steps_t:     0 | t: 1.398377 | r:  -509.000000 | e:   1.000000 | Q:        nan | won: False 
#   98 | steps:  1113 | steps_t:     0 | t: 1.408107 | r:  -507.000000 | e:   1.000000 | Q:        nan | won: False 
#   99 | steps:  1130 | steps_t:     0 | t: 1.425458 | r:  -516.000000 | e:   1.000000 | Q:        nan | won: False 
#  100 | steps:  1142 | steps_t:     0 | t: 1.440790 | r:  -511.000000 | e:   1.000000 | Q:        nan | won: False 
#  101 | steps:  1147 | steps_t:     0 | t: 1.446901 | r:  -504.000000 | e:   1.000000 | Q:        nan | won: False 
#  102 | steps:  1159 | steps_t:     0 | t: 1.459593 | r:  -511.000000 | e:   1.000000 | Q:        nan | won: False 
#  103 | steps:  1169 | steps_t:     0 | t: 1.473075 | r:  -509.000000 | e:   1.000000 | Q:        nan | won: False 
#  104 | steps:  1178 | steps_t:     0 | t: 1.482464 | r:  -508.000000 | e:   1.000000 | Q:        nan | won: False 
#  105 | steps:  1183 | steps_t:     0 | t: 1.489352 | r:  -504.000000 | e:   1.000000 | Q:        nan | won: False 
#  106 | steps:  1197 | steps_t:     0 | t: 1.503512 | r:  -513.000000 | e:   1.000000 | Q:        nan | won: False 
#  107 | steps:  1209 | steps_t:     0 | t: 1.520313 | r:  -511.000000 | e:   1.000000 | Q:        nan | won: False 
#  108 | steps:  1216 | steps_t:     0 | t: 1.528152 | r:  -506.000000 | e:   1.000000 | Q:        nan | won: False 
#  109 | steps:  1230 | steps_t:     0 | t: 1.543539 | r:  -502.000000 | e:   1.000000 | Q:        nan | won: False 
#  110 | steps:  1239 | steps_t:     0 | t: 1.555715 | r:  -508.000000 | e:   1.000000 | Q:        nan | won: False 
#  111 | steps:  1246 | steps_t:     0 | t: 1.563252 | r:  -506.000000 | e:   1.000000 | Q:        nan | won: False 
#  112 | steps:  1258 | steps_t:     0 | t: 1.575976 | r:  -511.000000 | e:   1.000000 | Q:        nan | won: False 
#  113 | steps:  1269 | steps_t:     0 | t: 1.590807 | r:  -510.000000 | e:   1.000000 | Q:        nan | won: False 
#  114 | steps:  1282 | steps_t:     0 | t: 1.605225 | r:  -512.000000 | e:   1.000000 | Q:        nan | won: False 
#  115 | steps:  1289 | steps_t:     0 | t: 1.615736 | r:  -506.000000 | e:   1.000000 | Q:        nan | won: False 
#  116 | steps:  1297 | steps_t:     0 | t: 1.625690 | r:  -507.000000 | e:   1.000000 | Q:        nan | won: False 
#  117 | steps:  1307 | steps_t:     0 | t: 1.637146 | r:  -509.000000 | e:   1.000000 | Q:        nan | won: False 
#  118 | steps:  1315 | steps_t:     0 | t: 1.645743 | r:  -507.000000 | e:   1.000000 | Q:        nan | won: False 
#  119 | steps:  1336 | steps_t:     0 | t: 1.668730 | r:  -520.000000 | e:   1.000000 | Q:        nan | won: False 
#  120 | steps:  1350 | steps_t:     0 | t: 1.682535 | r:  -513.000000 | e:   1.000000 | Q:        nan | won: False 
#  121 | steps:  1371 | steps_t:     0 | t: 1.714364 | r:  -520.000000 | e:   1.000000 | Q:        nan | won: False 
#  122 | steps:  1381 | steps_t:     0 | t: 1.731023 | r:  -509.000000 | e:   1.000000 | Q:        nan | won: False 
#  123 | steps:  1393 | steps_t:     0 | t: 1.751537 | r:  -511.000000 | e:   1.000000 | Q:        nan | won: False 
#  124 | steps:  1401 | steps_t:     0 | t: 1.764255 | r:  -507.000000 | e:   1.000000 | Q:        nan | won: False 
#  125 | steps:  1409 | steps_t:     0 | t: 1.778375 | r:  -507.000000 | e:   1.000000 | Q:        nan | won: False 
#  126 | steps:  1418 | steps_t:     0 | t: 1.858320 | r:  -508.000000 | e:   1.000000 | Q:        nan | won: False 
#  127 | steps:  1429 | steps_t:     0 | t: 1.869819 | r:  -510.000000 | e:   1.000000 | Q:        nan | won: False 
#  128 | steps:  1436 | steps_t:     0 | t: 1.877081 | r:  -506.000000 | e:   1.000000 | Q:        nan | won: False 
#  129 | steps:  1442 | steps_t:     0 | t: 1.884036 | r:  -505.000000 | e:   1.000000 | Q:        nan | won: False 
#  130 | steps:  1448 | steps_t:     0 | t: 1.894764 | r:  -505.000000 | e:   1.000000 | Q:        nan | won: False 
#  131 | steps:  1457 | steps_t:     0 | t: 1.907086 | r:  -508.000000 | e:   1.000000 | Q:        nan | won: False 
#  132 | steps:  1465 | steps_t:     0 | t: 1.915503 | r:  -507.000000 | e:   1.000000 | Q:        nan | won: False 
#  133 | steps:  1472 | steps_t:     0 | t: 1.923200 | r:  -506.000000 | e:   1.000000 | Q:        nan | won: False 
#  134 | steps:  1480 | steps_t:     0 | t: 1.937079 | r:  -507.000000 | e:   1.000000 | Q:        nan | won: False 
#  135 | steps:  1491 | steps_t:     0 | t: 1.949128 | r:  -510.000000 | e:   1.000000 | Q:        nan | won: False 
#  136 | steps:  1502 | steps_t:     0 | t: 1.960491 | r:  -510.000000 | e:   1.000000 | Q:        nan | won: False 
#  137 | steps:  1511 | steps_t:     0 | t: 1.970135 | r:  -508.000000 | e:   1.000000 | Q:        nan | won: False 
#  138 | steps:  1520 | steps_t:     0 | t: 1.984949 | r:  -508.000000 | e:   1.000000 | Q:        nan | won: False 
#  139 | steps:  1532 | steps_t:     0 | t: 1.997378 | r:  -511.000000 | e:   1.000000 | Q:        nan | won: False 
#  140 | steps:  1539 | steps_t:     0 | t: 2.006563 | r:  -506.000000 | e:   1.000000 | Q:        nan | won: False 
#  141 | steps:  1550 | steps_t:     0 | t: 2.023020 | r:  -510.000000 | e:   1.000000 | Q:        nan | won: False 
#  142 | steps:  1561 | steps_t:     0 | t: 2.037503 | r:  -510.000000 | e:   1.000000 | Q:        nan | won: False 
#  143 | steps:  1573 | steps_t:     0 | t: 2.057377 | r:  -511.000000 | e:   1.000000 | Q:        nan | won: False 
#  144 | steps:  1588 | steps_t:     0 | t: 2.081996 | r:  -514.000000 | e:   1.000000 | Q:        nan | won: False 
#  145 | steps:  1596 | steps_t:     0 | t: 2.090626 | r:  -507.000000 | e:   1.000000 | Q:        nan | won: False 
#  146 | steps:  1605 | steps_t:     0 | t: 2.100675 | r:  -508.000000 | e:   1.000000 | Q:        nan | won: False 
#  147 | steps:  1613 | steps_t:     0 | t: 2.109263 | r:  -507.000000 | e:   1.000000 | Q:        nan | won: False 
#  148 | steps:  1620 | steps_t:     0 | t: 2.116971 | r:  -506.000000 | e:   1.000000 | Q:        nan | won: False 
#  149 | steps:  1643 | steps_t:     0 | t: 2.142882 | r:  -522.000000 | e:   1.000000 | Q:        nan | won: False 
#  150 | steps:  1663 | steps_t:     0 | t: 2.167468 | r:  -519.000000 | e:   1.000000 | Q:        nan | won: False 
#  151 | steps:  1676 | steps_t:     0 | t: 2.180280 | r:  -512.000000 | e:   1.000000 | Q:        nan | won: False 
#  152 | steps:  1686 | steps_t:     0 | t: 2.192215 | r:  -509.000000 | e:   1.000000 | Q:        nan | won: False 
#  153 | steps:  1694 | steps_t:     0 | t: 2.203460 | r:  -507.000000 | e:   1.000000 | Q:        nan | won: False 
#  154 | steps:  1710 | steps_t:     0 | t: 2.219822 | r:  -504.000000 | e:   1.000000 | Q:        nan | won: False 
#  155 | steps:  1724 | steps_t:     0 | t: 2.236444 | r:  -513.000000 | e:   1.000000 | Q:        nan | won: False 
#  156 | steps:  1731 | steps_t:     0 | t: 2.243777 | r:  -506.000000 | e:   1.000000 | Q:        nan | won: False 
#  157 | steps:  1738 | steps_t:     0 | t: 2.252896 | r:  -506.000000 | e:   1.000000 | Q:        nan | won: False 
#  158 | steps:  1761 | steps_t:     0 | t: 2.276980 | r:  -522.000000 | e:   1.000000 | Q:        nan | won: False 
#  159 | steps:  1768 | steps_t:     0 | t: 2.286125 | r:  -506.000000 | e:   1.000000 | Q:        nan | won: False 
#  160 | steps:  1782 | steps_t:     0 | t: 2.300673 | r:  -513.000000 | e:   1.000000 | Q:        nan | won: False 
#  161 | steps:  1794 | steps_t:     0 | t: 2.318228 | r:  -511.000000 | e:   1.000000 | Q:        nan | won: False 
#  162 | steps:  1801 | steps_t:     0 | t: 2.325440 | r:  -506.000000 | e:   1.000000 | Q:        nan | won: False 
#  163 | steps:  1813 | steps_t:     0 | t: 2.337692 | r:  -511.000000 | e:   1.000000 | Q:        nan | won: False 
#  164 | steps:  1822 | steps_t:     0 | t: 2.350694 | r:  -508.000000 | e:   1.000000 | Q:        nan | won: False 
#  165 | steps:  1830 | steps_t:     0 | t: 2.359187 | r:  -507.000000 | e:   1.000000 | Q:        nan | won: False 
#  166 | steps:  1843 | steps_t:     0 | t: 2.373334 | r:  -501.000000 | e:   1.000000 | Q:        nan | won: False 
#  167 | steps:  1851 | steps_t:     0 | t: 2.384645 | r:  -507.000000 | e:   1.000000 | Q:        nan | won: False 
#  168 | steps:  1862 | steps_t:     0 | t: 2.396069 | r:  -510.000000 | e:   1.000000 | Q:        nan | won: False 
#  169 | steps:  1871 | steps_t:     0 | t: 2.405692 | r:  -508.000000 | e:   1.000000 | Q:        nan | won: False 
#  170 | steps:  1894 | steps_t:     0 | t: 2.431528 | r:  -522.000000 | e:   1.000000 | Q:        nan | won: False 
#  171 | steps:  1911 | steps_t:     0 | t: 2.451267 | r:  -516.000000 | e:   1.000000 | Q:        nan | won: False 
#  172 | steps:  1933 | steps_t:     0 | t: 2.474633 | r:  -521.000000 | e:   1.000000 | Q:        nan | won: False 
#  173 | steps:  1951 | steps_t:     0 | t: 2.493834 | r:  -506.000000 | e:   1.000000 | Q:        nan | won: False 
#  174 | steps:  1958 | steps_t:     0 | t: 2.502492 | r:  -506.000000 | e:   1.000000 | Q:        nan | won: False 
#  175 | steps:  1968 | steps_t:     0 | t: 2.517138 | r:  -509.000000 | e:   1.000000 | Q:        nan | won: False 
#  176 | steps:  1974 | steps_t:     0 | t: 2.523478 | r:  -505.000000 | e:   1.000000 | Q:        nan | won: False 
#  177 | steps:  1982 | steps_t:     0 | t: 2.532497 | r:  -507.000000 | e:   1.000000 | Q:        nan | won: False 
#  178 | steps:  1990 | steps_t:     0 | t: 2.540972 | r:  -507.000000 | e:   1.000000 | Q:        nan | won: False 
#  179 | steps:  1999 | steps_t:     0 | t: 2.553824 | r:  -508.000000 | e:   1.000000 | Q:        nan | won: False 
#  180 | steps:  2007 | steps_t:     0 | t: 2.565763 | r:  -507.000000 | e:   1.000000 | Q:        nan | won: False 
#  181 | steps:  2015 | steps_t:     0 | t: 2.574114 | r:  -507.000000 | e:   1.000000 | Q:        nan | won: False 
#  182 | steps:  2020 | steps_t:     0 | t: 2.580270 | r:  -504.000000 | e:   1.000000 | Q:        nan | won: False 
#  183 | steps:  2025 | steps_t:     0 | t: 2.586152 | r:  -504.000000 | e:   1.000000 | Q:        nan | won: False 
#  184 | steps:  2032 | steps_t:     0 | t: 2.596276 | r:  -506.000000 | e:   1.000000 | Q:        nan | won: False 
#  185 | steps:  2039 | steps_t:     0 | t: 2.605504 | r:  -506.000000 | e:   1.000000 | Q:        nan | won: False 
#  186 | steps:  2048 | steps_t:     0 | t: 2.615794 | r:  -508.000000 | e:   1.000000 | Q:        nan | won: False 
#  187 | steps:  2062 | steps_t:     0 | t: 2.633368 | r:  -513.000000 | e:   1.000000 | Q:        nan | won: False 
#  188 | steps:  2077 | steps_t:     0 | t: 2.649251 | r:  -503.000000 | e:   1.000000 | Q:        nan | won: False 
#  189 | steps:  2086 | steps_t:     0 | t: 2.659284 | r:  -508.000000 | e:   1.000000 | Q:        nan | won: False 
#  190 | steps:  2100 | steps_t:     0 | t: 2.675189 | r:  -513.000000 | e:   1.000000 | Q:        nan | won: False 
#  191 | steps:  2124 | steps_t:     0 | t: 2.702311 | r:  -523.000000 | e:   1.000000 | Q:        nan | won: False 
#  192 | steps:  2134 | steps_t:     0 | t: 2.713939 | r:  -509.000000 | e:   1.000000 | Q:        nan | won: False 
#  193 | steps:  2142 | steps_t:     0 | t: 2.722441 | r:  -507.000000 | e:   1.000000 | Q:        nan | won: False 
#  194 | steps:  2159 | steps_t:     0 | t: 2.742365 | r:  -516.000000 | e:   1.000000 | Q:        nan | won: False 
#  195 | steps:  2166 | steps_t:     0 | t: 2.750704 | r:  -506.000000 | e:   1.000000 | Q:        nan | won: False 
#  196 | steps:  2188 | steps_t:     0 | t: 2.783662 | r:  -521.000000 | e:   1.000000 | Q:        nan | won: False 
#  197 | steps:  2202 | steps_t:     0 | t: 2.806313 | r:  -513.000000 | e:   1.000000 | Q:        nan | won: False 
#  198 | steps:  2211 | steps_t:     0 | t: 2.822026 | r:  -508.000000 | e:   1.000000 | Q:        nan | won: False 
#  199 | steps:  2217 | steps_t:     0 | t: 2.832889 | r:  -505.000000 | e:   1.000000 | Q:        nan | won: False 
#  200 | steps:  2225 | steps_t:     0 | t: 2.846760 | r:  -507.000000 | e:   1.000000 | Q:        nan | won: False 
#  201 | steps:  2248 | steps_t:     0 | t: 2.885125 | r:  -522.000000 | e:   1.000000 | Q:        nan | won: False 
#  202 | steps:  2260 | steps_t:     0 | t: 2.905329 | r:  -511.000000 | e:   1.000000 | Q:        nan | won: False 
#  203 | steps:  2270 | steps_t:     0 | t: 2.922177 | r:  -509.000000 | e:   1.000000 | Q:        nan | won: False 
#  204 | steps:  2281 | steps_t:     0 | t: 2.941276 | r:  -510.000000 | e:   1.000000 | Q:        nan | won: False 
#  205 | steps:  2292 | steps_t:     0 | t: 2.953588 | r:  -510.000000 | e:   1.000000 | Q:        nan | won: False 
#  206 | steps:  2309 | steps_t:     0 | t: 2.972894 | r:  -516.000000 | e:   1.000000 | Q:        nan | won: False 
#  207 | steps:  2316 | steps_t:     0 | t: 2.981276 | r:  -506.000000 | e:   1.000000 | Q:        nan | won: False 
#  208 | steps:  2323 | steps_t:     0 | t: 2.988536 | r:  -506.000000 | e:   1.000000 | Q:        nan | won: False 
#  209 | steps:  2332 | steps_t:     0 | t: 3.004343 | r:  -508.000000 | e:   1.000000 | Q:        nan | won: False 
#  210 | steps:  2352 | steps_t:     0 | t: 3.037758 | r:  -519.000000 | e:   1.000000 | Q:        nan | won: False 
#  211 | steps:  2363 | steps_t:     0 | t: 3.056000 | r:  -510.000000 | e:   1.000000 | Q:        nan | won: False 
#  212 | steps:  2374 | steps_t:     0 | t: 3.075182 | r:  -510.000000 | e:   1.000000 | Q:        nan | won: False 
#  213 | steps:  2384 | steps_t:     0 | t: 3.091923 | r:  -509.000000 | e:   1.000000 | Q:        nan | won: False 
#  214 | steps:  2390 | steps_t:     0 | t: 3.102238 | r:  -505.000000 | e:   1.000000 | Q:        nan | won: False 
#  215 | steps:  2400 | steps_t:     0 | t: 3.113836 | r:  -509.000000 | e:   1.000000 | Q:        nan | won: False 
#  216 | steps:  2412 | steps_t:     0 | t: 3.125976 | r:  -511.000000 | e:   1.000000 | Q:        nan | won: False 
#  217 | steps:  2418 | steps_t:     0 | t: 3.135766 | r:  -505.000000 | e:   1.000000 | Q:        nan | won: False 
#  218 | steps:  2443 | steps_t:     0 | t: 3.166561 | r:  -524.000000 | e:   1.000000 | Q:        nan | won: False 
#  219 | steps:  2452 | steps_t:     0 | t: 3.175976 | r:  -508.000000 | e:   1.000000 | Q:        nan | won: False 
#  220 | steps:  2472 | steps_t:     0 | t: 3.200958 | r:  -519.000000 | e:   1.000000 | Q:        nan | won: False 
#  221 | steps:  2479 | steps_t:     0 | t: 3.212659 | r:  -506.000000 | e:   1.000000 | Q:        nan | won: False 
#  222 | steps:  2491 | steps_t:     0 | t: 3.232461 | r:  -511.000000 | e:   1.000000 | Q:        nan | won: False 
#  223 | steps:  2499 | steps_t:     0 | t: 3.246433 | r:  -507.000000 | e:   1.000000 | Q:        nan | won: False 
#  224 | steps:  2510 | steps_t:     0 | t: 3.266744 | r:  -510.000000 | e:   1.000000 | Q:        nan | won: False 
#  225 | steps:  2527 | steps_t:     0 | t: 3.295199 | r:  -516.000000 | e:   1.000000 | Q:        nan | won: False 
#  226 | steps:  2537 | steps_t:     0 | t: 3.308630 | r:  -509.000000 | e:   1.000000 | Q:        nan | won: False 
#  227 | steps:  2544 | steps_t:     0 | t: 3.320296 | r:  -506.000000 | e:   1.000000 | Q:        nan | won: False 
#  228 | steps:  2554 | steps_t:     0 | t: 3.336879 | r:  -509.000000 | e:   1.000000 | Q:        nan | won: False 
#  229 | steps:  2572 | steps_t:     0 | t: 3.367723 | r:  -517.000000 | e:   1.000000 | Q:        nan | won: False 
#  230 | steps:  2582 | steps_t:     0 | t: 3.384342 | r:  -509.000000 | e:   1.000000 | Q:        nan | won: False 
#  231 | steps:  2594 | steps_t:     0 | t: 3.404325 | r:  -511.000000 | e:   1.000000 | Q:        nan | won: False 
#  232 | steps:  2608 | steps_t:     0 | t: 3.428902 | r:  -502.000000 | e:   1.000000 | Q:        nan | won: False 
#  233 | steps:  2613 | steps_t:     0 | t: 3.437746 | r:  -504.000000 | e:   1.000000 | Q:        nan | won: False 
#  234 | steps:  2618 | steps_t:     0 | t: 3.446432 | r:  -504.000000 | e:   1.000000 | Q:        nan | won: False 
#  235 | steps:  2625 | steps_t:     0 | t: 3.458594 | r:  -506.000000 | e:   1.000000 | Q:        nan | won: False 
#  236 | steps:  2641 | steps_t:     0 | t: 3.478565 | r:  -504.000000 | e:   1.000000 | Q:        nan | won: False 
#  237 | steps:  2649 | steps_t:     0 | t: 3.486718 | r:  -507.000000 | e:   1.000000 | Q:        nan | won: False 
#  238 | steps:  2666 | steps_t:     0 | t: 3.507500 | r:  -516.000000 | e:   1.000000 | Q:        nan | won: False 
#  239 | steps:  2675 | steps_t:     0 | t: 3.517587 | r:  -508.000000 | e:   1.000000 | Q:        nan | won: False 
#  240 | steps:  2681 | steps_t:     0 | t: 3.524378 | r:  -505.000000 | e:   1.000000 | Q:        nan | won: False 
#  241 | steps:  2694 | steps_t:     0 | t: 3.541333 | r:  -512.000000 | e:   1.000000 | Q:        nan | won: False 
#  242 | steps:  2702 | steps_t:     0 | t: 3.549746 | r:  -507.000000 | e:   1.000000 | Q:        nan | won: False 
#  243 | steps:  2713 | steps_t:     0 | t: 3.560764 | r:  -510.000000 | e:   1.000000 | Q:        nan | won: False 
#  244 | steps:  2724 | steps_t:     0 | t: 3.572445 | r:  -510.000000 | e:   1.000000 | Q:        nan | won: False 
#  245 | steps:  2731 | steps_t:     0 | t: 3.584913 | r:  -506.000000 | e:   1.000000 | Q:        nan | won: False 
#  246 | steps:  2737 | steps_t:     0 | t: 3.595191 | r:  -505.000000 | e:   1.000000 | Q:        nan | won: False 
#  247 | steps:  2746 | steps_t:     0 | t: 3.610153 | r:  -508.000000 | e:   1.000000 | Q:        nan | won: False 
#  248 | steps:  2758 | steps_t:     0 | t: 3.630426 | r:  -511.000000 | e:   1.000000 | Q:        nan | won: False 
#  249 | steps:  2766 | steps_t:     0 | t: 3.640253 | r:  -507.000000 | e:   1.000000 | Q:        nan | won: False 
#  250 | steps:  2778 | steps_t:     0 | t: 3.659482 | r:  -511.000000 | e:   1.000000 | Q:        nan | won: False 
#  251 | steps:  2785 | steps_t:     0 | t: 3.671715 | r:  -506.000000 | e:   1.000000 | Q:        nan | won: False 
#  252 | steps:  2791 | steps_t:     0 | t: 3.682445 | r:  -505.000000 | e:   1.000000 | Q:        nan | won: False 
#  253 | steps:  2804 | steps_t:     0 | t: 3.702194 | r:  -512.000000 | e:   1.000000 | Q:        nan | won: False 
#  254 | steps:  2809 | steps_t:     0 | t: 3.709086 | r:  -504.000000 | e:   1.000000 | Q:        nan | won: False 
#  255 | steps:  2818 | steps_t:     0 | t: 3.718673 | r:  -508.000000 | e:   1.000000 | Q:        nan | won: False 
#  256 | steps:  2833 | steps_t:     0 | t: 3.741498 | r:  -514.000000 | e:   1.000000 | Q:        nan | won: False 
#  257 | steps:  2847 | steps_t:     0 | t: 3.765193 | r:  -513.000000 | e:   1.000000 | Q:        nan | won: False 
#  258 | steps:  2857 | steps_t:     0 | t: 3.783671 | r:  -509.000000 | e:   1.000000 | Q:        nan | won: False 
#  259 | steps:  2871 | steps_t:     0 | t: 3.807601 | r:  -502.000000 | e:   1.000000 | Q:        nan | won: False 
#  260 | steps:  2878 | steps_t:     0 | t: 3.819874 | r:  -506.000000 | e:   1.000000 | Q:        nan | won: False 
#  261 | steps:  2886 | steps_t:     0 | t: 3.834105 | r:  -507.000000 | e:   1.000000 | Q:        nan | won: False 
#  262 | steps:  2893 | steps_t:     0 | t: 3.846431 | r:  -506.000000 | e:   1.000000 | Q:        nan | won: False 
#  263 | steps:  2902 | steps_t:     0 | t: 3.861727 | r:  -508.000000 | e:   1.000000 | Q:        nan | won: False 
#  264 | steps:  2909 | steps_t:     0 | t: 3.873733 | r:  -506.000000 | e:   1.000000 | Q:        nan | won: False 
#  265 | steps:  2920 | steps_t:     0 | t: 3.893164 | r:  -510.000000 | e:   1.000000 | Q:        nan | won: False 
#  266 | steps:  2935 | steps_t:     0 | t: 3.918469 | r:  -514.000000 | e:   1.000000 | Q:        nan | won: False 
#  267 | steps:  2942 | steps_t:     0 | t: 3.930669 | r:  -506.000000 | e:   1.000000 | Q:        nan | won: False 
#  268 | steps:  2955 | steps_t:     0 | t: 3.953070 | r:  -512.000000 | e:   1.000000 | Q:        nan | won: False 
#  269 | steps:  2975 | steps_t:     0 | t: 3.987496 | r:  -519.000000 | e:   1.000000 | Q:        nan | won: False 
#  270 | steps:  2986 | steps_t:     0 | t: 4.007018 | r:  -510.000000 | e:   1.000000 | Q:        nan | won: False 
#  271 | steps:  3002 | steps_t:     0 | t: 4.032272 | r:  -504.000000 | e:   1.000000 | Q:        nan | won: False 
#  272 | steps:  3011 | steps_t:     0 | t: 4.043049 | r:  -508.000000 | e:   1.000000 | Q:        nan | won: False 
#  273 | steps:  3019 | steps_t:     0 | t: 4.057495 | r:  -507.000000 | e:   1.000000 | Q:        nan | won: False 
#  274 | steps:  3029 | steps_t:     0 | t: 4.074184 | r:  -509.000000 | e:   1.000000 | Q:        nan | won: False 
#  275 | steps:  3048 | steps_t:     0 | t: 4.106499 | r:  -507.000000 | e:   1.000000 | Q:        nan | won: False 
#  276 | steps:  3057 | steps_t:     0 | t: 4.121556 | r:  -508.000000 | e:   1.000000 | Q:        nan | won: False 
#  277 | steps:  3067 | steps_t:     0 | t: 4.138553 | r:  -509.000000 | e:   1.000000 | Q:        nan | won: False 
#  278 | steps:  3077 | steps_t:     0 | t: 4.154947 | r:  -509.000000 | e:   1.000000 | Q:        nan | won: False 
#  279 | steps:  3104 | steps_t:     0 | t: 4.190299 | r:  -515.000000 | e:   1.000000 | Q:        nan | won: False 
#  280 | steps:  3112 | steps_t:     0 | t: 4.201951 | r:  -507.000000 | e:   1.000000 | Q:        nan | won: False 
#  281 | steps:  3118 | steps_t:     0 | t: 4.209609 | r:  -505.000000 | e:   1.000000 | Q:        nan | won: False 
#  282 | steps:  3125 | steps_t:     0 | t: 4.220356 | r:  -506.000000 | e:   1.000000 | Q:        nan | won: False 
#  283 | steps:  3133 | steps_t:     0 | t: 4.234581 | r:  -507.000000 | e:   1.000000 | Q:        nan | won: False 
#  284 | steps:  3143 | steps_t:     0 | t: 4.251279 | r:  -509.000000 | e:   1.000000 | Q:        nan | won: False 
#  285 | steps:  3157 | steps_t:     0 | t: 4.275974 | r:  -513.000000 | e:   1.000000 | Q:        nan | won: False 
#  286 | steps:  3171 | steps_t:     0 | t: 4.299894 | r:  -491.000000 | e:   1.000000 | Q:        nan | won: False 
#  287 | steps:  3181 | steps_t:     0 | t: 4.317110 | r:  -509.000000 | e:   1.000000 | Q:        nan | won: False 
#  288 | steps:  3189 | steps_t:     0 | t: 4.331287 | r:  -507.000000 | e:   1.000000 | Q:        nan | won: False 
#  289 | steps:  3200 | steps_t:     0 | t: 4.350197 | r:  -510.000000 | e:   1.000000 | Q:        nan | won: False 
#  290 | steps:  3208 | steps_t:     0 | t: 4.363692 | r:  -507.000000 | e:   1.000000 | Q:        nan | won: False 
#  291 | steps:  3229 | steps_t:     0 | t: 4.393482 | r:  -520.000000 | e:   1.000000 | Q:        nan | won: False 
#  292 | steps:  3236 | steps_t:     0 | t: 4.405193 | r:  -506.000000 | e:   1.000000 | Q:        nan | won: False 
#  293 | steps:  3241 | steps_t:     0 | t: 4.413773 | r:  -504.000000 | e:   1.000000 | Q:        nan | won: False 
#  294 | steps:  3249 | steps_t:     0 | t: 4.426810 | r:  -507.000000 | e:   1.000000 | Q:        nan | won: False 
#  295 | steps:  3256 | steps_t:     0 | t: 4.439020 | r:  -506.000000 | e:   1.000000 | Q:        nan | won: False 
#  296 | steps:  3263 | steps_t:     0 | t: 4.450274 | r:  -506.000000 | e:   1.000000 | Q:        nan | won: False 
#  297 | steps:  3270 | steps_t:     0 | t: 4.462386 | r:  -506.000000 | e:   1.000000 | Q:        nan | won: False 
#  298 | steps:  3279 | steps_t:     0 | t: 4.477141 | r:  -508.000000 | e:   1.000000 | Q:        nan | won: False 
#  299 | steps:  3288 | steps_t:     0 | t: 4.490047 | r:  -508.000000 | e:   1.000000 | Q:        nan | won: False 
#  300 | steps:  3304 | steps_t:     0 | t: 4.507102 | r:  -504.000000 | e:   1.000000 | Q:        nan | won: False 
#  301 | steps:  3310 | steps_t:     0 | t: 4.513085 | r:  -505.000000 | e:   1.000000 | Q:        nan | won: False 
#  302 | steps:  3324 | steps_t:     0 | t: 4.530032 | r:  -513.000000 | e:   1.000000 | Q:        nan | won: False 
#  303 | steps:  3331 | steps_t:     0 | t: 4.541787 | r:  -506.000000 | e:   1.000000 | Q:        nan | won: False 
#  304 | steps:  3337 | steps_t:     0 | t: 4.552151 | r:  -505.000000 | e:   1.000000 | Q:        nan | won: False 
#  305 | steps:  3354 | steps_t:     0 | t: 4.579600 | r:  -516.000000 | e:   1.000000 | Q:        nan | won: False 
#  306 | steps:  3364 | steps_t:     0 | t: 4.597369 | r:  -509.000000 | e:   1.000000 | Q:        nan | won: False 
#  307 | steps:  3372 | steps_t:     0 | t: 4.610945 | r:  -507.000000 | e:   1.000000 | Q:        nan | won: False 
#  308 | steps:  3378 | steps_t:     0 | t: 4.621098 | r:  -505.000000 | e:   1.000000 | Q:        nan | won: False 
#  309 | steps:  3402 | steps_t:     0 | t: 4.662497 | r:  -523.000000 | e:   1.000000 | Q:        nan | won: False 
#  310 | steps:  3414 | steps_t:     0 | t: 4.683817 | r:  -511.000000 | e:   1.000000 | Q:        nan | won: False 
#  311 | steps:  3423 | steps_t:     0 | t: 4.694252 | r:  -508.000000 | e:   1.000000 | Q:        nan | won: False 
#  312 | steps:  3432 | steps_t:     0 | t: 4.707549 | r:  -508.000000 | e:   1.000000 | Q:        nan | won: False 
#  313 | steps:  3441 | steps_t:     0 | t: 4.716713 | r:  -508.000000 | e:   1.000000 | Q:        nan | won: False 
#  314 | steps:  3450 | steps_t:     0 | t: 4.728800 | r:  -508.000000 | e:   1.000000 | Q:        nan | won: False 
#  315 | steps:  3461 | steps_t:     0 | t: 4.751368 | r:  -510.000000 | e:   1.000000 | Q:        nan | won: False 
#  316 | steps:  3483 | steps_t:     0 | t: 4.792560 | r:  -521.000000 | e:   1.000000 | Q:        nan | won: False 
#  317 | steps:  3490 | steps_t:     0 | t: 4.806639 | r:  -506.000000 | e:   1.000000 | Q:        nan | won: False 
#  318 | steps:  3507 | steps_t:     0 | t: 4.837724 | r:  -516.000000 | e:   1.000000 | Q:        nan | won: False 
