#    1 | steps:    11 | steps_t:     0 | t: 0.036016 | r:  -510.000000 | e:   1.000000 | Q:        nan | won: False 
#    2 | steps:    33 | steps_t:     0 | t: 0.057201 | r:  -521.000000 | e:   1.000000 | Q:        nan | won: False 
#    3 | steps:    43 | steps_t:     0 | t: 0.071606 | r:  -509.000000 | e:   1.000000 | Q:        nan | won: False 
#    4 | steps:    50 | steps_t:     0 | t: 0.082659 | r:  -506.000000 | e:   1.000000 | Q:        nan | won: False 
#    5 | steps:    58 | steps_t:     0 | t: 0.093120 | r:  -507.000000 | e:   1.000000 | Q:        nan | won: False 
#    6 | steps:    74 | steps_t:     0 | t: 0.112527 | r:  -515.000000 | e:   1.000000 | Q:        nan | won: False 
#    7 | steps:    86 | steps_t:     0 | t: 0.126476 | r:  -511.000000 | e:   1.000000 | Q:        nan | won: False 
#    8 | steps:    95 | steps_t:     0 | t: 0.139553 | r:  -508.000000 | e:   1.000000 | Q:        nan | won: False 
#    9 | steps:   103 | steps_t:     0 | t: 0.152167 | r:  -507.000000 | e:   1.000000 | Q:        nan | won: False 
#   10 | steps:   120 | steps_t:     0 | t: 0.174191 | r:  -516.000000 | e:   1.000000 | Q:        nan | won: False 
#   11 | steps:   128 | steps_t:     0 | t: 0.184060 | r:  -507.000000 | e:   1.000000 | Q:        nan | won: False 
#   12 | steps:   137 | steps_t:     0 | t: 0.194494 | r:  -508.000000 | e:   1.000000 | Q:        nan | won: False 
#   13 | steps:   159 | steps_t:     0 | t: 0.224018 | r:  -521.000000 | e:   1.000000 | Q:        nan | won: False 
#   14 | steps:   170 | steps_t:     0 | t: 0.242811 | r:  -510.000000 | e:   1.000000 | Q:        nan | won: False 
#   15 | steps:   178 | steps_t:     0 | t: 0.255678 | r:  -507.000000 | e:   1.000000 | Q:        nan | won: False 
#   16 | steps:   183 | steps_t:     0 | t: 0.265314 | r:  -504.000000 | e:   1.000000 | Q:        nan | won: False 
#   17 | steps:   195 | steps_t:     0 | t: 0.286293 | r:  -511.000000 | e:   1.000000 | Q:        nan | won: False 
#   18 | steps:   205 | steps_t:     0 | t: 1.861401 | r:  -509.000000 | e:   1.000000 | Q:        nan | won: False 
#   19 | steps:   215 | steps_t:     0 | t: 1.872065 | r:  -509.000000 | e:   1.000000 | Q:        nan | won: False 
#   20 | steps:   224 | steps_t:     0 | t: 1.884591 | r:  -508.000000 | e:   1.000000 | Q:        nan | won: False 
#   21 | steps:   232 | steps_t:     0 | t: 1.899785 | r:  -507.000000 | e:   1.000000 | Q:        nan | won: False 
#   22 | steps:   249 | steps_t:     0 | t: 1.930181 | r:  -516.000000 | e:   1.000000 | Q:        nan | won: False 
#   23 | steps:   257 | steps_t:     0 | t: 1.943490 | r:  -507.000000 | e:   1.000000 | Q:        nan | won: False 
#   24 | steps:   264 | steps_t:     0 | t: 1.958907 | r:  -506.000000 | e:   1.000000 | Q:        nan | won: False 
#   25 | steps:   285 | steps_t:     0 | t: 1.989719 | r:  -520.000000 | e:   1.000000 | Q:        nan | won: False 
#   26 | steps:   292 | steps_t:     0 | t: 1.999012 | r:  -506.000000 | e:   1.000000 | Q:        nan | won: False 
#   27 | steps:   304 | steps_t:     0 | t: 2.014333 | r:  -511.000000 | e:   1.000000 | Q:        nan | won: False 
#   28 | steps:   312 | steps_t:     0 | t: 2.024606 | r:  -507.000000 | e:   1.000000 | Q:        nan | won: False 
#   29 | steps:   323 | steps_t:     0 | t: 2.040688 | r:  -510.000000 | e:   1.000000 | Q:        nan | won: False 
#   30 | steps:   330 | steps_t:     0 | t: 2.052320 | r:  -506.000000 | e:   1.000000 | Q:        nan | won: False 
#   31 | steps:   339 | steps_t:     0 | t: 2.064985 | r:  -508.000000 | e:   1.000000 | Q:        nan | won: False 
#   32 | steps:   358 | steps_t:     0 | t: 2.090800 | r:  -518.000000 | e:   1.000000 | Q:        nan | won: False 
#   33 | steps:   370 | steps_t:     0 | t: 2.107898 | r:  -511.000000 | e:   1.000000 | Q:        nan | won: False 
#   34 | steps:   378 | steps_t:     0 | t: 2.119224 | r:  -507.000000 | e:   1.000000 | Q:        nan | won: False 
#   35 | steps:   392 | steps_t:     0 | t: 2.136069 | r:  -513.000000 | e:   1.000000 | Q:        nan | won: False 
#   36 | steps:   398 | steps_t:     0 | t: 2.145972 | r:  -505.000000 | e:   1.000000 | Q:        nan | won: False 
#   37 | steps:   408 | steps_t:     0 | t: 3.694381 | r:  -509.000000 | e:   1.000000 | Q:        nan | won: False 
#   38 | steps:   417 | steps_t:     0 | t: 3.708353 | r:  -508.000000 | e:   1.000000 | Q:        nan | won: False 
#   39 | steps:   425 | steps_t:     0 | t: 3.721112 | r:  -507.000000 | e:   1.000000 | Q:        nan | won: False 
#   40 | steps:   433 | steps_t:     0 | t: 3.732505 | r:  -507.000000 | e:   1.000000 | Q:        nan | won: False 
#   41 | steps:   444 | steps_t:     0 | t: 3.745322 | r:  -510.000000 | e:   1.000000 | Q:        nan | won: False 
#   42 | steps:   453 | steps_t:     0 | t: 3.757684 | r:  -508.000000 | e:   1.000000 | Q:        nan | won: False 
#   43 | steps:   464 | steps_t:     0 | t: 3.773156 | r:  -510.000000 | e:   1.000000 | Q:        nan | won: False 
#   44 | steps:   478 | steps_t:     0 | t: 3.789945 | r:  -513.000000 | e:   1.000000 | Q:        nan | won: False 
#   45 | steps:   497 | steps_t:     0 | t: 3.823378 | r:  -518.000000 | e:   1.000000 | Q:        nan | won: False 
#   46 | steps:   516 | steps_t:     0 | t: 3.846474 | r:  -518.000000 | e:   1.000000 | Q:        nan | won: False 
#   47 | steps:   523 | steps_t:     0 | t: 3.858300 | r:  -506.000000 | e:   1.000000 | Q:        nan | won: False 
#   48 | steps:   531 | steps_t:     0 | t: 3.869034 | r:  -507.000000 | e:   1.000000 | Q:        nan | won: False 
#   49 | steps:   542 | steps_t:     0 | t: 3.882784 | r:  -510.000000 | e:   1.000000 | Q:        nan | won: False 
#   50 | steps:   556 | steps_t:     0 | t: 3.897639 | r:  -513.000000 | e:   1.000000 | Q:        nan | won: False 
#   51 | steps:   571 | steps_t:     0 | t: 3.917632 | r:  -514.000000 | e:   1.000000 | Q:        nan | won: False 
#   52 | steps:   583 | steps_t:     0 | t: 3.934862 | r:  -511.000000 | e:   1.000000 | Q:        nan | won: False 
#   53 | steps:   591 | steps_t:     0 | t: 3.944444 | r:  -507.000000 | e:   1.000000 | Q:        nan | won: False 
#   54 | steps:   599 | steps_t:     0 | t: 3.956477 | r:  -507.000000 | e:   1.000000 | Q:        nan | won: False 
#   55 | steps:   613 | steps_t:     0 | t: 5.568089 | r:  -513.000000 | e:   1.000000 | Q:        nan | won: False 
#   56 | steps:   620 | steps_t:     0 | t: 5.579174 | r:  -506.000000 | e:   1.000000 | Q:        nan | won: False 
#   57 | steps:   627 | steps_t:     0 | t: 5.587251 | r:  -506.000000 | e:   1.000000 | Q:        nan | won: False 
#   58 | steps:   640 | steps_t:     0 | t: 5.604683 | r:  -512.000000 | e:   1.000000 | Q:        nan | won: False 
#   59 | steps:   658 | steps_t:     0 | t: 5.627419 | r:  -517.000000 | e:   1.000000 | Q:        nan | won: False 
#   60 | steps:   665 | steps_t:     0 | t: 5.636186 | r:  -506.000000 | e:   1.000000 | Q:        nan | won: False 
#   61 | steps:   671 | steps_t:     0 | t: 5.647887 | r:  -505.000000 | e:   1.000000 | Q:        nan | won: False 
#   62 | steps:   683 | steps_t:     0 | t: 5.661663 | r:  -511.000000 | e:   1.000000 | Q:        nan | won: False 
#   63 | steps:   691 | steps_t:     0 | t: 5.674148 | r:  -507.000000 | e:   1.000000 | Q:        nan | won: False 
#   64 | steps:   699 | steps_t:     0 | t: 5.685221 | r:  -507.000000 | e:   1.000000 | Q:        nan | won: False 
#   65 | steps:   706 | steps_t:     0 | t: 5.698845 | r:  -506.000000 | e:   1.000000 | Q:        nan | won: False 
#   66 | steps:   716 | steps_t:     0 | t: 5.713372 | r:  -509.000000 | e:   1.000000 | Q:        nan | won: False 
#   67 | steps:   726 | steps_t:     0 | t: 5.728168 | r:  -509.000000 | e:   1.000000 | Q:        nan | won: False 
#   68 | steps:   733 | steps_t:     0 | t: 5.738674 | r:  -506.000000 | e:   1.000000 | Q:        nan | won: False 
#   69 | steps:   744 | steps_t:     0 | t: 5.754369 | r:  -510.000000 | e:   1.000000 | Q:        nan | won: False 
#   70 | steps:   751 | steps_t:     0 | t: 5.764857 | r:  -506.000000 | e:   1.000000 | Q:        nan | won: False 
#   71 | steps:   770 | steps_t:     0 | t: 5.788145 | r:  -518.000000 | e:   1.000000 | Q:        nan | won: False 
#   72 | steps:   779 | steps_t:     0 | t: 5.805635 | r:  -508.000000 | e:   1.000000 | Q:        nan | won: False 
#   73 | steps:   791 | steps_t:     0 | t: 5.819767 | r:  -511.000000 | e:   1.000000 | Q:        nan | won: False 
#   74 | steps:   800 | steps_t:     0 | t: 5.833441 | r:  -508.000000 | e:   1.000000 | Q:        nan | won: False 
#   75 | steps:   818 | steps_t:     0 | t: 5.857703 | r:  -517.000000 | e:   1.000000 | Q:        nan | won: False 
#   76 | steps:   825 | steps_t:     0 | t: 5.866482 | r:  -506.000000 | e:   1.000000 | Q:        nan | won: False 
#   77 | steps:   842 | steps_t:     0 | t: 5.892563 | r:  -516.000000 | e:   1.000000 | Q:        nan | won: False 
#   78 | steps:   853 | steps_t:     0 | t: 5.911920 | r:  -510.000000 | e:   1.000000 | Q:        nan | won: False 
#   79 | steps:   863 | steps_t:     0 | t: 5.925098 | r:  -509.000000 | e:   1.000000 | Q:        nan | won: False 
#   80 | steps:   871 | steps_t:     0 | t: 5.935332 | r:  -507.000000 | e:   1.000000 | Q:        nan | won: False 
#   81 | steps:   879 | steps_t:     0 | t: 5.948521 | r:  -507.000000 | e:   1.000000 | Q:        nan | won: False 
#   82 | steps:   887 | steps_t:     0 | t: 5.959876 | r:  -507.000000 | e:   1.000000 | Q:        nan | won: False 
#   83 | steps:   896 | steps_t:     0 | t: 5.974271 | r:  -508.000000 | e:   1.000000 | Q:        nan | won: False 
#   84 | steps:   908 | steps_t:     0 | t: 5.992450 | r:  -511.000000 | e:   1.000000 | Q:        nan | won: False 
#   85 | steps:   929 | steps_t:     0 | t: 6.018233 | r:  -520.000000 | e:   1.000000 | Q:        nan | won: False 
#   86 | steps:   937 | steps_t:     0 | t: 6.028627 | r:  -507.000000 | e:   1.000000 | Q:        nan | won: False 
#   87 | steps:   945 | steps_t:     0 | t: 6.042856 | r:  -507.000000 | e:   1.000000 | Q:        nan | won: False 
#   88 | steps:   952 | steps_t:     0 | t: 6.052181 | r:  -506.000000 | e:   1.000000 | Q:        nan | won: False 
#   89 | steps:   968 | steps_t:     0 | t: 6.074342 | r:  -515.000000 | e:   1.000000 | Q:        nan | won: False 
#   90 | steps:   985 | steps_t:     0 | t: 6.097977 | r:  -516.000000 | e:   1.000000 | Q:        nan | won: False 
#   91 | steps:  1002 | steps_t:     0 | t: 7.610614 | r:  -516.000000 | e:   1.000000 | Q:        nan | won: False 
#   92 | steps:  1031 | steps_t:     0 | t: 7.658201 | r:  -528.000000 | e:   1.000000 | Q:        nan | won: False 
#   93 | steps:  1040 | steps_t:     0 | t: 7.669594 | r:  -508.000000 | e:   1.000000 | Q:        nan | won: False 
#   94 | steps:  1054 | steps_t:     0 | t: 7.687965 | r:  -513.000000 | e:   1.000000 | Q:        nan | won: False 
#   95 | steps:  1064 | steps_t:     0 | t: 7.700002 | r:  -509.000000 | e:   1.000000 | Q:        nan | won: False 
#   96 | steps:  1076 | steps_t:     0 | t: 7.717781 | r:  -511.000000 | e:   1.000000 | Q:        nan | won: False 
#   97 | steps:  1092 | steps_t:     0 | t: 7.738246 | r:  -504.000000 | e:   1.000000 | Q:        nan | won: False 
#   98 | steps:  1099 | steps_t:     0 | t: 7.749555 | r:  -506.000000 | e:   1.000000 | Q:        nan | won: False 
#   99 | steps:  1113 | steps_t:     0 | t: 7.767963 | r:  -513.000000 | e:   1.000000 | Q:        nan | won: False 
#  100 | steps:  1121 | steps_t:     0 | t: 7.780453 | r:  -507.000000 | e:   1.000000 | Q:        nan | won: False 
#  101 | steps:  1127 | steps_t:     0 | t: 7.791027 | r:  -505.000000 | e:   1.000000 | Q:        nan | won: False 
#  102 | steps:  1140 | steps_t:     0 | t: 7.805889 | r:  -512.000000 | e:   1.000000 | Q:        nan | won: False 
#  103 | steps:  1149 | steps_t:     0 | t: 7.816620 | r:  -508.000000 | e:   1.000000 | Q:        nan | won: False 
#  104 | steps:  1156 | steps_t:     0 | t: 7.828271 | r:  -506.000000 | e:   1.000000 | Q:        nan | won: False 
#  105 | steps:  1164 | steps_t:     0 | t: 7.838831 | r:  -507.000000 | e:   1.000000 | Q:        nan | won: False 
#  106 | steps:  1171 | steps_t:     0 | t: 7.849862 | r:  -506.000000 | e:   1.000000 | Q:        nan | won: False 
#  107 | steps:  1185 | steps_t:     0 | t: 7.868499 | r:  -513.000000 | e:   1.000000 | Q:        nan | won: False 
#  108 | steps:  1193 | steps_t:     0 | t: 7.881466 | r:  -507.000000 | e:   1.000000 | Q:        nan | won: False 
#  109 | steps:  1199 | steps_t:     0 | t: 7.889756 | r:  -505.000000 | e:   1.000000 | Q:        nan | won: False 
#  110 | steps:  1209 | steps_t:     0 | t: 9.428183 | r:  -509.000000 | e:   1.000000 | Q:        nan | won: False 
#  111 | steps:  1219 | steps_t:     0 | t: 9.442917 | r:  -509.000000 | e:   1.000000 | Q:        nan | won: False 
#  112 | steps:  1229 | steps_t:     0 | t: 9.460819 | r:  -509.000000 | e:   1.000000 | Q:        nan | won: False 
#  113 | steps:  1245 | steps_t:     0 | t: 9.482639 | r:  -515.000000 | e:   1.000000 | Q:        nan | won: False 
#  114 | steps:  1253 | steps_t:     0 | t: 9.499100 | r:  -507.000000 | e:   1.000000 | Q:        nan | won: False 
#  115 | steps:  1260 | steps_t:     0 | t: 9.511626 | r:  -506.000000 | e:   1.000000 | Q:        nan | won: False 
#  116 | steps:  1269 | steps_t:     0 | t: 9.528089 | r:  -508.000000 | e:   1.000000 | Q:        nan | won: False 
#  117 | steps:  1287 | steps_t:     0 | t: 9.606144 | r:  -517.000000 | e:   1.000000 | Q:        nan | won: False 
#  118 | steps:  1294 | steps_t:     0 | t: 9.616227 | r:  -506.000000 | e:   1.000000 | Q:        nan | won: False 
#  119 | steps:  1303 | steps_t:     0 | t: 9.629661 | r:  -508.000000 | e:   1.000000 | Q:        nan | won: False 
#  120 | steps:  1311 | steps_t:     0 | t: 9.642106 | r:  -507.000000 | e:   1.000000 | Q:        nan | won: False 
#  121 | steps:  1321 | steps_t:     0 | t: 9.658270 | r:  -509.000000 | e:   1.000000 | Q:        nan | won: False 
#  122 | steps:  1335 | steps_t:     0 | t: 9.677500 | r:  -502.000000 | e:   1.000000 | Q:        nan | won: False 
#  123 | steps:  1358 | steps_t:     0 | t: 9.708097 | r:  -522.000000 | e:   1.000000 | Q:        nan | won: False 
#  124 | steps:  1369 | steps_t:     0 | t: 9.723324 | r:  -510.000000 | e:   1.000000 | Q:        nan | won: False 
#  125 | steps:  1375 | steps_t:     0 | t: 9.732712 | r:  -505.000000 | e:   1.000000 | Q:        nan | won: False 
#  126 | steps:  1381 | steps_t:     0 | t: 9.741976 | r:  -505.000000 | e:   1.000000 | Q:        nan | won: False 
#  127 | steps:  1388 | steps_t:     0 | t: 9.752631 | r:  -506.000000 | e:   1.000000 | Q:        nan | won: False 
#  128 | steps:  1398 | steps_t:     0 | t: 9.767791 | r:  -509.000000 | e:   1.000000 | Q:        nan | won: False 
#  129 | steps:  1412 | steps_t:     0 | t: 11.323128 | r:  -513.000000 | e:   1.000000 | Q:        nan | won: False 
#  130 | steps:  1425 | steps_t:     0 | t: 11.339796 | r:  -512.000000 | e:   1.000000 | Q:        nan | won: False 
#  131 | steps:  1434 | steps_t:     0 | t: 11.353327 | r:  -508.000000 | e:   1.000000 | Q:        nan | won: False 
#  132 | steps:  1457 | steps_t:     0 | t: 11.383246 | r:  -522.000000 | e:   1.000000 | Q:        nan | won: False 
#  133 | steps:  1468 | steps_t:     0 | t: 11.399431 | r:  -510.000000 | e:   1.000000 | Q:        nan | won: False 
#  134 | steps:  1478 | steps_t:     0 | t: 11.412221 | r:  -509.000000 | e:   1.000000 | Q:        nan | won: False 
#  135 | steps:  1489 | steps_t:     0 | t: 11.427500 | r:  -510.000000 | e:   1.000000 | Q:        nan | won: False 
#  136 | steps:  1494 | steps_t:     0 | t: 11.434109 | r:  -504.000000 | e:   1.000000 | Q:        nan | won: False 
#  137 | steps:  1520 | steps_t:     0 | t: 11.466567 | r:  -525.000000 | e:   1.000000 | Q:        nan | won: False 
#  138 | steps:  1534 | steps_t:     0 | t: 11.482996 | r:  -513.000000 | e:   1.000000 | Q:        nan | won: False 
#  139 | steps:  1541 | steps_t:     0 | t: 11.494860 | r:  -506.000000 | e:   1.000000 | Q:        nan | won: False 
#  140 | steps:  1552 | steps_t:     0 | t: 11.508905 | r:  -510.000000 | e:   1.000000 | Q:        nan | won: False 
#  141 | steps:  1563 | steps_t:     0 | t: 11.524342 | r:  -510.000000 | e:   1.000000 | Q:        nan | won: False 
#  142 | steps:  1569 | steps_t:     0 | t: 11.535833 | r:  -505.000000 | e:   1.000000 | Q:        nan | won: False 
#  143 | steps:  1580 | steps_t:     0 | t: 11.554994 | r:  -510.000000 | e:   1.000000 | Q:        nan | won: False 
