#    1 | steps:    10 | steps_t:     0 | t: 0.033555 | r:  -509.000000 | e:   1.000000 | Q:        nan | won: False 
#    2 | steps:    23 | steps_t:     0 | t: 0.046774 | r:  -512.000000 | e:   1.000000 | Q:        nan | won: False 
#    3 | steps:    29 | steps_t:     0 | t: 0.054967 | r:  -505.000000 | e:   1.000000 | Q:        nan | won: False 
#    4 | steps:    53 | steps_t:     0 | t: 0.079547 | r:  -523.000000 | e:   1.000000 | Q:        nan | won: False 
#    5 | steps:    65 | steps_t:     0 | t: 0.098079 | r:  -511.000000 | e:   1.000000 | Q:        nan | won: False 
#    6 | steps:    75 | steps_t:     0 | t: 0.111426 | r:  -509.000000 | e:   1.000000 | Q:        nan | won: False 
#    7 | steps:    85 | steps_t:     0 | t: 0.122990 | r:  -509.000000 | e:   1.000000 | Q:        nan | won: False 
#    8 | steps:    96 | steps_t:     0 | t: 0.137274 | r:  -510.000000 | e:   1.000000 | Q:        nan | won: False 
#    9 | steps:   115 | steps_t:     0 | t: 0.160592 | r:  -518.000000 | e:   1.000000 | Q:        nan | won: False 
#   10 | steps:   122 | steps_t:     0 | t: 0.169445 | r:  -506.000000 | e:   1.000000 | Q:        nan | won: False 
#   11 | steps:   131 | steps_t:     0 | t: 0.183010 | r:  -508.000000 | e:   1.000000 | Q:        nan | won: False 
#   12 | steps:   143 | steps_t:     0 | t: 0.197279 | r:  -511.000000 | e:   1.000000 | Q:        nan | won: False 
#   13 | steps:   149 | steps_t:     0 | t: 0.204773 | r:  -505.000000 | e:   1.000000 | Q:        nan | won: False 
#   14 | steps:   157 | steps_t:     0 | t: 0.217246 | r:  -507.000000 | e:   1.000000 | Q:        nan | won: False 
#   15 | steps:   166 | steps_t:     0 | t: 0.229135 | r:  -508.000000 | e:   1.000000 | Q:        nan | won: False 
#   16 | steps:   175 | steps_t:     0 | t: 0.240443 | r:  -508.000000 | e:   1.000000 | Q:        nan | won: False 
#   17 | steps:   186 | steps_t:     0 | t: 0.253170 | r:  -510.000000 | e:   1.000000 | Q:        nan | won: False 
#   18 | steps:   196 | steps_t:     0 | t: 0.268255 | r:  -509.000000 | e:   1.000000 | Q:        nan | won: False 
#   19 | steps:   202 | steps_t:     0 | t: 0.340440 | r:  -505.000000 | e:   1.000000 | Q:        nan | won: False 
#   20 | steps:   210 | steps_t:     0 | t: 0.350958 | r:  -507.000000 | e:   1.000000 | Q:        nan | won: False 
#   21 | steps:   223 | steps_t:     0 | t: 0.365810 | r:  -512.000000 | e:   1.000000 | Q:        nan | won: False 
#   22 | steps:   230 | steps_t:     0 | t: 0.377450 | r:  -506.000000 | e:   1.000000 | Q:        nan | won: False 
#   23 | steps:   239 | steps_t:     0 | t: 0.389544 | r:  -508.000000 | e:   1.000000 | Q:        nan | won: False 
#   24 | steps:   251 | steps_t:     0 | t: 0.407514 | r:  -511.000000 | e:   1.000000 | Q:        nan | won: False 
#   25 | steps:   260 | steps_t:     0 | t: 0.419587 | r:  -508.000000 | e:   1.000000 | Q:        nan | won: False 
#   26 | steps:   274 | steps_t:     0 | t: 0.437100 | r:  -513.000000 | e:   1.000000 | Q:        nan | won: False 
#   27 | steps:   281 | steps_t:     0 | t: 0.445969 | r:  -506.000000 | e:   1.000000 | Q:        nan | won: False 
#   28 | steps:   293 | steps_t:     0 | t: 0.459999 | r:  -511.000000 | e:   1.000000 | Q:        nan | won: False 
#   29 | steps:   301 | steps_t:     0 | t: 0.470701 | r:  -507.000000 | e:   1.000000 | Q:        nan | won: False 
#   30 | steps:   311 | steps_t:     0 | t: 0.484411 | r:  -509.000000 | e:   1.000000 | Q:        nan | won: False 
#   31 | steps:   325 | steps_t:     0 | t: 0.503322 | r:  -502.000000 | e:   1.000000 | Q:        nan | won: False 
#   32 | steps:   337 | steps_t:     0 | t: 0.518817 | r:  -511.000000 | e:   1.000000 | Q:        nan | won: False 
#   33 | steps:   347 | steps_t:     0 | t: 0.534332 | r:  -509.000000 | e:   1.000000 | Q:        nan | won: False 
#   34 | steps:   353 | steps_t:     0 | t: 0.543998 | r:  -505.000000 | e:   1.000000 | Q:        nan | won: False 
#   35 | steps:   359 | steps_t:     0 | t: 0.553828 | r:  -505.000000 | e:   1.000000 | Q:        nan | won: False 
#   36 | steps:   373 | steps_t:     0 | t: 0.572435 | r:  -513.000000 | e:   1.000000 | Q:        nan | won: False 
#   37 | steps:   388 | steps_t:     0 | t: 0.590560 | r:  -514.000000 | e:   1.000000 | Q:        nan | won: False 
#   38 | steps:   394 | steps_t:     0 | t: 0.601211 | r:  -505.000000 | e:   1.000000 | Q:        nan | won: False 
#   39 | steps:   417 | steps_t:     0 | t: 0.693723 | r:  -522.000000 | e:   1.000000 | Q:        nan | won: False 
#   40 | steps:   425 | steps_t:     0 | t: 0.704475 | r:  -507.000000 | e:   1.000000 | Q:        nan | won: False 
#   41 | steps:   432 | steps_t:     0 | t: 0.714574 | r:  -506.000000 | e:   1.000000 | Q:        nan | won: False 
#   42 | steps:   441 | steps_t:     0 | t: 0.727959 | r:  -508.000000 | e:   1.000000 | Q:        nan | won: False 
#   43 | steps:   452 | steps_t:     0 | t: 0.742812 | r:  -510.000000 | e:   1.000000 | Q:        nan | won: False 
#   44 | steps:   469 | steps_t:     0 | t: 0.765079 | r:  -516.000000 | e:   1.000000 | Q:        nan | won: False 
#   45 | steps:   478 | steps_t:     0 | t: 0.776483 | r:  -508.000000 | e:   1.000000 | Q:        nan | won: False 
#   46 | steps:   495 | steps_t:     0 | t: 0.796974 | r:  -516.000000 | e:   1.000000 | Q:        nan | won: False 
#   47 | steps:   511 | steps_t:     0 | t: 0.815100 | r:  -515.000000 | e:   1.000000 | Q:        nan | won: False 
#   48 | steps:   520 | steps_t:     0 | t: 0.829010 | r:  -508.000000 | e:   1.000000 | Q:        nan | won: False 
#   49 | steps:   527 | steps_t:     0 | t: 0.838331 | r:  -506.000000 | e:   1.000000 | Q:        nan | won: False 
#   50 | steps:   537 | steps_t:     0 | t: 0.850100 | r:  -509.000000 | e:   1.000000 | Q:        nan | won: False 
#   51 | steps:   548 | steps_t:     0 | t: 0.864791 | r:  -510.000000 | e:   1.000000 | Q:        nan | won: False 
#   52 | steps:   562 | steps_t:     0 | t: 0.881172 | r:  -513.000000 | e:   1.000000 | Q:        nan | won: False 
#   53 | steps:   574 | steps_t:     0 | t: 0.896966 | r:  -511.000000 | e:   1.000000 | Q:        nan | won: False 
#   54 | steps:   581 | steps_t:     0 | t: 0.906754 | r:  -506.000000 | e:   1.000000 | Q:        nan | won: False 
#   55 | steps:   589 | steps_t:     0 | t: 0.916281 | r:  -507.000000 | e:   1.000000 | Q:        nan | won: False 
#   56 | steps:   595 | steps_t:     0 | t: 0.924727 | r:  -505.000000 | e:   1.000000 | Q:        nan | won: False 
#   57 | steps:   609 | steps_t:     0 | t: 1.005329 | r:  -513.000000 | e:   1.000000 | Q:        nan | won: False 
#   58 | steps:   618 | steps_t:     0 | t: 1.017002 | r:  -508.000000 | e:   1.000000 | Q:        nan | won: False 
#   59 | steps:   627 | steps_t:     0 | t: 1.029125 | r:  -508.000000 | e:   1.000000 | Q:        nan | won: False 
#   60 | steps:   633 | steps_t:     0 | t: 1.039850 | r:  -505.000000 | e:   1.000000 | Q:        nan | won: False 
#   61 | steps:   639 | steps_t:     0 | t: 1.049374 | r:  -505.000000 | e:   1.000000 | Q:        nan | won: False 
#   62 | steps:   646 | steps_t:     0 | t: 1.060243 | r:  -506.000000 | e:   1.000000 | Q:        nan | won: False 
#   63 | steps:   656 | steps_t:     0 | t: 1.073449 | r:  -509.000000 | e:   1.000000 | Q:        nan | won: False 
#   64 | steps:   674 | steps_t:     0 | t: 1.095162 | r:  -517.000000 | e:   1.000000 | Q:        nan | won: False 
#   65 | steps:   685 | steps_t:     0 | t: 1.111305 | r:  -510.000000 | e:   1.000000 | Q:        nan | won: False 
#   66 | steps:   693 | steps_t:     0 | t: 1.125007 | r:  -507.000000 | e:   1.000000 | Q:        nan | won: False 
#   67 | steps:   700 | steps_t:     0 | t: 1.137777 | r:  -506.000000 | e:   1.000000 | Q:        nan | won: False 
#   68 | steps:   711 | steps_t:     0 | t: 1.155787 | r:  -510.000000 | e:   1.000000 | Q:        nan | won: False 
#   69 | steps:   721 | steps_t:     0 | t: 1.167116 | r:  -509.000000 | e:   1.000000 | Q:        nan | won: False 
#   70 | steps:   729 | steps_t:     0 | t: 1.177740 | r:  -507.000000 | e:   1.000000 | Q:        nan | won: False 
#   71 | steps:   735 | steps_t:     0 | t: 1.188988 | r:  -505.000000 | e:   1.000000 | Q:        nan | won: False 
#   72 | steps:   743 | steps_t:     0 | t: 1.198570 | r:  -507.000000 | e:   1.000000 | Q:        nan | won: False 
#   73 | steps:   751 | steps_t:     0 | t: 1.209546 | r:  -507.000000 | e:   1.000000 | Q:        nan | won: False 
#   74 | steps:   767 | steps_t:     0 | t: 1.228736 | r:  -504.000000 | e:   1.000000 | Q:        nan | won: False 
#   75 | steps:   790 | steps_t:     0 | t: 1.256507 | r:  -522.000000 | e:   1.000000 | Q:        nan | won: False 
#   76 | steps:   798 | steps_t:     0 | t: 1.266773 | r:  -507.000000 | e:   1.000000 | Q:        nan | won: False 
#   77 | steps:   810 | steps_t:     0 | t: 1.344537 | r:  -511.000000 | e:   1.000000 | Q:        nan | won: False 
#   78 | steps:   818 | steps_t:     0 | t: 1.354368 | r:  -507.000000 | e:   1.000000 | Q:        nan | won: False 
#   79 | steps:   825 | steps_t:     0 | t: 1.363489 | r:  -506.000000 | e:   1.000000 | Q:        nan | won: False 
#   80 | steps:   838 | steps_t:     0 | t: 1.378776 | r:  -512.000000 | e:   1.000000 | Q:        nan | won: False 
#   81 | steps:   855 | steps_t:     0 | t: 1.399711 | r:  -516.000000 | e:   1.000000 | Q:        nan | won: False 
#   82 | steps:   864 | steps_t:     0 | t: 1.411361 | r:  -508.000000 | e:   1.000000 | Q:        nan | won: False 
#   83 | steps:   872 | steps_t:     0 | t: 1.424091 | r:  -507.000000 | e:   1.000000 | Q:        nan | won: False 
#   84 | steps:   880 | steps_t:     0 | t: 1.434422 | r:  -507.000000 | e:   1.000000 | Q:        nan | won: False 
#   85 | steps:   899 | steps_t:     0 | t: 1.458264 | r:  -518.000000 | e:   1.000000 | Q:        nan | won: False 
#   86 | steps:   906 | steps_t:     0 | t: 1.467767 | r:  -506.000000 | e:   1.000000 | Q:        nan | won: False 
#   87 | steps:   916 | steps_t:     0 | t: 1.480547 | r:  -509.000000 | e:   1.000000 | Q:        nan | won: False 
#   88 | steps:   925 | steps_t:     0 | t: 1.494151 | r:  -508.000000 | e:   1.000000 | Q:        nan | won: False 
#   89 | steps:   935 | steps_t:     0 | t: 1.507672 | r:  -509.000000 | e:   1.000000 | Q:        nan | won: False 
#   90 | steps:   946 | steps_t:     0 | t: 1.526291 | r:  -510.000000 | e:   1.000000 | Q:        nan | won: False 
#   91 | steps:   954 | steps_t:     0 | t: 1.538098 | r:  -507.000000 | e:   1.000000 | Q:        nan | won: False 
#   92 | steps:   972 | steps_t:     0 | t: 1.561034 | r:  -517.000000 | e:   1.000000 | Q:        nan | won: False 
#   93 | steps:   982 | steps_t:     0 | t: 1.574781 | r:  -509.000000 | e:   1.000000 | Q:        nan | won: False 
#   94 | steps:   994 | steps_t:     0 | t: 1.592211 | r:  -511.000000 | e:   1.000000 | Q:        nan | won: False 
#   95 | steps:  1001 | steps_t:     0 | t: 1.666802 | r:  -506.000000 | e:   1.000000 | Q:        nan | won: False 
#   96 | steps:  1010 | steps_t:     0 | t: 1.679134 | r:  -508.000000 | e:   1.000000 | Q:        nan | won: False 
#   97 | steps:  1032 | steps_t:     0 | t: 1.705413 | r:  -521.000000 | e:   1.000000 | Q:        nan | won: False 
#   98 | steps:  1040 | steps_t:     0 | t: 1.716838 | r:  -507.000000 | e:   1.000000 | Q:        nan | won: False 
#   99 | steps:  1049 | steps_t:     0 | t: 1.730367 | r:  -508.000000 | e:   1.000000 | Q:        nan | won: False 
#  100 | steps:  1063 | steps_t:     0 | t: 1.748947 | r:  -513.000000 | e:   1.000000 | Q:        nan | won: False 
#  101 | steps:  1076 | steps_t:     0 | t: 1.765238 | r:  -512.000000 | e:   1.000000 | Q:        nan | won: False 
#  102 | steps:  1083 | steps_t:     0 | t: 1.775491 | r:  -506.000000 | e:   1.000000 | Q:        nan | won: False 
#  103 | steps:  1107 | steps_t:     0 | t: 1.805415 | r:  -523.000000 | e:   1.000000 | Q:        nan | won: False 
#  104 | steps:  1119 | steps_t:     0 | t: 1.823249 | r:  -511.000000 | e:   1.000000 | Q:        nan | won: False 
#  105 | steps:  1126 | steps_t:     0 | t: 1.834094 | r:  -506.000000 | e:   1.000000 | Q:        nan | won: False 
#  106 | steps:  1137 | steps_t:     0 | t: 1.849745 | r:  -510.000000 | e:   1.000000 | Q:        nan | won: False 
#  107 | steps:  1154 | steps_t:     0 | t: 1.869867 | r:  -516.000000 | e:   1.000000 | Q:        nan | won: False 
#  108 | steps:  1169 | steps_t:     0 | t: 1.890348 | r:  -514.000000 | e:   1.000000 | Q:        nan | won: False 
#  109 | steps:  1180 | steps_t:     0 | t: 1.904556 | r:  -510.000000 | e:   1.000000 | Q:        nan | won: False 
#  110 | steps:  1189 | steps_t:     0 | t: 1.919314 | r:  -508.000000 | e:   1.000000 | Q:        nan | won: False 
#  111 | steps:  1198 | steps_t:     0 | t: 1.932176 | r:  -508.000000 | e:   1.000000 | Q:        nan | won: False 
#  112 | steps:  1219 | steps_t:     0 | t: 2.023669 | r:  -520.000000 | e:   1.000000 | Q:        nan | won: False 
#  113 | steps:  1240 | steps_t:     0 | t: 2.046519 | r:  -520.000000 | e:   1.000000 | Q:        nan | won: False 
#  114 | steps:  1256 | steps_t:     0 | t: 2.066680 | r:  -515.000000 | e:   1.000000 | Q:        nan | won: False 
#  115 | steps:  1266 | steps_t:     0 | t: 2.078630 | r:  -509.000000 | e:   1.000000 | Q:        nan | won: False 
#  116 | steps:  1281 | steps_t:     0 | t: 2.098449 | r:  -514.000000 | e:   1.000000 | Q:        nan | won: False 
#  117 | steps:  1291 | steps_t:     0 | t: 2.166080 | r:  -509.000000 | e:   1.000000 | Q:        nan | won: False 
#  118 | steps:  1298 | steps_t:     0 | t: 2.174636 | r:  -506.000000 | e:   1.000000 | Q:        nan | won: False 
#  119 | steps:  1306 | steps_t:     0 | t: 2.184814 | r:  -507.000000 | e:   1.000000 | Q:        nan | won: False 
#  120 | steps:  1313 | steps_t:     0 | t: 2.195081 | r:  -506.000000 | e:   1.000000 | Q:        nan | won: False 
#  121 | steps:  1321 | steps_t:     0 | t: 2.208200 | r:  -507.000000 | e:   1.000000 | Q:        nan | won: False 
#  122 | steps:  1331 | steps_t:     0 | t: 2.221688 | r:  -509.000000 | e:   1.000000 | Q:        nan | won: False 
#  123 | steps:  1341 | steps_t:     0 | t: 2.236881 | r:  -509.000000 | e:   1.000000 | Q:        nan | won: False 
#  124 | steps:  1348 | steps_t:     0 | t: 2.247650 | r:  -506.000000 | e:   1.000000 | Q:        nan | won: False 
#  125 | steps:  1368 | steps_t:     0 | t: 2.273075 | r:  -519.000000 | e:   1.000000 | Q:        nan | won: False 
#  126 | steps:  1383 | steps_t:     0 | t: 2.291661 | r:  -514.000000 | e:   1.000000 | Q:        nan | won: False 
#  127 | steps:  1389 | steps_t:     0 | t: 2.302564 | r:  -505.000000 | e:   1.000000 | Q:        nan | won: False 
#  128 | steps:  1404 | steps_t:     0 | t: 2.385791 | r:  -492.000000 | e:   1.000000 | Q:        nan | won: False 
#  129 | steps:  1412 | steps_t:     0 | t: 2.396509 | r:  -507.000000 | e:   1.000000 | Q:        nan | won: False 
#  130 | steps:  1424 | steps_t:     0 | t: 2.410360 | r:  -511.000000 | e:   1.000000 | Q:        nan | won: False 
#  131 | steps:  1441 | steps_t:     0 | t: 2.432024 | r:  -505.000000 | e:   1.000000 | Q:        nan | won: False 
#  132 | steps:  1454 | steps_t:     0 | t: 2.447014 | r:  -512.000000 | e:   1.000000 | Q:        nan | won: False 
#  133 | steps:  1459 | steps_t:     0 | t: 2.457082 | r:  -504.000000 | e:   1.000000 | Q:        nan | won: False 
#  134 | steps:  1480 | steps_t:     0 | t: 2.482217 | r:  -520.000000 | e:   1.000000 | Q:        nan | won: False 
#  135 | steps:  1496 | steps_t:     0 | t: 2.499972 | r:  -515.000000 | e:   1.000000 | Q:        nan | won: False 
#  136 | steps:  1505 | steps_t:     0 | t: 2.512936 | r:  -508.000000 | e:   1.000000 | Q:        nan | won: False 
#  137 | steps:  1516 | steps_t:     0 | t: 2.526164 | r:  -510.000000 | e:   1.000000 | Q:        nan | won: False 
#  138 | steps:  1522 | steps_t:     0 | t: 2.534912 | r:  -505.000000 | e:   1.000000 | Q:        nan | won: False 
#  139 | steps:  1533 | steps_t:     0 | t: 2.552030 | r:  -510.000000 | e:   1.000000 | Q:        nan | won: False 
#  140 | steps:  1541 | steps_t:     0 | t: 2.563000 | r:  -507.000000 | e:   1.000000 | Q:        nan | won: False 
#  141 | steps:  1547 | steps_t:     0 | t: 2.571393 | r:  -505.000000 | e:   1.000000 | Q:        nan | won: False 
#  142 | steps:  1556 | steps_t:     0 | t: 2.583969 | r:  -508.000000 | e:   1.000000 | Q:        nan | won: False 
#  143 | steps:  1562 | steps_t:     0 | t: 2.594129 | r:  -505.000000 | e:   1.000000 | Q:        nan | won: False 
#  144 | steps:  1569 | steps_t:     0 | t: 2.604541 | r:  -506.000000 | e:   1.000000 | Q:        nan | won: False 
#  145 | steps:  1578 | steps_t:     0 | t: 2.618510 | r:  -508.000000 | e:   1.000000 | Q:        nan | won: False 
#  146 | steps:  1586 | steps_t:     0 | t: 2.630886 | r:  -507.000000 | e:   1.000000 | Q:        nan | won: False 
#  147 | steps:  1594 | steps_t:     0 | t: 2.641880 | r:  -507.000000 | e:   1.000000 | Q:        nan | won: False 
#  148 | steps:  1601 | steps_t:     0 | t: 2.716726 | r:  -506.000000 | e:   1.000000 | Q:        nan | won: False 
#  149 | steps:  1611 | steps_t:     0 | t: 2.732806 | r:  -509.000000 | e:   1.000000 | Q:        nan | won: False 
#  150 | steps:  1618 | steps_t:     0 | t: 2.745286 | r:  -506.000000 | e:   1.000000 | Q:        nan | won: False 
#  151 | steps:  1629 | steps_t:     0 | t: 2.764117 | r:  -510.000000 | e:   1.000000 | Q:        nan | won: False 
#  152 | steps:  1641 | steps_t:     0 | t: 2.783853 | r:  -511.000000 | e:   1.000000 | Q:        nan | won: False 
#  153 | steps:  1658 | steps_t:     0 | t: 2.814012 | r:  -516.000000 | e:   1.000000 | Q:        nan | won: False 
#  154 | steps:  1667 | steps_t:     0 | t: 2.829576 | r:  -508.000000 | e:   1.000000 | Q:        nan | won: False 
#  155 | steps:  1677 | steps_t:     0 | t: 2.847779 | r:  -509.000000 | e:   1.000000 | Q:        nan | won: False 
#  156 | steps:  1684 | steps_t:     0 | t: 2.861225 | r:  -506.000000 | e:   1.000000 | Q:        nan | won: False 
#  157 | steps:  1691 | steps_t:     0 | t: 2.872733 | r:  -506.000000 | e:   1.000000 | Q:        nan | won: False 
#  158 | steps:  1699 | steps_t:     0 | t: 2.887259 | r:  -507.000000 | e:   1.000000 | Q:        nan | won: False 
#  159 | steps:  1706 | steps_t:     0 | t: 2.900000 | r:  -506.000000 | e:   1.000000 | Q:        nan | won: False 
#  160 | steps:  1714 | steps_t:     0 | t: 2.913702 | r:  -507.000000 | e:   1.000000 | Q:        nan | won: False 
#  161 | steps:  1739 | steps_t:     0 | t: 2.954948 | r:  -524.000000 | e:   1.000000 | Q:        nan | won: False 
#  162 | steps:  1746 | steps_t:     0 | t: 2.964757 | r:  -506.000000 | e:   1.000000 | Q:        nan | won: False 
#  163 | steps:  1767 | steps_t:     0 | t: 2.991255 | r:  -520.000000 | e:   1.000000 | Q:        nan | won: False 
#  164 | steps:  1774 | steps_t:     0 | t: 3.001010 | r:  -506.000000 | e:   1.000000 | Q:        nan | won: False 
#  165 | steps:  1783 | steps_t:     0 | t: 3.012392 | r:  -508.000000 | e:   1.000000 | Q:        nan | won: False 
#  166 | steps:  1793 | steps_t:     0 | t: 3.028282 | r:  -509.000000 | e:   1.000000 | Q:        nan | won: False 
#  167 | steps:  1801 | steps_t:     0 | t: 3.106431 | r:  -507.000000 | e:   1.000000 | Q:        nan | won: False 
#  168 | steps:  1809 | steps_t:     0 | t: 3.116302 | r:  -507.000000 | e:   1.000000 | Q:        nan | won: False 
#  169 | steps:  1817 | steps_t:     0 | t: 3.126341 | r:  -507.000000 | e:   1.000000 | Q:        nan | won: False 
#  170 | steps:  1824 | steps_t:     0 | t: 3.135578 | r:  -506.000000 | e:   1.000000 | Q:        nan | won: False 
#  171 | steps:  1831 | steps_t:     0 | t: 3.146326 | r:  -506.000000 | e:   1.000000 | Q:        nan | won: False 
#  172 | steps:  1838 | steps_t:     0 | t: 3.157506 | r:  -506.000000 | e:   1.000000 | Q:        nan | won: False 
#  173 | steps:  1851 | steps_t:     0 | t: 3.174218 | r:  -512.000000 | e:   1.000000 | Q:        nan | won: False 
#  174 | steps:  1861 | steps_t:     0 | t: 3.188337 | r:  -509.000000 | e:   1.000000 | Q:        nan | won: False 
#  175 | steps:  1871 | steps_t:     0 | t: 3.202315 | r:  -509.000000 | e:   1.000000 | Q:        nan | won: False 
#  176 | steps:  1883 | steps_t:     0 | t: 3.218607 | r:  -511.000000 | e:   1.000000 | Q:        nan | won: False 
#  177 | steps:  1889 | steps_t:     0 | t: 3.229357 | r:  -505.000000 | e:   1.000000 | Q:        nan | won: False 
#  178 | steps:  1906 | steps_t:     0 | t: 3.258101 | r:  -505.000000 | e:   1.000000 | Q:        nan | won: False 
#  179 | steps:  1917 | steps_t:     0 | t: 3.274626 | r:  -510.000000 | e:   1.000000 | Q:        nan | won: False 
#  180 | steps:  1927 | steps_t:     0 | t: 3.286193 | r:  -509.000000 | e:   1.000000 | Q:        nan | won: False 
#  181 | steps:  1933 | steps_t:     0 | t: 3.294165 | r:  -505.000000 | e:   1.000000 | Q:        nan | won: False 
#  182 | steps:  1945 | steps_t:     0 | t: 3.311013 | r:  -511.000000 | e:   1.000000 | Q:        nan | won: False 
#  183 | steps:  1959 | steps_t:     0 | t: 3.327408 | r:  -513.000000 | e:   1.000000 | Q:        nan | won: False 
#  184 | steps:  1968 | steps_t:     0 | t: 3.341128 | r:  -508.000000 | e:   1.000000 | Q:        nan | won: False 
#  185 | steps:  1983 | steps_t:     0 | t: 3.358010 | r:  -492.000000 | e:   1.000000 | Q:        nan | won: False 
#  186 | steps:  1992 | steps_t:     0 | t: 3.371653 | r:  -508.000000 | e:   1.000000 | Q:        nan | won: False 
#  187 | steps:  1998 | steps_t:     0 | t: 3.381426 | r:  -505.000000 | e:   1.000000 | Q:        nan | won: False 
#  188 | steps:  2010 | steps_t:     0 | t: 3.492011 | r:  -511.000000 | e:   1.000000 | Q:        nan | won: False 
#  189 | steps:  2020 | steps_t:     0 | t: 3.507794 | r:  -509.000000 | e:   1.000000 | Q:        nan | won: False 
#  190 | steps:  2035 | steps_t:     0 | t: 3.534078 | r:  -514.000000 | e:   1.000000 | Q:        nan | won: False 
#  191 | steps:  2045 | steps_t:     0 | t: 3.551139 | r:  -509.000000 | e:   1.000000 | Q:        nan | won: False 
#  192 | steps:  2052 | steps_t:     0 | t: 3.564480 | r:  -506.000000 | e:   1.000000 | Q:        nan | won: False 
#  193 | steps:  2059 | steps_t:     0 | t: 3.576797 | r:  -506.000000 | e:   1.000000 | Q:        nan | won: False 
#  194 | steps:  2075 | steps_t:     0 | t: 3.598022 | r:  -515.000000 | e:   1.000000 | Q:        nan | won: False 
#  195 | steps:  2081 | steps_t:     0 | t: 3.606628 | r:  -505.000000 | e:   1.000000 | Q:        nan | won: False 
#  196 | steps:  2087 | steps_t:     0 | t: 3.614458 | r:  -505.000000 | e:   1.000000 | Q:        nan | won: False 
#  197 | steps:  2095 | steps_t:     0 | t: 3.627290 | r:  -507.000000 | e:   1.000000 | Q:        nan | won: False 
#  198 | steps:  2103 | steps_t:     0 | t: 3.636891 | r:  -507.000000 | e:   1.000000 | Q:        nan | won: False 
#  199 | steps:  2120 | steps_t:     0 | t: 3.659435 | r:  -505.000000 | e:   1.000000 | Q:        nan | won: False 
#  200 | steps:  2126 | steps_t:     0 | t: 3.667198 | r:  -505.000000 | e:   1.000000 | Q:        nan | won: False 
#  201 | steps:  2133 | steps_t:     0 | t: 3.677351 | r:  -506.000000 | e:   1.000000 | Q:        nan | won: False 
#  202 | steps:  2143 | steps_t:     0 | t: 3.689383 | r:  -509.000000 | e:   1.000000 | Q:        nan | won: False 
#  203 | steps:  2152 | steps_t:     0 | t: 3.702746 | r:  -508.000000 | e:   1.000000 | Q:        nan | won: False 
#  204 | steps:  2163 | steps_t:     0 | t: 3.716665 | r:  -510.000000 | e:   1.000000 | Q:        nan | won: False 
#  205 | steps:  2170 | steps_t:     0 | t: 3.728423 | r:  -506.000000 | e:   1.000000 | Q:        nan | won: False 
#  206 | steps:  2177 | steps_t:     0 | t: 3.738635 | r:  -506.000000 | e:   1.000000 | Q:        nan | won: False 
#  207 | steps:  2187 | steps_t:     0 | t: 3.752068 | r:  -509.000000 | e:   1.000000 | Q:        nan | won: False 
#  208 | steps:  2205 | steps_t:     0 | t: 3.837680 | r:  -517.000000 | e:   1.000000 | Q:        nan | won: False 
#  209 | steps:  2211 | steps_t:     0 | t: 3.846679 | r:  -505.000000 | e:   1.000000 | Q:        nan | won: False 
#  210 | steps:  2219 | steps_t:     0 | t: 3.857918 | r:  -507.000000 | e:   1.000000 | Q:        nan | won: False 
#  211 | steps:  2230 | steps_t:     0 | t: 3.874924 | r:  -510.000000 | e:   1.000000 | Q:        nan | won: False 
#  212 | steps:  2236 | steps_t:     0 | t: 3.883759 | r:  -505.000000 | e:   1.000000 | Q:        nan | won: False 
#  213 | steps:  2254 | steps_t:     0 | t: 3.908617 | r:  -517.000000 | e:   1.000000 | Q:        nan | won: False 
#  214 | steps:  2261 | steps_t:     0 | t: 3.919261 | r:  -506.000000 | e:   1.000000 | Q:        nan | won: False 
#  215 | steps:  2273 | steps_t:     0 | t: 3.937087 | r:  -511.000000 | e:   1.000000 | Q:        nan | won: False 
#  216 | steps:  2305 | steps_t:     0 | t: 3.973711 | r:  -520.000000 | e:   1.000000 | Q:        nan | won: False 
#  217 | steps:  2312 | steps_t:     0 | t: 3.984296 | r:  -506.000000 | e:   1.000000 | Q:        nan | won: False 
#  218 | steps:  2320 | steps_t:     0 | t: 3.997082 | r:  -507.000000 | e:   1.000000 | Q:        nan | won: False 
#  219 | steps:  2328 | steps_t:     0 | t: 4.008990 | r:  -507.000000 | e:   1.000000 | Q:        nan | won: False 
#  220 | steps:  2336 | steps_t:     0 | t: 4.020741 | r:  -507.000000 | e:   1.000000 | Q:        nan | won: False 
#  221 | steps:  2346 | steps_t:     0 | t: 4.036057 | r:  -509.000000 | e:   1.000000 | Q:        nan | won: False 
#  222 | steps:  2356 | steps_t:     0 | t: 4.050102 | r:  -509.000000 | e:   1.000000 | Q:        nan | won: False 
#  223 | steps:  2378 | steps_t:     0 | t: 4.078730 | r:  -521.000000 | e:   1.000000 | Q:        nan | won: False 
#  224 | steps:  2387 | steps_t:     0 | t: 4.093607 | r:  -508.000000 | e:   1.000000 | Q:        nan | won: False 
#  225 | steps:  2396 | steps_t:     0 | t: 4.106270 | r:  -508.000000 | e:   1.000000 | Q:        nan | won: False 
#  226 | steps:  2410 | steps_t:     0 | t: 4.216603 | r:  -513.000000 | e:   1.000000 | Q:        nan | won: False 
#  227 | steps:  2419 | steps_t:     0 | t: 4.227581 | r:  -508.000000 | e:   1.000000 | Q:        nan | won: False 
#  228 | steps:  2429 | steps_t:     0 | t: 4.239158 | r:  -509.000000 | e:   1.000000 | Q:        nan | won: False 
#  229 | steps:  2438 | steps_t:     0 | t: 4.249867 | r:  -508.000000 | e:   1.000000 | Q:        nan | won: False 
#  230 | steps:  2450 | steps_t:     0 | t: 4.270577 | r:  -511.000000 | e:   1.000000 | Q:        nan | won: False 
#  231 | steps:  2459 | steps_t:     0 | t: 4.286624 | r:  -508.000000 | e:   1.000000 | Q:        nan | won: False 
#  232 | steps:  2468 | steps_t:     0 | t: 4.303117 | r:  -508.000000 | e:   1.000000 | Q:        nan | won: False 
#  233 | steps:  2477 | steps_t:     0 | t: 4.317216 | r:  -508.000000 | e:   1.000000 | Q:        nan | won: False 
#  234 | steps:  2500 | steps_t:     0 | t: 4.356786 | r:  -522.000000 | e:   1.000000 | Q:        nan | won: False 
#  235 | steps:  2506 | steps_t:     0 | t: 4.367210 | r:  -505.000000 | e:   1.000000 | Q:        nan | won: False 
#  236 | steps:  2516 | steps_t:     0 | t: 4.385576 | r:  -509.000000 | e:   1.000000 | Q:        nan | won: False 
#  237 | steps:  2523 | steps_t:     0 | t: 4.396868 | r:  -506.000000 | e:   1.000000 | Q:        nan | won: False 
#  238 | steps:  2530 | steps_t:     0 | t: 4.407578 | r:  -506.000000 | e:   1.000000 | Q:        nan | won: False 
#  239 | steps:  2539 | steps_t:     0 | t: 4.420132 | r:  -508.000000 | e:   1.000000 | Q:        nan | won: False 
#  240 | steps:  2553 | steps_t:     0 | t: 4.440557 | r:  -513.000000 | e:   1.000000 | Q:        nan | won: False 
#  241 | steps:  2563 | steps_t:     0 | t: 4.452458 | r:  -509.000000 | e:   1.000000 | Q:        nan | won: False 
#  242 | steps:  2574 | steps_t:     0 | t: 4.468135 | r:  -510.000000 | e:   1.000000 | Q:        nan | won: False 
#  243 | steps:  2581 | steps_t:     0 | t: 4.478814 | r:  -506.000000 | e:   1.000000 | Q:        nan | won: False 
#  244 | steps:  2588 | steps_t:     0 | t: 4.489251 | r:  -506.000000 | e:   1.000000 | Q:        nan | won: False 
#  245 | steps:  2596 | steps_t:     0 | t: 4.502575 | r:  -507.000000 | e:   1.000000 | Q:        nan | won: False 
#  246 | steps:  2605 | steps_t:     0 | t: 4.577332 | r:  -508.000000 | e:   1.000000 | Q:        nan | won: False 
#  247 | steps:  2612 | steps_t:     0 | t: 4.589094 | r:  -506.000000 | e:   1.000000 | Q:        nan | won: False 
#  248 | steps:  2621 | steps_t:     0 | t: 4.604469 | r:  -508.000000 | e:   1.000000 | Q:        nan | won: False 
#  249 | steps:  2640 | steps_t:     0 | t: 4.637928 | r:  -518.000000 | e:   1.000000 | Q:        nan | won: False 
#  250 | steps:  2647 | steps_t:     0 | t: 4.650930 | r:  -506.000000 | e:   1.000000 | Q:        nan | won: False 
#  251 | steps:  2656 | steps_t:     0 | t: 4.666622 | r:  -508.000000 | e:   1.000000 | Q:        nan | won: False 
#  252 | steps:  2665 | steps_t:     0 | t: 4.682061 | r:  -508.000000 | e:   1.000000 | Q:        nan | won: False 
#  253 | steps:  2674 | steps_t:     0 | t: 4.698471 | r:  -508.000000 | e:   1.000000 | Q:        nan | won: False 
#  254 | steps:  2681 | steps_t:     0 | t: 4.711520 | r:  -506.000000 | e:   1.000000 | Q:        nan | won: False 
#  255 | steps:  2688 | steps_t:     0 | t: 4.723085 | r:  -506.000000 | e:   1.000000 | Q:        nan | won: False 
#  256 | steps:  2709 | steps_t:     0 | t: 4.759365 | r:  -520.000000 | e:   1.000000 | Q:        nan | won: False 
#  257 | steps:  2720 | steps_t:     0 | t: 4.778270 | r:  -510.000000 | e:   1.000000 | Q:        nan | won: False 
#  258 | steps:  2731 | steps_t:     0 | t: 4.798349 | r:  -510.000000 | e:   1.000000 | Q:        nan | won: False 
#  259 | steps:  2742 | steps_t:     0 | t: 4.817550 | r:  -510.000000 | e:   1.000000 | Q:        nan | won: False 
#  260 | steps:  2750 | steps_t:     0 | t: 4.831623 | r:  -507.000000 | e:   1.000000 | Q:        nan | won: False 
#  261 | steps:  2756 | steps_t:     0 | t: 4.842423 | r:  -505.000000 | e:   1.000000 | Q:        nan | won: False 
#  262 | steps:  2763 | steps_t:     0 | t: 4.854882 | r:  -506.000000 | e:   1.000000 | Q:        nan | won: False 
#  263 | steps:  2771 | steps_t:     0 | t: 4.867593 | r:  -507.000000 | e:   1.000000 | Q:        nan | won: False 
#  264 | steps:  2780 | steps_t:     0 | t: 4.882649 | r:  -508.000000 | e:   1.000000 | Q:        nan | won: False 
#  265 | steps:  2787 | steps_t:     0 | t: 4.894515 | r:  -506.000000 | e:   1.000000 | Q:        nan | won: False 
#  266 | steps:  2803 | steps_t:     0 | t: 5.004421 | r:  -515.000000 | e:   1.000000 | Q:        nan | won: False 
#  267 | steps:  2816 | steps_t:     0 | t: 5.019660 | r:  -512.000000 | e:   1.000000 | Q:        nan | won: False 
#  268 | steps:  2825 | steps_t:     0 | t: 5.030794 | r:  -508.000000 | e:   1.000000 | Q:        nan | won: False 
#  269 | steps:  2832 | steps_t:     0 | t: 5.041398 | r:  -506.000000 | e:   1.000000 | Q:        nan | won: False 
#  270 | steps:  2843 | steps_t:     0 | t: 5.056240 | r:  -510.000000 | e:   1.000000 | Q:        nan | won: False 
#  271 | steps:  2857 | steps_t:     0 | t: 5.073678 | r:  -513.000000 | e:   1.000000 | Q:        nan | won: False 
#  272 | steps:  2863 | steps_t:     0 | t: 5.082471 | r:  -505.000000 | e:   1.000000 | Q:        nan | won: False 
#  273 | steps:  2880 | steps_t:     0 | t: 5.103597 | r:  -516.000000 | e:   1.000000 | Q:        nan | won: False 
#  274 | steps:  2911 | steps_t:     0 | t: 5.141902 | r:  -519.000000 | e:   1.000000 | Q:        nan | won: False 
#  275 | steps:  2918 | steps_t:     0 | t: 5.151422 | r:  -506.000000 | e:   1.000000 | Q:        nan | won: False 
#  276 | steps:  2929 | steps_t:     0 | t: 5.165335 | r:  -510.000000 | e:   1.000000 | Q:        nan | won: False 
#  277 | steps:  2936 | steps_t:     0 | t: 5.175000 | r:  -506.000000 | e:   1.000000 | Q:        nan | won: False 
#  278 | steps:  2948 | steps_t:     0 | t: 5.191697 | r:  -511.000000 | e:   1.000000 | Q:        nan | won: False 
#  279 | steps:  2957 | steps_t:     0 | t: 5.203445 | r:  -508.000000 | e:   1.000000 | Q:        nan | won: False 
#  280 | steps:  2967 | steps_t:     0 | t: 5.216605 | r:  -509.000000 | e:   1.000000 | Q:        nan | won: False 
#  281 | steps:  2973 | steps_t:     0 | t: 5.226508 | r:  -505.000000 | e:   1.000000 | Q:        nan | won: False 
#  282 | steps:  2982 | steps_t:     0 | t: 5.238308 | r:  -508.000000 | e:   1.000000 | Q:        nan | won: False 
#  283 | steps:  2989 | steps_t:     0 | t: 5.246954 | r:  -506.000000 | e:   1.000000 | Q:        nan | won: False 
#  284 | steps:  2996 | steps_t:     0 | t: 5.258271 | r:  -506.000000 | e:   1.000000 | Q:        nan | won: False 
#  285 | steps:  3002 | steps_t:     0 | t: 5.333383 | r:  -505.000000 | e:   1.000000 | Q:        nan | won: False 
#  286 | steps:  3010 | steps_t:     0 | t: 5.343264 | r:  -507.000000 | e:   1.000000 | Q:        nan | won: False 
#  287 | steps:  3026 | steps_t:     0 | t: 5.361443 | r:  -515.000000 | e:   1.000000 | Q:        nan | won: False 
#  288 | steps:  3043 | steps_t:     0 | t: 5.389264 | r:  -516.000000 | e:   1.000000 | Q:        nan | won: False 
#  289 | steps:  3048 | steps_t:     0 | t: 5.398907 | r:  -504.000000 | e:   1.000000 | Q:        nan | won: False 
#  290 | steps:  3060 | steps_t:     0 | t: 5.421611 | r:  -511.000000 | e:   1.000000 | Q:        nan | won: False 
#  291 | steps:  3080 | steps_t:     0 | t: 5.446465 | r:  -519.000000 | e:   1.000000 | Q:        nan | won: False 
#  292 | steps:  3091 | steps_t:     0 | t: 5.464101 | r:  -510.000000 | e:   1.000000 | Q:        nan | won: False 
#  293 | steps:  3099 | steps_t:     0 | t: 5.475095 | r:  -507.000000 | e:   1.000000 | Q:        nan | won: False 
#  294 | steps:  3107 | steps_t:     0 | t: 5.486016 | r:  -507.000000 | e:   1.000000 | Q:        nan | won: False 
#  295 | steps:  3115 | steps_t:     0 | t: 5.499248 | r:  -507.000000 | e:   1.000000 | Q:        nan | won: False 
#  296 | steps:  3125 | steps_t:     0 | t: 5.511778 | r:  -509.000000 | e:   1.000000 | Q:        nan | won: False 
#  297 | steps:  3136 | steps_t:     0 | t: 5.530553 | r:  -510.000000 | e:   1.000000 | Q:        nan | won: False 
#  298 | steps:  3144 | steps_t:     0 | t: 5.542452 | r:  -507.000000 | e:   1.000000 | Q:        nan | won: False 
#  299 | steps:  3154 | steps_t:     0 | t: 5.558032 | r:  -509.000000 | e:   1.000000 | Q:        nan | won: False 
#  300 | steps:  3166 | steps_t:     0 | t: 5.579481 | r:  -511.000000 | e:   1.000000 | Q:        nan | won: False 
#  301 | steps:  3178 | steps_t:     0 | t: 5.594359 | r:  -511.000000 | e:   1.000000 | Q:        nan | won: False 
#  302 | steps:  3187 | steps_t:     0 | t: 5.608342 | r:  -508.000000 | e:   1.000000 | Q:        nan | won: False 
#  303 | steps:  3195 | steps_t:     0 | t: 5.620219 | r:  -507.000000 | e:   1.000000 | Q:        nan | won: False 
#  304 | steps:  3203 | steps_t:     0 | t: 5.698347 | r:  -507.000000 | e:   1.000000 | Q:        nan | won: False 
#  305 | steps:  3213 | steps_t:     0 | t: 5.711545 | r:  -509.000000 | e:   1.000000 | Q:        nan | won: False 
#  306 | steps:  3227 | steps_t:     0 | t: 5.729927 | r:  -513.000000 | e:   1.000000 | Q:        nan | won: False 
#  307 | steps:  3235 | steps_t:     0 | t: 5.743034 | r:  -507.000000 | e:   1.000000 | Q:        nan | won: False 
#  308 | steps:  3254 | steps_t:     0 | t: 5.769326 | r:  -518.000000 | e:   1.000000 | Q:        nan | won: False 
#  309 | steps:  3260 | steps_t:     0 | t: 5.778643 | r:  -505.000000 | e:   1.000000 | Q:        nan | won: False 
#  310 | steps:  3267 | steps_t:     0 | t: 5.789284 | r:  -506.000000 | e:   1.000000 | Q:        nan | won: False 
#  311 | steps:  3274 | steps_t:     0 | t: 5.800735 | r:  -506.000000 | e:   1.000000 | Q:        nan | won: False 
#  312 | steps:  3287 | steps_t:     0 | t: 5.818685 | r:  -512.000000 | e:   1.000000 | Q:        nan | won: False 
#  313 | steps:  3302 | steps_t:     0 | t: 5.840275 | r:  -514.000000 | e:   1.000000 | Q:        nan | won: False 
#  314 | steps:  3310 | steps_t:     0 | t: 5.851847 | r:  -507.000000 | e:   1.000000 | Q:        nan | won: False 
#  315 | steps:  3321 | steps_t:     0 | t: 5.866286 | r:  -510.000000 | e:   1.000000 | Q:        nan | won: False 
#  316 | steps:  3330 | steps_t:     0 | t: 5.880587 | r:  -508.000000 | e:   1.000000 | Q:        nan | won: False 
#  317 | steps:  3343 | steps_t:     0 | t: 5.896450 | r:  -512.000000 | e:   1.000000 | Q:        nan | won: False 
#  318 | steps:  3360 | steps_t:     0 | t: 5.919273 | r:  -516.000000 | e:   1.000000 | Q:        nan | won: False 
#  319 | steps:  3367 | steps_t:     0 | t: 5.928171 | r:  -506.000000 | e:   1.000000 | Q:        nan | won: False 
#  320 | steps:  3379 | steps_t:     0 | t: 5.946051 | r:  -511.000000 | e:   1.000000 | Q:        nan | won: False 
#  321 | steps:  3387 | steps_t:     0 | t: 5.957432 | r:  -507.000000 | e:   1.000000 | Q:        nan | won: False 
#  322 | steps:  3404 | steps_t:     0 | t: 6.042192 | r:  -516.000000 | e:   1.000000 | Q:        nan | won: False 
#  323 | steps:  3410 | steps_t:     0 | t: 6.050950 | r:  -505.000000 | e:   1.000000 | Q:        nan | won: False 
#  324 | steps:  3425 | steps_t:     0 | t: 6.076454 | r:  -514.000000 | e:   1.000000 | Q:        nan | won: False 
#  325 | steps:  3443 | steps_t:     0 | t: 6.102855 | r:  -517.000000 | e:   1.000000 | Q:        nan | won: False 
#  326 | steps:  3457 | steps_t:     0 | t: 6.119738 | r:  -513.000000 | e:   1.000000 | Q:        nan | won: False 
#  327 | steps:  3465 | steps_t:     0 | t: 6.133058 | r:  -507.000000 | e:   1.000000 | Q:        nan | won: False 
#  328 | steps:  3475 | steps_t:     0 | t: 6.145156 | r:  -509.000000 | e:   1.000000 | Q:        nan | won: False 
#  329 | steps:  3487 | steps_t:     0 | t: 6.161367 | r:  -511.000000 | e:   1.000000 | Q:        nan | won: False 
#  330 | steps:  3493 | steps_t:     0 | t: 6.169705 | r:  -505.000000 | e:   1.000000 | Q:        nan | won: False 
#  331 | steps:  3506 | steps_t:     0 | t: 6.184718 | r:  -512.000000 | e:   1.000000 | Q:        nan | won: False 
#  332 | steps:  3513 | steps_t:     0 | t: 6.195401 | r:  -506.000000 | e:   1.000000 | Q:        nan | won: False 
#  333 | steps:  3522 | steps_t:     0 | t: 6.208617 | r:  -508.000000 | e:   1.000000 | Q:        nan | won: False 
#  334 | steps:  3535 | steps_t:     0 | t: 6.226837 | r:  -512.000000 | e:   1.000000 | Q:        nan | won: False 
#  335 | steps:  3544 | steps_t:     0 | t: 6.240376 | r:  -508.000000 | e:   1.000000 | Q:        nan | won: False 
#  336 | steps:  3556 | steps_t:     0 | t: 6.257462 | r:  -511.000000 | e:   1.000000 | Q:        nan | won: False 
#  337 | steps:  3564 | steps_t:     0 | t: 6.270396 | r:  -507.000000 | e:   1.000000 | Q:        nan | won: False 
#  338 | steps:  3588 | steps_t:     0 | t: 6.299334 | r:  -523.000000 | e:   1.000000 | Q:        nan | won: False 
#  339 | steps:  3596 | steps_t:     0 | t: 6.311002 | r:  -507.000000 | e:   1.000000 | Q:        nan | won: False 
#  340 | steps:  3609 | steps_t:     0 | t: 6.396876 | r:  -512.000000 | e:   1.000000 | Q:        nan | won: False 
#  341 | steps:  3616 | steps_t:     0 | t: 6.405858 | r:  -506.000000 | e:   1.000000 | Q:        nan | won: False 
#  342 | steps:  3625 | steps_t:     0 | t: 6.417015 | r:  -508.000000 | e:   1.000000 | Q:        nan | won: False 
#  343 | steps:  3634 | steps_t:     0 | t: 6.428635 | r:  -508.000000 | e:   1.000000 | Q:        nan | won: False 
#  344 | steps:  3642 | steps_t:     0 | t: 6.441801 | r:  -507.000000 | e:   1.000000 | Q:        nan | won: False 
#  345 | steps:  3659 | steps_t:     0 | t: 6.464150 | r:  -516.000000 | e:   1.000000 | Q:        nan | won: False 
#  346 | steps:  3670 | steps_t:     0 | t: 6.480828 | r:  -510.000000 | e:   1.000000 | Q:        nan | won: False 
#  347 | steps:  3681 | steps_t:     0 | t: 6.498593 | r:  -510.000000 | e:   1.000000 | Q:        nan | won: False 
#  348 | steps:  3688 | steps_t:     0 | t: 6.508815 | r:  -506.000000 | e:   1.000000 | Q:        nan | won: False 
#  349 | steps:  3697 | steps_t:     0 | t: 6.522151 | r:  -508.000000 | e:   1.000000 | Q:        nan | won: False 
#  350 | steps:  3722 | steps_t:     0 | t: 6.552800 | r:  -524.000000 | e:   1.000000 | Q:        nan | won: False 
#  351 | steps:  3734 | steps_t:     0 | t: 6.570479 | r:  -511.000000 | e:   1.000000 | Q:        nan | won: False 
#  352 | steps:  3746 | steps_t:     0 | t: 6.587757 | r:  -511.000000 | e:   1.000000 | Q:        nan | won: False 
#  353 | steps:  3758 | steps_t:     0 | t: 6.603496 | r:  -511.000000 | e:   1.000000 | Q:        nan | won: False 
#  354 | steps:  3770 | steps_t:     0 | t: 6.618671 | r:  -511.000000 | e:   1.000000 | Q:        nan | won: False 
#  355 | steps:  3781 | steps_t:     0 | t: 6.635182 | r:  -510.000000 | e:   1.000000 | Q:        nan | won: False 
#  356 | steps:  3793 | steps_t:     0 | t: 6.652516 | r:  -511.000000 | e:   1.000000 | Q:        nan | won: False 
#  357 | steps:  3800 | steps_t:     0 | t: 6.663881 | r:  -506.000000 | e:   1.000000 | Q:        nan | won: False 
#  358 | steps:  3816 | steps_t:     0 | t: 6.683023 | r:  -515.000000 | e:   1.000000 | Q:        nan | won: False 
#  359 | steps:  3830 | steps_t:     0 | t: 6.702533 | r:  -513.000000 | e:   1.000000 | Q:        nan | won: False 
#  360 | steps:  3838 | steps_t:     0 | t: 6.713370 | r:  -507.000000 | e:   1.000000 | Q:        nan | won: False 
#  361 | steps:  3850 | steps_t:     0 | t: 6.734483 | r:  -511.000000 | e:   1.000000 | Q:        nan | won: False 
#  362 | steps:  3861 | steps_t:     0 | t: 6.754344 | r:  -510.000000 | e:   1.000000 | Q:        nan | won: False 
#  363 | steps:  3869 | steps_t:     0 | t: 6.769344 | r:  -507.000000 | e:   1.000000 | Q:        nan | won: False 
#  364 | steps:  3877 | steps_t:     0 | t: 6.783079 | r:  -507.000000 | e:   1.000000 | Q:        nan | won: False 
#  365 | steps:  3888 | steps_t:     0 | t: 6.802984 | r:  -510.000000 | e:   1.000000 | Q:        nan | won: False 
#  366 | steps:  3896 | steps_t:     0 | t: 6.817751 | r:  -507.000000 | e:   1.000000 | Q:        nan | won: False 
#  367 | steps:  3905 | steps_t:     0 | t: 6.833841 | r:  -508.000000 | e:   1.000000 | Q:        nan | won: False 
#  368 | steps:  3911 | steps_t:     0 | t: 6.845602 | r:  -505.000000 | e:   1.000000 | Q:        nan | won: False 
#  369 | steps:  3922 | steps_t:     0 | t: 6.865564 | r:  -510.000000 | e:   1.000000 | Q:        nan | won: False 
#  370 | steps:  3934 | steps_t:     0 | t: 6.886900 | r:  -511.000000 | e:   1.000000 | Q:        nan | won: False 
#  371 | steps:  3944 | steps_t:     0 | t: 6.905599 | r:  -509.000000 | e:   1.000000 | Q:        nan | won: False 
#  372 | steps:  3952 | steps_t:     0 | t: 6.919285 | r:  -507.000000 | e:   1.000000 | Q:        nan | won: False 
#  373 | steps:  3960 | steps_t:     0 | t: 6.934789 | r:  -507.000000 | e:   1.000000 | Q:        nan | won: False 
#  374 | steps:  3971 | steps_t:     0 | t: 6.954624 | r:  -510.000000 | e:   1.000000 | Q:        nan | won: False 
#  375 | steps:  3980 | steps_t:     0 | t: 6.971804 | r:  -508.000000 | e:   1.000000 | Q:        nan | won: False 
#  376 | steps:  3987 | steps_t:     0 | t: 6.985158 | r:  -506.000000 | e:   1.000000 | Q:        nan | won: False 
#  377 | steps:  3995 | steps_t:     0 | t: 6.997849 | r:  -507.000000 | e:   1.000000 | Q:        nan | won: False 
#  378 | steps:  4008 | steps_t:     0 | t: 7.092295 | r:  -512.000000 | e:   1.000000 | Q:        nan | won: False 
#  379 | steps:  4016 | steps_t:     0 | t: 7.105165 | r:  -507.000000 | e:   1.000000 | Q:        nan | won: False 
#  380 | steps:  4024 | steps_t:     0 | t: 7.119049 | r:  -507.000000 | e:   1.000000 | Q:        nan | won: False 
#  381 | steps:  4040 | steps_t:     0 | t: 7.149050 | r:  -504.000000 | e:   1.000000 | Q:        nan | won: False 
#  382 | steps:  4049 | steps_t:     0 | t: 7.164511 | r:  -508.000000 | e:   1.000000 | Q:        nan | won: False 
#  383 | steps:  4059 | steps_t:     0 | t: 7.182094 | r:  -509.000000 | e:   1.000000 | Q:        nan | won: False 
#  384 | steps:  4077 | steps_t:     0 | t: 7.210869 | r:  -506.000000 | e:   1.000000 | Q:        nan | won: False 
#  385 | steps:  4094 | steps_t:     0 | t: 7.231838 | r:  -516.000000 | e:   1.000000 | Q:        nan | won: False 
#  386 | steps:  4101 | steps_t:     0 | t: 7.243222 | r:  -506.000000 | e:   1.000000 | Q:        nan | won: False 
#  387 | steps:  4108 | steps_t:     0 | t: 7.252124 | r:  -506.000000 | e:   1.000000 | Q:        nan | won: False 
#  388 | steps:  4118 | steps_t:     0 | t: 7.265804 | r:  -509.000000 | e:   1.000000 | Q:        nan | won: False 
#  389 | steps:  4136 | steps_t:     0 | t: 7.297692 | r:  -517.000000 | e:   1.000000 | Q:        nan | won: False 
#  390 | steps:  4151 | steps_t:     0 | t: 7.325320 | r:  -514.000000 | e:   1.000000 | Q:        nan | won: False 
#  391 | steps:  4161 | steps_t:     0 | t: 7.343227 | r:  -509.000000 | e:   1.000000 | Q:        nan | won: False 
#  392 | steps:  4170 | steps_t:     0 | t: 7.360029 | r:  -508.000000 | e:   1.000000 | Q:        nan | won: False 
#  393 | steps:  4187 | steps_t:     0 | t: 7.390767 | r:  -516.000000 | e:   1.000000 | Q:        nan | won: False 
#  394 | steps:  4195 | steps_t:     0 | t: 7.406166 | r:  -507.000000 | e:   1.000000 | Q:        nan | won: False 
#  395 | steps:  4211 | steps_t:     0 | t: 7.518929 | r:  -515.000000 | e:   1.000000 | Q:        nan | won: False 
#  396 | steps:  4220 | steps_t:     0 | t: 7.530101 | r:  -508.000000 | e:   1.000000 | Q:        nan | won: False 
#  397 | steps:  4229 | steps_t:     0 | t: 7.541414 | r:  -508.000000 | e:   1.000000 | Q:        nan | won: False 
#  398 | steps:  4238 | steps_t:     0 | t: 7.552658 | r:  -508.000000 | e:   1.000000 | Q:        nan | won: False 
#  399 | steps:  4251 | steps_t:     0 | t: 7.570854 | r:  -512.000000 | e:   1.000000 | Q:        nan | won: False 
#  400 | steps:  4259 | steps_t:     0 | t: 7.583505 | r:  -507.000000 | e:   1.000000 | Q:        nan | won: False 
#  401 | steps:  4273 | steps_t:     0 | t: 7.603201 | r:  -513.000000 | e:   1.000000 | Q:        nan | won: False 
#  402 | steps:  4279 | steps_t:     0 | t: 7.613952 | r:  -505.000000 | e:   1.000000 | Q:        nan | won: False 
#  403 | steps:  4286 | steps_t:     0 | t: 7.626245 | r:  -506.000000 | e:   1.000000 | Q:        nan | won: False 
#  404 | steps:  4297 | steps_t:     0 | t: 7.641322 | r:  -510.000000 | e:   1.000000 | Q:        nan | won: False 
#  405 | steps:  4308 | steps_t:     0 | t: 7.658645 | r:  -510.000000 | e:   1.000000 | Q:        nan | won: False 
#  406 | steps:  4316 | steps_t:     0 | t: 7.669907 | r:  -507.000000 | e:   1.000000 | Q:        nan | won: False 
#  407 | steps:  4324 | steps_t:     0 | t: 7.681964 | r:  -507.000000 | e:   1.000000 | Q:        nan | won: False 
#  408 | steps:  4333 | steps_t:     0 | t: 7.696642 | r:  -508.000000 | e:   1.000000 | Q:        nan | won: False 
#  409 | steps:  4344 | steps_t:     0 | t: 7.712250 | r:  -510.000000 | e:   1.000000 | Q:        nan | won: False 
#  410 | steps:  4355 | steps_t:     0 | t: 7.730009 | r:  -510.000000 | e:   1.000000 | Q:        nan | won: False 
#  411 | steps:  4365 | steps_t:     0 | t: 7.744377 | r:  -509.000000 | e:   1.000000 | Q:        nan | won: False 
#  412 | steps:  4375 | steps_t:     0 | t: 7.760733 | r:  -509.000000 | e:   1.000000 | Q:        nan | won: False 
#  413 | steps:  4384 | steps_t:     0 | t: 7.774215 | r:  -508.000000 | e:   1.000000 | Q:        nan | won: False 
#  414 | steps:  4391 | steps_t:     0 | t: 7.786809 | r:  -506.000000 | e:   1.000000 | Q:        nan | won: False 
#  415 | steps:  4404 | steps_t:     0 | t: 7.871144 | r:  -512.000000 | e:   1.000000 | Q:        nan | won: False 
#  416 | steps:  4415 | steps_t:     0 | t: 7.885435 | r:  -510.000000 | e:   1.000000 | Q:        nan | won: False 
#  417 | steps:  4425 | steps_t:     0 | t: 7.898834 | r:  -509.000000 | e:   1.000000 | Q:        nan | won: False 
#  418 | steps:  4437 | steps_t:     0 | t: 7.915970 | r:  -511.000000 | e:   1.000000 | Q:        nan | won: False 
#  419 | steps:  4449 | steps_t:     0 | t: 7.936316 | r:  -511.000000 | e:   1.000000 | Q:        nan | won: False 
#  420 | steps:  4473 | steps_t:     0 | t: 7.968048 | r:  -523.000000 | e:   1.000000 | Q:        nan | won: False 
#  421 | steps:  4483 | steps_t:     0 | t: 7.982208 | r:  -509.000000 | e:   1.000000 | Q:        nan | won: False 
#  422 | steps:  4494 | steps_t:     0 | t: 7.999699 | r:  -510.000000 | e:   1.000000 | Q:        nan | won: False 
#  423 | steps:  4504 | steps_t:     0 | t: 8.014065 | r:  -509.000000 | e:   1.000000 | Q:        nan | won: False 
#  424 | steps:  4514 | steps_t:     0 | t: 8.031258 | r:  -509.000000 | e:   1.000000 | Q:        nan | won: False 
#  425 | steps:  4520 | steps_t:     0 | t: 8.041405 | r:  -505.000000 | e:   1.000000 | Q:        nan | won: False 
#  426 | steps:  4529 | steps_t:     0 | t: 8.054355 | r:  -508.000000 | e:   1.000000 | Q:        nan | won: False 
#  427 | steps:  4544 | steps_t:     0 | t: 8.075335 | r:  -492.000000 | e:   1.000000 | Q:        nan | won: False 
#  428 | steps:  4555 | steps_t:     0 | t: 8.092723 | r:  -510.000000 | e:   1.000000 | Q:        nan | won: False 
#  429 | steps:  4569 | steps_t:     0 | t: 8.111266 | r:  -513.000000 | e:   1.000000 | Q:        nan | won: False 
#  430 | steps:  4591 | steps_t:     0 | t: 8.140108 | r:  -521.000000 | e:   1.000000 | Q:        nan | won: False 
#  431 | steps:  4599 | steps_t:     0 | t: 8.152624 | r:  -507.000000 | e:   1.000000 | Q:        nan | won: False 
#  432 | steps:  4614 | steps_t:     0 | t: 8.238003 | r:  -514.000000 | e:   1.000000 | Q:        nan | won: False 
#  433 | steps:  4624 | steps_t:     0 | t: 8.251496 | r:  -509.000000 | e:   1.000000 | Q:        nan | won: False 
#  434 | steps:  4635 | steps_t:     0 | t: 8.265913 | r:  -510.000000 | e:   1.000000 | Q:        nan | won: False 
#  435 | steps:  4644 | steps_t:     0 | t: 8.279827 | r:  -508.000000 | e:   1.000000 | Q:        nan | won: False 
#  436 | steps:  4655 | steps_t:     0 | t: 8.294262 | r:  -510.000000 | e:   1.000000 | Q:        nan | won: False 
#  437 | steps:  4670 | steps_t:     0 | t: 8.315174 | r:  -514.000000 | e:   1.000000 | Q:        nan | won: False 
#  438 | steps:  4679 | steps_t:     0 | t: 8.327450 | r:  -508.000000 | e:   1.000000 | Q:        nan | won: False 
#  439 | steps:  4698 | steps_t:     0 | t: 8.351774 | r:  -518.000000 | e:   1.000000 | Q:        nan | won: False 
#  440 | steps:  4707 | steps_t:     0 | t: 8.363495 | r:  -508.000000 | e:   1.000000 | Q:        nan | won: False 
#  441 | steps:  4715 | steps_t:     0 | t: 8.376007 | r:  -507.000000 | e:   1.000000 | Q:        nan | won: False 
#  442 | steps:  4733 | steps_t:     0 | t: 8.396837 | r:  -517.000000 | e:   1.000000 | Q:        nan | won: False 
#  443 | steps:  4749 | steps_t:     0 | t: 8.416215 | r:  -515.000000 | e:   1.000000 | Q:        nan | won: False 
#  444 | steps:  4759 | steps_t:     0 | t: 8.431025 | r:  -509.000000 | e:   1.000000 | Q:        nan | won: False 
#  445 | steps:  4772 | steps_t:     0 | t: 8.447223 | r:  -512.000000 | e:   1.000000 | Q:        nan | won: False 
#  446 | steps:  4780 | steps_t:     0 | t: 8.460529 | r:  -507.000000 | e:   1.000000 | Q:        nan | won: False 
#  447 | steps:  4787 | steps_t:     0 | t: 8.472204 | r:  -506.000000 | e:   1.000000 | Q:        nan | won: False 
#  448 | steps:  4796 | steps_t:     0 | t: 8.488113 | r:  -508.000000 | e:   1.000000 | Q:        nan | won: False 
#  449 | steps:  4806 | steps_t:     0 | t: 8.576169 | r:  -509.000000 | e:   1.000000 | Q:        nan | won: False 
#  450 | steps:  4814 | steps_t:     0 | t: 8.590344 | r:  -507.000000 | e:   1.000000 | Q:        nan | won: False 
#  451 | steps:  4828 | steps_t:     0 | t: 8.608516 | r:  -513.000000 | e:   1.000000 | Q:        nan | won: False 
#  452 | steps:  4839 | steps_t:     0 | t: 8.626671 | r:  -510.000000 | e:   1.000000 | Q:        nan | won: False 
#  453 | steps:  4848 | steps_t:     0 | t: 8.642511 | r:  -508.000000 | e:   1.000000 | Q:        nan | won: False 
#  454 | steps:  4865 | steps_t:     0 | t: 8.671781 | r:  -516.000000 | e:   1.000000 | Q:        nan | won: False 
#  455 | steps:  4879 | steps_t:     0 | t: 8.689676 | r:  -502.000000 | e:   1.000000 | Q:        nan | won: False 
#  456 | steps:  4885 | steps_t:     0 | t: 8.699460 | r:  -505.000000 | e:   1.000000 | Q:        nan | won: False 
#  457 | steps:  4908 | steps_t:     0 | t: 8.729755 | r:  -522.000000 | e:   1.000000 | Q:        nan | won: False 
#  458 | steps:  4922 | steps_t:     0 | t: 8.749157 | r:  -513.000000 | e:   1.000000 | Q:        nan | won: False 
#  459 | steps:  4940 | steps_t:     0 | t: 8.773638 | r:  -506.000000 | e:   1.000000 | Q:        nan | won: False 
#  460 | steps:  4953 | steps_t:     0 | t: 8.793538 | r:  -512.000000 | e:   1.000000 | Q:        nan | won: False 
#  461 | steps:  4961 | steps_t:     0 | t: 8.806104 | r:  -507.000000 | e:   1.000000 | Q:        nan | won: False 
#  462 | steps:  4967 | steps_t:     0 | t: 8.816109 | r:  -505.000000 | e:   1.000000 | Q:        nan | won: False 
#  463 | steps:  4985 | steps_t:     0 | t: 8.840783 | r:  -506.000000 | e:   1.000000 | Q:        nan | won: False 
#  464 | steps:  4992 | steps_t:     0 | t: 8.850544 | r:  -506.000000 | e:   1.000000 | Q:        nan | won: False 
#  465 | steps:  5013 | steps_t:     0 | t: 8.941578 | r:  -520.000000 | e:   1.000000 | Q:        nan | won: False 
#  466 | steps:  5022 | steps_t:     0 | t: 8.955875 | r:  -508.000000 | e:   1.000000 | Q:        nan | won: False 
#  467 | steps:  5029 | steps_t:     0 | t: 8.968613 | r:  -506.000000 | e:   1.000000 | Q:        nan | won: False 
#  468 | steps:  5039 | steps_t:     0 | t: 8.987760 | r:  -509.000000 | e:   1.000000 | Q:        nan | won: False 
#  469 | steps:  5059 | steps_t:     0 | t: 9.023571 | r:  -519.000000 | e:   1.000000 | Q:        nan | won: False 
#  470 | steps:  5068 | steps_t:     0 | t: 9.040722 | r:  -508.000000 | e:   1.000000 | Q:        nan | won: False 
#  471 | steps:  5079 | steps_t:     0 | t: 9.060903 | r:  -510.000000 | e:   1.000000 | Q:        nan | won: False 
#  472 | steps:  5085 | steps_t:     0 | t: 9.072698 | r:  -505.000000 | e:   1.000000 | Q:        nan | won: False 
#  473 | steps:  5107 | steps_t:     0 | t: 9.102015 | r:  -521.000000 | e:   1.000000 | Q:        nan | won: False 
#  474 | steps:  5120 | steps_t:     0 | t: 9.120242 | r:  -512.000000 | e:   1.000000 | Q:        nan | won: False 
#  475 | steps:  5130 | steps_t:     0 | t: 9.135248 | r:  -509.000000 | e:   1.000000 | Q:        nan | won: False 
#  476 | steps:  5138 | steps_t:     0 | t: 9.149528 | r:  -507.000000 | e:   1.000000 | Q:        nan | won: False 
#  477 | steps:  5145 | steps_t:     0 | t: 9.160230 | r:  -506.000000 | e:   1.000000 | Q:        nan | won: False 
#  478 | steps:  5150 | steps_t:     0 | t: 9.169185 | r:  -504.000000 | e:   1.000000 | Q:        nan | won: False 
#  479 | steps:  5163 | steps_t:     0 | t: 9.189417 | r:  -512.000000 | e:   1.000000 | Q:        nan | won: False 
#  480 | steps:  5180 | steps_t:     0 | t: 9.214425 | r:  -516.000000 | e:   1.000000 | Q:        nan | won: False 
#  481 | steps:  5192 | steps_t:     0 | t: 9.230754 | r:  -511.000000 | e:   1.000000 | Q:        nan | won: False 
#  482 | steps:  5207 | steps_t:     0 | t: 9.329247 | r:  -514.000000 | e:   1.000000 | Q:        nan | won: False 
#  483 | steps:  5218 | steps_t:     0 | t: 9.343907 | r:  -510.000000 | e:   1.000000 | Q:        nan | won: False 
#  484 | steps:  5228 | steps_t:     0 | t: 9.358775 | r:  -509.000000 | e:   1.000000 | Q:        nan | won: False 
#  485 | steps:  5247 | steps_t:     0 | t: 9.383736 | r:  -496.000000 | e:   1.000000 | Q:        nan | won: False 
#  486 | steps:  5253 | steps_t:     0 | t: 9.394853 | r:  -505.000000 | e:   1.000000 | Q:        nan | won: False 
#  487 | steps:  5268 | steps_t:     0 | t: 9.414761 | r:  -492.000000 | e:   1.000000 | Q:        nan | won: False 
#  488 | steps:  5279 | steps_t:     0 | t: 9.433229 | r:  -510.000000 | e:   1.000000 | Q:        nan | won: False 
#  489 | steps:  5287 | steps_t:     0 | t: 9.445432 | r:  -507.000000 | e:   1.000000 | Q:        nan | won: False 
#  490 | steps:  5299 | steps_t:     0 | t: 9.461390 | r:  -511.000000 | e:   1.000000 | Q:        nan | won: False 
#  491 | steps:  5307 | steps_t:     0 | t: 9.473596 | r:  -507.000000 | e:   1.000000 | Q:        nan | won: False 
#  492 | steps:  5316 | steps_t:     0 | t: 9.488207 | r:  -508.000000 | e:   1.000000 | Q:        nan | won: False 
#  493 | steps:  5325 | steps_t:     0 | t: 9.500065 | r:  -508.000000 | e:   1.000000 | Q:        nan | won: False 
#  494 | steps:  5337 | steps_t:     0 | t: 9.517718 | r:  -511.000000 | e:   1.000000 | Q:        nan | won: False 
#  495 | steps:  5346 | steps_t:     0 | t: 9.529241 | r:  -508.000000 | e:   1.000000 | Q:        nan | won: False 
#  496 | steps:  5359 | steps_t:     0 | t: 9.547037 | r:  -512.000000 | e:   1.000000 | Q:        nan | won: False 
#  497 | steps:  5369 | steps_t:     0 | t: 9.562199 | r:  -509.000000 | e:   1.000000 | Q:        nan | won: False 
#  498 | steps:  5377 | steps_t:     0 | t: 9.574708 | r:  -507.000000 | e:   1.000000 | Q:        nan | won: False 
#  499 | steps:  5385 | steps_t:     0 | t: 9.587505 | r:  -507.000000 | e:   1.000000 | Q:        nan | won: False 
#  500 | steps:  5394 | steps_t:     0 | t: 9.599710 | r:  -508.000000 | e:   1.000000 | Q:        nan | won: False 
#  501 | steps:  5403 | steps_t:     0 | t: 9.677581 | r:  -508.000000 | e:   1.000000 | Q:        nan | won: False 
#  502 | steps:  5413 | steps_t:     0 | t: 9.693068 | r:  -509.000000 | e:   1.000000 | Q:        nan | won: False 
#  503 | steps:  5424 | steps_t:     0 | t: 9.706516 | r:  -510.000000 | e:   1.000000 | Q:        nan | won: False 
#  504 | steps:  5431 | steps_t:     0 | t: 9.715445 | r:  -506.000000 | e:   1.000000 | Q:        nan | won: False 
#  505 | steps:  5452 | steps_t:     0 | t: 9.743890 | r:  -520.000000 | e:   1.000000 | Q:        nan | won: False 
#  506 | steps:  5460 | steps_t:     0 | t: 9.757684 | r:  -507.000000 | e:   1.000000 | Q:        nan | won: False 
#  507 | steps:  5469 | steps_t:     0 | t: 9.773966 | r:  -508.000000 | e:   1.000000 | Q:        nan | won: False 
#  508 | steps:  5476 | steps_t:     0 | t: 9.787646 | r:  -506.000000 | e:   1.000000 | Q:        nan | won: False 
#  509 | steps:  5487 | steps_t:     0 | t: 9.804183 | r:  -510.000000 | e:   1.000000 | Q:        nan | won: False 
#  510 | steps:  5499 | steps_t:     0 | t: 9.819384 | r:  -511.000000 | e:   1.000000 | Q:        nan | won: False 
#  511 | steps:  5510 | steps_t:     0 | t: 9.833118 | r:  -510.000000 | e:   1.000000 | Q:        nan | won: False 
#  512 | steps:  5532 | steps_t:     0 | t: 9.861180 | r:  -521.000000 | e:   1.000000 | Q:        nan | won: False 
#  513 | steps:  5540 | steps_t:     0 | t: 9.875607 | r:  -507.000000 | e:   1.000000 | Q:        nan | won: False 
#  514 | steps:  5548 | steps_t:     0 | t: 9.887244 | r:  -507.000000 | e:   1.000000 | Q:        nan | won: False 
#  515 | steps:  5555 | steps_t:     0 | t: 9.898247 | r:  -506.000000 | e:   1.000000 | Q:        nan | won: False 
#  516 | steps:  5566 | steps_t:     0 | t: 9.916202 | r:  -510.000000 | e:   1.000000 | Q:        nan | won: False 
#  517 | steps:  5576 | steps_t:     0 | t: 9.930325 | r:  -509.000000 | e:   1.000000 | Q:        nan | won: False 
#  518 | steps:  5585 | steps_t:     0 | t: 9.947795 | r:  -508.000000 | e:   1.000000 | Q:        nan | won: False 
#  519 | steps:  5594 | steps_t:     0 | t: 9.960787 | r:  -508.000000 | e:   1.000000 | Q:        nan | won: False 
#  520 | steps:  5601 | steps_t:     0 | t: 10.039222 | r:  -506.000000 | e:   1.000000 | Q:        nan | won: False 
#  521 | steps:  5610 | steps_t:     0 | t: 10.054796 | r:  -508.000000 | e:   1.000000 | Q:        nan | won: False 
#  522 | steps:  5618 | steps_t:     0 | t: 10.069862 | r:  -507.000000 | e:   1.000000 | Q:        nan | won: False 
#  523 | steps:  5628 | steps_t:     0 | t: 10.089022 | r:  -509.000000 | e:   1.000000 | Q:        nan | won: False 
#  524 | steps:  5634 | steps_t:     0 | t: 10.098849 | r:  -505.000000 | e:   1.000000 | Q:        nan | won: False 
#  525 | steps:  5642 | steps_t:     0 | t: 10.110967 | r:  -507.000000 | e:   1.000000 | Q:        nan | won: False 
#  526 | steps:  5653 | steps_t:     0 | t: 10.128217 | r:  -510.000000 | e:   1.000000 | Q:        nan | won: False 
#  527 | steps:  5663 | steps_t:     0 | t: 10.142390 | r:  -509.000000 | e:   1.000000 | Q:        nan | won: False 
#  528 | steps:  5672 | steps_t:     0 | t: 10.157401 | r:  -508.000000 | e:   1.000000 | Q:        nan | won: False 
#  529 | steps:  5682 | steps_t:     0 | t: 10.171631 | r:  -509.000000 | e:   1.000000 | Q:        nan | won: False 
#  530 | steps:  5690 | steps_t:     0 | t: 10.185418 | r:  -507.000000 | e:   1.000000 | Q:        nan | won: False 
#  531 | steps:  5706 | steps_t:     0 | t: 10.207242 | r:  -504.000000 | e:   1.000000 | Q:        nan | won: False 
#  532 | steps:  5719 | steps_t:     0 | t: 10.226179 | r:  -512.000000 | e:   1.000000 | Q:        nan | won: False 
#  533 | steps:  5726 | steps_t:     0 | t: 10.237675 | r:  -506.000000 | e:   1.000000 | Q:        nan | won: False 
#  534 | steps:  5736 | steps_t:     0 | t: 10.256332 | r:  -509.000000 | e:   1.000000 | Q:        nan | won: False 
#  535 | steps:  5742 | steps_t:     0 | t: 10.266587 | r:  -505.000000 | e:   1.000000 | Q:        nan | won: False 
#  536 | steps:  5757 | steps_t:     0 | t: 10.288508 | r:  -503.000000 | e:   1.000000 | Q:        nan | won: False 
#  537 | steps:  5765 | steps_t:     0 | t: 10.300616 | r:  -507.000000 | e:   1.000000 | Q:        nan | won: False 
#  538 | steps:  5775 | steps_t:     0 | t: 10.315940 | r:  -509.000000 | e:   1.000000 | Q:        nan | won: False 
#  539 | steps:  5782 | steps_t:     0 | t: 10.327593 | r:  -506.000000 | e:   1.000000 | Q:        nan | won: False 
#  540 | steps:  5788 | steps_t:     0 | t: 10.337566 | r:  -505.000000 | e:   1.000000 | Q:        nan | won: False 
#  541 | steps:  5799 | steps_t:     0 | t: 10.357761 | r:  -510.000000 | e:   1.000000 | Q:        nan | won: False 
#  542 | steps:  5818 | steps_t:     0 | t: 10.448248 | r:  -518.000000 | e:   1.000000 | Q:        nan | won: False 
#  543 | steps:  5863 | steps_t:     0 | t: 10.500615 | r:  -533.000000 | e:   1.000000 | Q:        nan | won: False 
#  544 | steps:  5871 | steps_t:     0 | t: 10.512570 | r:  -507.000000 | e:   1.000000 | Q:        nan | won: False 
#  545 | steps:  5880 | steps_t:     0 | t: 10.525681 | r:  -508.000000 | e:   1.000000 | Q:        nan | won: False 
#  546 | steps:  5902 | steps_t:     0 | t: 10.555339 | r:  -521.000000 | e:   1.000000 | Q:        nan | won: False 
#  547 | steps:  5914 | steps_t:     0 | t: 10.573438 | r:  -511.000000 | e:   1.000000 | Q:        nan | won: False 
#  548 | steps:  5924 | steps_t:     0 | t: 10.587743 | r:  -509.000000 | e:   1.000000 | Q:        nan | won: False 
#  549 | steps:  5934 | steps_t:     0 | t: 10.603718 | r:  -509.000000 | e:   1.000000 | Q:        nan | won: False 
#  550 | steps:  5948 | steps_t:     0 | t: 10.622321 | r:  -513.000000 | e:   1.000000 | Q:        nan | won: False 
#  551 | steps:  5966 | steps_t:     0 | t: 10.646367 | r:  -517.000000 | e:   1.000000 | Q:        nan | won: False 
#  552 | steps:  5974 | steps_t:     0 | t: 10.657842 | r:  -507.000000 | e:   1.000000 | Q:        nan | won: False 
#  553 | steps:  5983 | steps_t:     0 | t: 10.672052 | r:  -508.000000 | e:   1.000000 | Q:        nan | won: False 
#  554 | steps:  5992 | steps_t:     0 | t: 10.685591 | r:  -508.000000 | e:   1.000000 | Q:        nan | won: False 
#  555 | steps:  5999 | steps_t:     0 | t: 10.698311 | r:  -506.000000 | e:   1.000000 | Q:        nan | won: False 
#  556 | steps:  6018 | steps_t:     0 | t: 10.801656 | r:  -518.000000 | e:   1.000000 | Q:        nan | won: False 
#  557 | steps:  6036 | steps_t:     0 | t: 10.832772 | r:  -517.000000 | e:   1.000000 | Q:        nan | won: False 
#  558 | steps:  6058 | steps_t:     0 | t: 10.866049 | r:  -521.000000 | e:   1.000000 | Q:        nan | won: False 
#  559 | steps:  6064 | steps_t:     0 | t: 10.874994 | r:  -505.000000 | e:   1.000000 | Q:        nan | won: False 
#  560 | steps:  6076 | steps_t:     0 | t: 10.896172 | r:  -511.000000 | e:   1.000000 | Q:        nan | won: False 
#  561 | steps:  6086 | steps_t:     0 | t: 10.913548 | r:  -509.000000 | e:   1.000000 | Q:        nan | won: False 
#  562 | steps:  6092 | steps_t:     0 | t: 10.924983 | r:  -505.000000 | e:   1.000000 | Q:        nan | won: False 
#  563 | steps:  6107 | steps_t:     0 | t: 10.952749 | r:  -503.000000 | e:   1.000000 | Q:        nan | won: False 
#  564 | steps:  6128 | steps_t:     0 | t: 10.992572 | r:  -520.000000 | e:   1.000000 | Q:        nan | won: False 
#  565 | steps:  6151 | steps_t:     0 | t: 11.034018 | r:  -522.000000 | e:   1.000000 | Q:        nan | won: False 
#  566 | steps:  6161 | steps_t:     0 | t: 11.047843 | r:  -509.000000 | e:   1.000000 | Q:        nan | won: False 
#  567 | steps:  6170 | steps_t:     0 | t: 11.060824 | r:  -508.000000 | e:   1.000000 | Q:        nan | won: False 
#  568 | steps:  6180 | steps_t:     0 | t: 11.075670 | r:  -509.000000 | e:   1.000000 | Q:        nan | won: False 
#  569 | steps:  6186 | steps_t:     0 | t: 11.084192 | r:  -505.000000 | e:   1.000000 | Q:        nan | won: False 
#  570 | steps:  6196 | steps_t:     0 | t: 11.098278 | r:  -509.000000 | e:   1.000000 | Q:        nan | won: False 
#  571 | steps:  6204 | steps_t:     0 | t: 11.193508 | r:  -507.000000 | e:   1.000000 | Q:        nan | won: False 
#  572 | steps:  6214 | steps_t:     0 | t: 11.206635 | r:  -509.000000 | e:   1.000000 | Q:        nan | won: False 
#  573 | steps:  6224 | steps_t:     0 | t: 11.219161 | r:  -509.000000 | e:   1.000000 | Q:        nan | won: False 
#  574 | steps:  6234 | steps_t:     0 | t: 11.235468 | r:  -509.000000 | e:   1.000000 | Q:        nan | won: False 
#  575 | steps:  6242 | steps_t:     0 | t: 11.250009 | r:  -507.000000 | e:   1.000000 | Q:        nan | won: False 
#  576 | steps:  6250 | steps_t:     0 | t: 11.265751 | r:  -507.000000 | e:   1.000000 | Q:        nan | won: False 
#  577 | steps:  6264 | steps_t:     0 | t: 11.286905 | r:  -513.000000 | e:   1.000000 | Q:        nan | won: False 
#  578 | steps:  6273 | steps_t:     0 | t: 11.300490 | r:  -508.000000 | e:   1.000000 | Q:        nan | won: False 
#  579 | steps:  6280 | steps_t:     0 | t: 11.313791 | r:  -506.000000 | e:   1.000000 | Q:        nan | won: False 
#  580 | steps:  6311 | steps_t:     0 | t: 11.352940 | r:  -530.000000 | e:   1.000000 | Q:        nan | won: False 
#  581 | steps:  6321 | steps_t:     0 | t: 11.370712 | r:  -509.000000 | e:   1.000000 | Q:        nan | won: False 
#  582 | steps:  6336 | steps_t:     0 | t: 11.391016 | r:  -492.000000 | e:   1.000000 | Q:        nan | won: False 
#  583 | steps:  6347 | steps_t:     0 | t: 11.409373 | r:  -510.000000 | e:   1.000000 | Q:        nan | won: False 
#  584 | steps:  6353 | steps_t:     0 | t: 11.419099 | r:  -505.000000 | e:   1.000000 | Q:        nan | won: False 
#  585 | steps:  6361 | steps_t:     0 | t: 11.433066 | r:  -507.000000 | e:   1.000000 | Q:        nan | won: False 
#  586 | steps:  6375 | steps_t:     0 | t: 11.452636 | r:  -513.000000 | e:   1.000000 | Q:        nan | won: False 
#  587 | steps:  6388 | steps_t:     0 | t: 11.472555 | r:  -512.000000 | e:   1.000000 | Q:        nan | won: False 
#  588 | steps:  6395 | steps_t:     0 | t: 11.482601 | r:  -506.000000 | e:   1.000000 | Q:        nan | won: False 
#  589 | steps:  6413 | steps_t:     0 | t: 11.575729 | r:  -517.000000 | e:   1.000000 | Q:        nan | won: False 
#  590 | steps:  6429 | steps_t:     0 | t: 11.602301 | r:  -515.000000 | e:   1.000000 | Q:        nan | won: False 
#  591 | steps:  6441 | steps_t:     0 | t: 11.625366 | r:  -511.000000 | e:   1.000000 | Q:        nan | won: False 
#  592 | steps:  6457 | steps_t:     0 | t: 11.646865 | r:  -515.000000 | e:   1.000000 | Q:        nan | won: False 
#  593 | steps:  6469 | steps_t:     0 | t: 11.664613 | r:  -511.000000 | e:   1.000000 | Q:        nan | won: False 
#  594 | steps:  6481 | steps_t:     0 | t: 11.682803 | r:  -511.000000 | e:   1.000000 | Q:        nan | won: False 
#  595 | steps:  6490 | steps_t:     0 | t: 11.701255 | r:  -508.000000 | e:   1.000000 | Q:        nan | won: False 
#  596 | steps:  6496 | steps_t:     0 | t: 11.711906 | r:  -505.000000 | e:   1.000000 | Q:        nan | won: False 
#  597 | steps:  6503 | steps_t:     0 | t: 11.723515 | r:  -506.000000 | e:   1.000000 | Q:        nan | won: False 
#  598 | steps:  6510 | steps_t:     0 | t: 11.734598 | r:  -506.000000 | e:   1.000000 | Q:        nan | won: False 
#  599 | steps:  6516 | steps_t:     0 | t: 11.744335 | r:  -505.000000 | e:   1.000000 | Q:        nan | won: False 
#  600 | steps:  6523 | steps_t:     0 | t: 11.755064 | r:  -506.000000 | e:   1.000000 | Q:        nan | won: False 
#  601 | steps:  6541 | steps_t:     0 | t: 11.780382 | r:  -495.000000 | e:   1.000000 | Q:        nan | won: False 
#  602 | steps:  6557 | steps_t:     0 | t: 11.803427 | r:  -515.000000 | e:   1.000000 | Q:        nan | won: False 
#  603 | steps:  6564 | steps_t:     0 | t: 11.813308 | r:  -506.000000 | e:   1.000000 | Q:        nan | won: False 
#  604 | steps:  6577 | steps_t:     0 | t: 11.832250 | r:  -512.000000 | e:   1.000000 | Q:        nan | won: False 
#  605 | steps:  6589 | steps_t:     0 | t: 11.848168 | r:  -511.000000 | e:   1.000000 | Q:        nan | won: False 
#  606 | steps:  6596 | steps_t:     0 | t: 11.858302 | r:  -506.000000 | e:   1.000000 | Q:        nan | won: False 
#  607 | steps:  6607 | steps_t:     0 | t: 11.941666 | r:  -510.000000 | e:   1.000000 | Q:        nan | won: False 
#  608 | steps:  6616 | steps_t:     0 | t: 11.954183 | r:  -508.000000 | e:   1.000000 | Q:        nan | won: False 
#  609 | steps:  6628 | steps_t:     0 | t: 11.970545 | r:  -511.000000 | e:   1.000000 | Q:        nan | won: False 
#  610 | steps:  6636 | steps_t:     0 | t: 11.984069 | r:  -507.000000 | e:   1.000000 | Q:        nan | won: False 
#  611 | steps:  6642 | steps_t:     0 | t: 11.994850 | r:  -505.000000 | e:   1.000000 | Q:        nan | won: False 
#  612 | steps:  6649 | steps_t:     0 | t: 12.005840 | r:  -506.000000 | e:   1.000000 | Q:        nan | won: False 
#  613 | steps:  6656 | steps_t:     0 | t: 12.019247 | r:  -506.000000 | e:   1.000000 | Q:        nan | won: False 
#  614 | steps:  6667 | steps_t:     0 | t: 12.035804 | r:  -510.000000 | e:   1.000000 | Q:        nan | won: False 
#  615 | steps:  6686 | steps_t:     0 | t: 12.071186 | r:  -507.000000 | e:   1.000000 | Q:        nan | won: False 
#  616 | steps:  6697 | steps_t:     0 | t: 12.087163 | r:  -510.000000 | e:   1.000000 | Q:        nan | won: False 
#  617 | steps:  6715 | steps_t:     0 | t: 12.110531 | r:  -517.000000 | e:   1.000000 | Q:        nan | won: False 
#  618 | steps:  6721 | steps_t:     0 | t: 12.121650 | r:  -505.000000 | e:   1.000000 | Q:        nan | won: False 
#  619 | steps:  6741 | steps_t:     0 | t: 12.147995 | r:  -519.000000 | e:   1.000000 | Q:        nan | won: False 
#  620 | steps:  6751 | steps_t:     0 | t: 12.163230 | r:  -509.000000 | e:   1.000000 | Q:        nan | won: False 
#  621 | steps:  6760 | steps_t:     0 | t: 12.176293 | r:  -508.000000 | e:   1.000000 | Q:        nan | won: False 
#  622 | steps:  6769 | steps_t:     0 | t: 12.191799 | r:  -508.000000 | e:   1.000000 | Q:        nan | won: False 
#  623 | steps:  6776 | steps_t:     0 | t: 12.201005 | r:  -506.000000 | e:   1.000000 | Q:        nan | won: False 
#  624 | steps:  6783 | steps_t:     0 | t: 12.211635 | r:  -506.000000 | e:   1.000000 | Q:        nan | won: False 
#  625 | steps:  6795 | steps_t:     0 | t: 12.228653 | r:  -511.000000 | e:   1.000000 | Q:        nan | won: False 
#  626 | steps:  6801 | steps_t:     0 | t: 12.304213 | r:  -505.000000 | e:   1.000000 | Q:        nan | won: False 
#  627 | steps:  6814 | steps_t:     0 | t: 12.320130 | r:  -512.000000 | e:   1.000000 | Q:        nan | won: False 
#  628 | steps:  6823 | steps_t:     0 | t: 12.332127 | r:  -508.000000 | e:   1.000000 | Q:        nan | won: False 
#  629 | steps:  6833 | steps_t:     0 | t: 12.347749 | r:  -509.000000 | e:   1.000000 | Q:        nan | won: False 
#  630 | steps:  6851 | steps_t:     0 | t: 12.371980 | r:  -517.000000 | e:   1.000000 | Q:        nan | won: False 
#  631 | steps:  6858 | steps_t:     0 | t: 12.382279 | r:  -506.000000 | e:   1.000000 | Q:        nan | won: False 
#  632 | steps:  6867 | steps_t:     0 | t: 12.395159 | r:  -508.000000 | e:   1.000000 | Q:        nan | won: False 
#  633 | steps:  6879 | steps_t:     0 | t: 12.412175 | r:  -511.000000 | e:   1.000000 | Q:        nan | won: False 
#  634 | steps:  6888 | steps_t:     0 | t: 12.425095 | r:  -508.000000 | e:   1.000000 | Q:        nan | won: False 
#  635 | steps:  6906 | steps_t:     0 | t: 12.449217 | r:  -506.000000 | e:   1.000000 | Q:        nan | won: False 
#  636 | steps:  6913 | steps_t:     0 | t: 12.459255 | r:  -506.000000 | e:   1.000000 | Q:        nan | won: False 
#  637 | steps:  6921 | steps_t:     0 | t: 12.469955 | r:  -507.000000 | e:   1.000000 | Q:        nan | won: False 
#  638 | steps:  6929 | steps_t:     0 | t: 12.483162 | r:  -507.000000 | e:   1.000000 | Q:        nan | won: False 
#  639 | steps:  6940 | steps_t:     0 | t: 12.498265 | r:  -510.000000 | e:   1.000000 | Q:        nan | won: False 
#  640 | steps:  6951 | steps_t:     0 | t: 12.516519 | r:  -510.000000 | e:   1.000000 | Q:        nan | won: False 
#  641 | steps:  6966 | steps_t:     0 | t: 12.536848 | r:  -492.000000 | e:   1.000000 | Q:        nan | won: False 
#  642 | steps:  6973 | steps_t:     0 | t: 12.549699 | r:  -506.000000 | e:   1.000000 | Q:        nan | won: False 
#  643 | steps:  6988 | steps_t:     0 | t: 12.570682 | r:  -492.000000 | e:   1.000000 | Q:        nan | won: False 
#  644 | steps:  7004 | steps_t:     0 | t: 12.659516 | r:  -515.000000 | e:   1.000000 | Q:        nan | won: False 
#  645 | steps:  7013 | steps_t:     0 | t: 12.672301 | r:  -508.000000 | e:   1.000000 | Q:        nan | won: False 
#  646 | steps:  7021 | steps_t:     0 | t: 12.683929 | r:  -507.000000 | e:   1.000000 | Q:        nan | won: False 
#  647 | steps:  7037 | steps_t:     0 | t: 12.706308 | r:  -515.000000 | e:   1.000000 | Q:        nan | won: False 
#  648 | steps:  7045 | steps_t:     0 | t: 12.718127 | r:  -507.000000 | e:   1.000000 | Q:        nan | won: False 
#  649 | steps:  7054 | steps_t:     0 | t: 12.730721 | r:  -508.000000 | e:   1.000000 | Q:        nan | won: False 
#  650 | steps:  7062 | steps_t:     0 | t: 12.743625 | r:  -507.000000 | e:   1.000000 | Q:        nan | won: False 
#  651 | steps:  7072 | steps_t:     0 | t: 12.757481 | r:  -509.000000 | e:   1.000000 | Q:        nan | won: False 
#  652 | steps:  7079 | steps_t:     0 | t: 12.768489 | r:  -506.000000 | e:   1.000000 | Q:        nan | won: False 
#  653 | steps:  7084 | steps_t:     0 | t: 12.776856 | r:  -504.000000 | e:   1.000000 | Q:        nan | won: False 
#  654 | steps:  7092 | steps_t:     0 | t: 12.788641 | r:  -507.000000 | e:   1.000000 | Q:        nan | won: False 
#  655 | steps:  7100 | steps_t:     0 | t: 12.800081 | r:  -507.000000 | e:   1.000000 | Q:        nan | won: False 
#  656 | steps:  7114 | steps_t:     0 | t: 12.820489 | r:  -513.000000 | e:   1.000000 | Q:        nan | won: False 
#  657 | steps:  7122 | steps_t:     0 | t: 12.831476 | r:  -507.000000 | e:   1.000000 | Q:        nan | won: False 
#  658 | steps:  7133 | steps_t:     0 | t: 12.849163 | r:  -510.000000 | e:   1.000000 | Q:        nan | won: False 
#  659 | steps:  7145 | steps_t:     0 | t: 12.864961 | r:  -511.000000 | e:   1.000000 | Q:        nan | won: False 
#  660 | steps:  7152 | steps_t:     0 | t: 12.876337 | r:  -506.000000 | e:   1.000000 | Q:        nan | won: False 
#  661 | steps:  7162 | steps_t:     0 | t: 12.890547 | r:  -509.000000 | e:   1.000000 | Q:        nan | won: False 
#  662 | steps:  7174 | steps_t:     0 | t: 12.905791 | r:  -511.000000 | e:   1.000000 | Q:        nan | won: False 
#  663 | steps:  7183 | steps_t:     0 | t: 12.920430 | r:  -508.000000 | e:   1.000000 | Q:        nan | won: False 
#  664 | steps:  7192 | steps_t:     0 | t: 12.932786 | r:  -508.000000 | e:   1.000000 | Q:        nan | won: False 
#  665 | steps:  7201 | steps_t:     0 | t: 13.010828 | r:  -508.000000 | e:   1.000000 | Q:        nan | won: False 
#  666 | steps:  7212 | steps_t:     0 | t: 13.024117 | r:  -510.000000 | e:   1.000000 | Q:        nan | won: False 
#  667 | steps:  7222 | steps_t:     0 | t: 13.038641 | r:  -509.000000 | e:   1.000000 | Q:        nan | won: False 
#  668 | steps:  7232 | steps_t:     0 | t: 13.054511 | r:  -509.000000 | e:   1.000000 | Q:        nan | won: False 
#  669 | steps:  7240 | steps_t:     0 | t: 13.067405 | r:  -507.000000 | e:   1.000000 | Q:        nan | won: False 
#  670 | steps:  7263 | steps_t:     0 | t: 13.098115 | r:  -522.000000 | e:   1.000000 | Q:        nan | won: False 
#  671 | steps:  7274 | steps_t:     0 | t: 13.113867 | r:  -510.000000 | e:   1.000000 | Q:        nan | won: False 
#  672 | steps:  7284 | steps_t:     0 | t: 13.128864 | r:  -509.000000 | e:   1.000000 | Q:        nan | won: False 
#  673 | steps:  7289 | steps_t:     0 | t: 13.136703 | r:  -504.000000 | e:   1.000000 | Q:        nan | won: False 
#  674 | steps:  7296 | steps_t:     0 | t: 13.146164 | r:  -506.000000 | e:   1.000000 | Q:        nan | won: False 
#  675 | steps:  7306 | steps_t:     0 | t: 13.161925 | r:  -509.000000 | e:   1.000000 | Q:        nan | won: False 
#  676 | steps:  7313 | steps_t:     0 | t: 13.173006 | r:  -506.000000 | e:   1.000000 | Q:        nan | won: False 
#  677 | steps:  7326 | steps_t:     0 | t: 13.190741 | r:  -512.000000 | e:   1.000000 | Q:        nan | won: False 
#  678 | steps:  7339 | steps_t:     0 | t: 13.209264 | r:  -512.000000 | e:   1.000000 | Q:        nan | won: False 
#  679 | steps:  7348 | steps_t:     0 | t: 13.224897 | r:  -508.000000 | e:   1.000000 | Q:        nan | won: False 
#  680 | steps:  7356 | steps_t:     0 | t: 13.237719 | r:  -507.000000 | e:   1.000000 | Q:        nan | won: False 
#  681 | steps:  7377 | steps_t:     0 | t: 13.267498 | r:  -520.000000 | e:   1.000000 | Q:        nan | won: False 
#  682 | steps:  7388 | steps_t:     0 | t: 13.284497 | r:  -510.000000 | e:   1.000000 | Q:        nan | won: False 
#  683 | steps:  7397 | steps_t:     0 | t: 13.298366 | r:  -508.000000 | e:   1.000000 | Q:        nan | won: False 
#  684 | steps:  7430 | steps_t:     0 | t: 13.402323 | r:  -532.000000 | e:   1.000000 | Q:        nan | won: False 
#  685 | steps:  7436 | steps_t:     0 | t: 13.411953 | r:  -505.000000 | e:   1.000000 | Q:        nan | won: False 
#  686 | steps:  7448 | steps_t:     0 | t: 13.426667 | r:  -511.000000 | e:   1.000000 | Q:        nan | won: False 
#  687 | steps:  7457 | steps_t:     0 | t: 13.440682 | r:  -508.000000 | e:   1.000000 | Q:        nan | won: False 
#  688 | steps:  7470 | steps_t:     0 | t: 13.458997 | r:  -512.000000 | e:   1.000000 | Q:        nan | won: False 
#  689 | steps:  7476 | steps_t:     0 | t: 13.467563 | r:  -505.000000 | e:   1.000000 | Q:        nan | won: False 
#  690 | steps:  7487 | steps_t:     0 | t: 13.481565 | r:  -510.000000 | e:   1.000000 | Q:        nan | won: False 
#  691 | steps:  7496 | steps_t:     0 | t: 13.493622 | r:  -508.000000 | e:   1.000000 | Q:        nan | won: False 
#  692 | steps:  7517 | steps_t:     0 | t: 13.521998 | r:  -520.000000 | e:   1.000000 | Q:        nan | won: False 
#  693 | steps:  7526 | steps_t:     0 | t: 13.534398 | r:  -508.000000 | e:   1.000000 | Q:        nan | won: False 
#  694 | steps:  7537 | steps_t:     0 | t: 13.551469 | r:  -510.000000 | e:   1.000000 | Q:        nan | won: False 
#  695 | steps:  7545 | steps_t:     0 | t: 13.562490 | r:  -507.000000 | e:   1.000000 | Q:        nan | won: False 
#  696 | steps:  7561 | steps_t:     0 | t: 13.589155 | r:  -515.000000 | e:   1.000000 | Q:        nan | won: False 
#  697 | steps:  7570 | steps_t:     0 | t: 13.601378 | r:  -508.000000 | e:   1.000000 | Q:        nan | won: False 
#  698 | steps:  7578 | steps_t:     0 | t: 13.615271 | r:  -507.000000 | e:   1.000000 | Q:        nan | won: False 
#  699 | steps:  7587 | steps_t:     0 | t: 13.627056 | r:  -508.000000 | e:   1.000000 | Q:        nan | won: False 
#  700 | steps:  7594 | steps_t:     0 | t: 13.636661 | r:  -506.000000 | e:   1.000000 | Q:        nan | won: False 
#  701 | steps:  7606 | steps_t:     0 | t: 13.719863 | r:  -511.000000 | e:   1.000000 | Q:        nan | won: False 
#  702 | steps:  7616 | steps_t:     0 | t: 13.732666 | r:  -509.000000 | e:   1.000000 | Q:        nan | won: False 
#  703 | steps:  7636 | steps_t:     0 | t: 13.759719 | r:  -508.000000 | e:   1.000000 | Q:        nan | won: False 
#  704 | steps:  7644 | steps_t:     0 | t: 13.771120 | r:  -507.000000 | e:   1.000000 | Q:        nan | won: False 
#  705 | steps:  7662 | steps_t:     0 | t: 13.796649 | r:  -517.000000 | e:   1.000000 | Q:        nan | won: False 
#  706 | steps:  7680 | steps_t:     0 | t: 13.821370 | r:  -506.000000 | e:   1.000000 | Q:        nan | won: False 
#  707 | steps:  7694 | steps_t:     0 | t: 13.839427 | r:  -513.000000 | e:   1.000000 | Q:        nan | won: False 
#  708 | steps:  7700 | steps_t:     0 | t: 13.849717 | r:  -505.000000 | e:   1.000000 | Q:        nan | won: False 
#  709 | steps:  7709 | steps_t:     0 | t: 13.863832 | r:  -508.000000 | e:   1.000000 | Q:        nan | won: False 
#  710 | steps:  7726 | steps_t:     0 | t: 13.887097 | r:  -505.000000 | e:   1.000000 | Q:        nan | won: False 
#  711 | steps:  7735 | steps_t:     0 | t: 13.899660 | r:  -508.000000 | e:   1.000000 | Q:        nan | won: False 
#  712 | steps:  7743 | steps_t:     0 | t: 13.910985 | r:  -507.000000 | e:   1.000000 | Q:        nan | won: False 
#  713 | steps:  7750 | steps_t:     0 | t: 13.923769 | r:  -506.000000 | e:   1.000000 | Q:        nan | won: False 
#  714 | steps:  7763 | steps_t:     0 | t: 13.941204 | r:  -501.000000 | e:   1.000000 | Q:        nan | won: False 
#  715 | steps:  7770 | steps_t:     0 | t: 13.952973 | r:  -506.000000 | e:   1.000000 | Q:        nan | won: False 
#  716 | steps:  7778 | steps_t:     0 | t: 13.964901 | r:  -507.000000 | e:   1.000000 | Q:        nan | won: False 
#  717 | steps:  7785 | steps_t:     0 | t: 13.975040 | r:  -506.000000 | e:   1.000000 | Q:        nan | won: False 
#  718 | steps:  7794 | steps_t:     0 | t: 13.989655 | r:  -508.000000 | e:   1.000000 | Q:        nan | won: False 
#  719 | steps:  7834 | steps_t:     0 | t: 14.104508 | r:  -539.000000 | e:   1.000000 | Q:        nan | won: False 
#  720 | steps:  7844 | steps_t:     0 | t: 14.117394 | r:  -509.000000 | e:   1.000000 | Q:        nan | won: False 
#  721 | steps:  7857 | steps_t:     0 | t: 14.134783 | r:  -512.000000 | e:   1.000000 | Q:        nan | won: False 
#  722 | steps:  7871 | steps_t:     0 | t: 14.162165 | r:  -491.000000 | e:   1.000000 | Q:        nan | won: False 
#  723 | steps:  7879 | steps_t:     0 | t: 14.177979 | r:  -507.000000 | e:   1.000000 | Q:        nan | won: False 
#  724 | steps:  7886 | steps_t:     0 | t: 14.191195 | r:  -506.000000 | e:   1.000000 | Q:        nan | won: False 
#  725 | steps:  7891 | steps_t:     0 | t: 14.201154 | r:  -504.000000 | e:   1.000000 | Q:        nan | won: False 
#  726 | steps:  7907 | steps_t:     0 | t: 14.225168 | r:  -515.000000 | e:   1.000000 | Q:        nan | won: False 
#  727 | steps:  7913 | steps_t:     0 | t: 14.234322 | r:  -505.000000 | e:   1.000000 | Q:        nan | won: False 
#  728 | steps:  7926 | steps_t:     0 | t: 14.251453 | r:  -512.000000 | e:   1.000000 | Q:        nan | won: False 
#  729 | steps:  7936 | steps_t:     0 | t: 14.268703 | r:  -509.000000 | e:   1.000000 | Q:        nan | won: False 
#  730 | steps:  7941 | steps_t:     0 | t: 14.277170 | r:  -504.000000 | e:   1.000000 | Q:        nan | won: False 
#  731 | steps:  7951 | steps_t:     0 | t: 14.291519 | r:  -509.000000 | e:   1.000000 | Q:        nan | won: False 
#  732 | steps:  7958 | steps_t:     0 | t: 14.301470 | r:  -506.000000 | e:   1.000000 | Q:        nan | won: False 
#  733 | steps:  7967 | steps_t:     0 | t: 14.317145 | r:  -508.000000 | e:   1.000000 | Q:        nan | won: False 
#  734 | steps:  7991 | steps_t:     0 | t: 14.350127 | r:  -523.000000 | e:   1.000000 | Q:        nan | won: False 
#  735 | steps:  7997 | steps_t:     0 | t: 14.359442 | r:  -505.000000 | e:   1.000000 | Q:        nan | won: False 
#  736 | steps:  8008 | steps_t:     0 | t: 14.444343 | r:  -510.000000 | e:   1.000000 | Q:        nan | won: False 
#  737 | steps:  8015 | steps_t:     0 | t: 14.453789 | r:  -506.000000 | e:   1.000000 | Q:        nan | won: False 
#  738 | steps:  8027 | steps_t:     0 | t: 14.474637 | r:  -511.000000 | e:   1.000000 | Q:        nan | won: False 
#  739 | steps:  8049 | steps_t:     0 | t: 14.518141 | r:  -521.000000 | e:   1.000000 | Q:        nan | won: False 
#  740 | steps:  8077 | steps_t:     0 | t: 14.572444 | r:  -516.000000 | e:   1.000000 | Q:        nan | won: False 
#  741 | steps:  8092 | steps_t:     0 | t: 14.598427 | r:  -514.000000 | e:   1.000000 | Q:        nan | won: False 
#  742 | steps:  8108 | steps_t:     0 | t: 14.618694 | r:  -515.000000 | e:   1.000000 | Q:        nan | won: False 
#  743 | steps:  8116 | steps_t:     0 | t: 14.630410 | r:  -507.000000 | e:   1.000000 | Q:        nan | won: False 
#  744 | steps:  8122 | steps_t:     0 | t: 14.640715 | r:  -505.000000 | e:   1.000000 | Q:        nan | won: False 
#  745 | steps:  8129 | steps_t:     0 | t: 14.651970 | r:  -506.000000 | e:   1.000000 | Q:        nan | won: False 
#  746 | steps:  8144 | steps_t:     0 | t: 14.671898 | r:  -492.000000 | e:   1.000000 | Q:        nan | won: False 
#  747 | steps:  8166 | steps_t:     0 | t: 14.703060 | r:  -521.000000 | e:   1.000000 | Q:        nan | won: False 
#  748 | steps:  8187 | steps_t:     0 | t: 14.738784 | r:  -520.000000 | e:   1.000000 | Q:        nan | won: False 
#  749 | steps:  8200 | steps_t:     0 | t: 14.761209 | r:  -512.000000 | e:   1.000000 | Q:        nan | won: False 
#  750 | steps:  8212 | steps_t:     0 | t: 14.780010 | r:  -511.000000 | e:   1.000000 | Q:        nan | won: False 
#  751 | steps:  8233 | steps_t:     0 | t: 14.818859 | r:  -520.000000 | e:   1.000000 | Q:        nan | won: False 
#  752 | steps:  8242 | steps_t:     0 | t: 14.837070 | r:  -508.000000 | e:   1.000000 | Q:        nan | won: False 
#  753 | steps:  8252 | steps_t:     0 | t: 14.855372 | r:  -509.000000 | e:   1.000000 | Q:        nan | won: False 
#  754 | steps:  8263 | steps_t:     0 | t: 14.877804 | r:  -510.000000 | e:   1.000000 | Q:        nan | won: False 
#  755 | steps:  8273 | steps_t:     0 | t: 14.897306 | r:  -509.000000 | e:   1.000000 | Q:        nan | won: False 
#  756 | steps:  8282 | steps_t:     0 | t: 14.915614 | r:  -508.000000 | e:   1.000000 | Q:        nan | won: False 
#  757 | steps:  8292 | steps_t:     0 | t: 14.932074 | r:  -509.000000 | e:   1.000000 | Q:        nan | won: False 
#  758 | steps:  8303 | steps_t:     0 | t: 14.948198 | r:  -510.000000 | e:   1.000000 | Q:        nan | won: False 
#  759 | steps:  8323 | steps_t:     0 | t: 14.973494 | r:  -508.000000 | e:   1.000000 | Q:        nan | won: False 
#  760 | steps:  8331 | steps_t:     0 | t: 14.987203 | r:  -507.000000 | e:   1.000000 | Q:        nan | won: False 
#  761 | steps:  8341 | steps_t:     0 | t: 15.001476 | r:  -509.000000 | e:   1.000000 | Q:        nan | won: False 
#  762 | steps:  8379 | steps_t:     0 | t: 15.061875 | r:  -537.000000 | e:   1.000000 | Q:        nan | won: False 
#  763 | steps:  8385 | steps_t:     0 | t: 15.071959 | r:  -505.000000 | e:   1.000000 | Q:        nan | won: False 
#  764 | steps:  8392 | steps_t:     0 | t: 15.088103 | r:  -506.000000 | e:   1.000000 | Q:        nan | won: False 
#  765 | steps:  8398 | steps_t:     0 | t: 15.101228 | r:  -505.000000 | e:   1.000000 | Q:        nan | won: False 
